#
# There is insufficient memory for the Java Runtime Environment to continue.
# Native memory allocation (mmap) failed to map 122683392 bytes. Error detail: G1 virtual space
# Possible reasons:
#   The system is out of physical RAM or swap space
#   This process is running with CompressedOops enabled, and the Java Heap may be blocking the growth of the native heap
# Possible solutions:
#   Reduce memory load on the system
#   Increase physical memory or swap space
#   Check if swap backing store is full
#   Decrease Java heap size (-Xmx/-Xms)
#   Decrease number of Java threads
#   Decrease Java thread stack sizes (-Xss)
#   Set larger code cache with -XX:ReservedCodeCacheSize=
#   JVM is running with Unscaled Compressed Oops mode in which the Java heap is
#     placed in the first 4GB address space. The Java Heap base address is the
#     maximum limit for the native heap growth. Please use -XX:HeapBaseMinAddress
#     to set the Java Heap base and to place the Java Heap above 4GB virtual address.
# This output file may be truncated or incomplete.
#
#  Out of Memory Error (os_windows.cpp:3825), pid=2900, tid=872
#
# JRE version: OpenJDK Runtime Environment (17.0.11) (build 17.0.11+0--11852314)
# Java VM: OpenJDK 64-Bit Server VM (17.0.11+0--11852314, mixed mode, tiered, compressed oops, compressed class ptrs, g1 gc, windows-amd64)
# No core dump will be written. Minidumps are not enabled by default on client versions of Windows
#

---------------  S U M M A R Y ------------

Command Line: org.jetbrains.kotlin.cli.jvm.K2JVMCompiler @C:\Users\yahaira\AndroidStudioProjects\Prueba1\app\build\20240906_11942707223636931650.compiler.options

Host: AMD Ryzen 3 3200U with Radeon Vega Mobile Gfx  , 4 cores, 5G,  Windows 10 , 64 bit Build 19041 (10.0.19041.928)
Time: Fri Sep  6 22:54:19 2024 Hora de verano central (México) elapsed time: 9.937344 seconds (0d 0h 0m 9s)

---------------  T H R E A D  ---------------

Current thread (0x000002017fc2a110):  VMThread "VM Thread" [stack: 0x00000001eb900000,0x00000001eba00000] [id=872]

Stack: [0x00000001eb900000,0x00000001eba00000]
Native frames: (J=compiled Java code, j=interpreted, Vv=VM code, C=native code)
V  [jvm.dll+0x687bb9]
V  [jvm.dll+0x84142a]
V  [jvm.dll+0x8430ae]
V  [jvm.dll+0x843713]
V  [jvm.dll+0x24a35f]
V  [jvm.dll+0x684989]
V  [jvm.dll+0x67923a]
V  [jvm.dll+0x30af0b]
V  [jvm.dll+0x3123b6]
V  [jvm.dll+0x361dfe]
V  [jvm.dll+0x36202f]
V  [jvm.dll+0x2e0d38]
V  [jvm.dll+0x2df144]
V  [jvm.dll+0x2de74c]
V  [jvm.dll+0x32305b]
V  [jvm.dll+0x847e0b]
V  [jvm.dll+0x848b42]
V  [jvm.dll+0x84905d]
V  [jvm.dll+0x849434]
V  [jvm.dll+0x849500]
V  [jvm.dll+0x7efa4a]
V  [jvm.dll+0x686a35]
C  [ucrtbase.dll+0x21bb2]
C  [KERNEL32.DLL+0x17034]
C  [ntdll.dll+0x52651]

VM_Operation (0x00000001eb3faae0): G1CollectForAllocation, mode: safepoint, requested by thread 0x000002017ed848d0


---------------  P R O C E S S  ---------------

Threads class SMR info:
_java_thread_list=0x00000201175ceac0, length=12, elements={
0x000002017ed848d0, 0x000002017fc50a30, 0x000002017fc51a40, 0x000002017fc75a30,
0x000002017fc76400, 0x000002017fc76cd0, 0x000002017fc775a0, 0x000002017fc78250,
0x000002011747ac00, 0x000002011747d8d0, 0x00000201175efb60, 0x0000020117606d40
}

Java Threads: ( => current thread )
  0x000002017ed848d0 JavaThread "main" [_thread_blocked, id=6044, stack(0x00000001eb300000,0x00000001eb400000)]
  0x000002017fc50a30 JavaThread "Reference Handler" daemon [_thread_blocked, id=1656, stack(0x00000001eba00000,0x00000001ebb00000)]
  0x000002017fc51a40 JavaThread "Finalizer" daemon [_thread_blocked, id=5484, stack(0x00000001ebb00000,0x00000001ebc00000)]
  0x000002017fc75a30 JavaThread "Signal Dispatcher" daemon [_thread_blocked, id=10092, stack(0x00000001ebc00000,0x00000001ebd00000)]
  0x000002017fc76400 JavaThread "Attach Listener" daemon [_thread_blocked, id=4572, stack(0x00000001ebd00000,0x00000001ebe00000)]
  0x000002017fc76cd0 JavaThread "Service Thread" daemon [_thread_blocked, id=10096, stack(0x00000001ebe00000,0x00000001ebf00000)]
  0x000002017fc775a0 JavaThread "Monitor Deflation Thread" daemon [_thread_blocked, id=8952, stack(0x00000001ebf00000,0x00000001ec000000)]
  0x000002017fc78250 JavaThread "C2 CompilerThread0" daemon [_thread_in_native, id=9356, stack(0x00000001ec000000,0x00000001ec100000)]
  0x000002011747ac00 JavaThread "C1 CompilerThread0" daemon [_thread_blocked, id=8340, stack(0x00000001ec100000,0x00000001ec200000)]
  0x000002011747d8d0 JavaThread "Sweeper thread" daemon [_thread_blocked, id=8712, stack(0x00000001ec200000,0x00000001ec300000)]
  0x00000201175efb60 JavaThread "Notification Thread" daemon [_thread_blocked, id=5168, stack(0x00000001ec300000,0x00000001ec400000)]
  0x0000020117606d40 JavaThread "Common-Cleaner" daemon [_thread_blocked, id=9724, stack(0x00000001ec500000,0x00000001ec600000)]

Other Threads:
=>0x000002017fc2a110 VMThread "VM Thread" [stack: 0x00000001eb900000,0x00000001eba00000] [id=872]
  0x00000201175f6870 WatcherThread [stack: 0x00000001ec400000,0x00000001ec500000] [id=7516]
  0x000002017edd0210 GCTaskThread "GC Thread#0" [stack: 0x00000001eb400000,0x00000001eb500000] [id=9928]
  0x000002011c168c30 GCTaskThread "GC Thread#1" [stack: 0x00000001ec600000,0x00000001ec700000] [id=9264]
  0x000002011c1b5a00 GCTaskThread "GC Thread#2" [stack: 0x00000001ec700000,0x00000001ec800000] [id=7900]
  0x000002011c1b5cc0 GCTaskThread "GC Thread#3" [stack: 0x00000001ec800000,0x00000001ec900000] [id=2656]
  0x000002017edde0c0 ConcurrentGCThread "G1 Main Marker" [stack: 0x00000001eb500000,0x00000001eb600000] [id=6824]
  0x000002017edde9f0 ConcurrentGCThread "G1 Conc#0" [stack: 0x00000001eb600000,0x00000001eb700000] [id=10212]
  0x000002017ee44b50 ConcurrentGCThread "G1 Refine#0" [stack: 0x00000001eb700000,0x00000001eb800000] [id=10144]
  0x000002011d2e08b0 ConcurrentGCThread "G1 Refine#1" [stack: 0x00000001ec900000,0x00000001eca00000] [id=2320]
  0x000002011d2e1470 ConcurrentGCThread "G1 Refine#2" [stack: 0x00000001eca00000,0x00000001ecb00000] [id=5460]
  0x000002017ee45490 ConcurrentGCThread "G1 Service" [stack: 0x00000001eb800000,0x00000001eb900000] [id=888]

Threads with active compile tasks:
C2 CompilerThread0     9957 5664       4       org.jetbrains.org.objectweb.asm.ClassReader::readMethod (1061 bytes)

VM state: at safepoint (normal execution)

VM Mutex/Monitor currently owned by a thread:  ([mutex/lock_event])
[0x000002017ed81fe0] Threads_lock - owner thread: 0x000002017fc2a110
[0x000002017ed80cc0] Heap_lock - owner thread: 0x000002017ed848d0

Heap address: 0x00000000a1e00000, size: 1506 MB, Compressed Oops mode: 32-bit

CDS archive(s) not mapped
Compressed class space mapped at: 0x0000000100000000-0x0000000140000000, reserved size: 1073741824
Narrow klass base: 0x0000000000000000, Narrow klass shift: 3, Narrow klass range: 0x140000000

GC Precious Log:
 CPUs: 4 total, 4 available
 Memory: 6020M
 Large Page Support: Disabled
 NUMA Support: Disabled
 Compressed Oops: Enabled (32-bit)
 Heap Region Size: 1M
 Heap Min Capacity: 8M
 Heap Initial Capacity: 96M
 Heap Max Capacity: 1506M
 Pre-touch: Disabled
 Parallel Workers: 4
 Concurrent Workers: 1
 Concurrent Refinement Workers: 4
 Periodic GC: Disabled

Heap:
 garbage-first heap   total 98304K, used 41447K [0x00000000a1e00000, 0x0000000100000000)
  region size 1024K, 3 young (3072K), 3 survivors (3072K)
 Metaspace       used 54900K, committed 55168K, reserved 1114112K
  class space    used 6509K, committed 6592K, reserved 1048576K

Heap Regions: E=young(eden), S=young(survivor), O=old, HS=humongous(starts), HC=humongous(continues), CS=collection set, F=free, OA=open archive, CA=closed archive, TAMS=top-at-mark-start (previous, next)
|   0|0x00000000a1e00000, 0x00000000a1f00000, 0x00000000a1f00000|100%|HS|  |TAMS 0x00000000a1f00000, 0x00000000a1f00000| Complete 
|   1|0x00000000a1f00000, 0x00000000a2000000, 0x00000000a2000000|100%|HC|  |TAMS 0x00000000a2000000, 0x00000000a2000000| Complete 
|   2|0x00000000a2000000, 0x00000000a2100000, 0x00000000a2100000|100%|HC|  |TAMS 0x00000000a2100000, 0x00000000a2100000| Complete 
|   3|0x00000000a2100000, 0x00000000a2200000, 0x00000000a2200000|100%|HC|  |TAMS 0x00000000a2200000, 0x00000000a2200000| Complete 
|   4|0x00000000a2200000, 0x00000000a2300000, 0x00000000a2300000|100%| O|  |TAMS 0x00000000a2300000, 0x00000000a2300000| Untracked 
|   5|0x00000000a2300000, 0x00000000a2400000, 0x00000000a2400000|100%| O|  |TAMS 0x00000000a2400000, 0x00000000a2400000| Untracked 
|   6|0x00000000a2400000, 0x00000000a2500000, 0x00000000a2500000|100%| O|  |TAMS 0x00000000a2500000, 0x00000000a2500000| Untracked 
|   7|0x00000000a2500000, 0x00000000a2600000, 0x00000000a2600000|100%| O|  |TAMS 0x00000000a2600000, 0x00000000a2600000| Untracked 
|   8|0x00000000a2600000, 0x00000000a2700000, 0x00000000a2700000|100%| O|  |TAMS 0x00000000a2700000, 0x00000000a2700000| Untracked 
|   9|0x00000000a2700000, 0x00000000a2800000, 0x00000000a2800000|100%| O|  |TAMS 0x00000000a2700000, 0x00000000a2800000| Untracked 
|  10|0x00000000a2800000, 0x00000000a2800000, 0x00000000a2900000|  0%| F|  |TAMS 0x00000000a2800000, 0x00000000a2800000| Untracked 
|  11|0x00000000a2900000, 0x00000000a2a00000, 0x00000000a2a00000|100%| O|  |TAMS 0x00000000a2a00000, 0x00000000a2a00000| Untracked 
|  12|0x00000000a2a00000, 0x00000000a2b00000, 0x00000000a2b00000|100%| O|  |TAMS 0x00000000a2b00000, 0x00000000a2b00000| Untracked 
|  13|0x00000000a2b00000, 0x00000000a2c00000, 0x00000000a2c00000|100%| O|  |TAMS 0x00000000a2c00000, 0x00000000a2c00000| Untracked 
|  14|0x00000000a2c00000, 0x00000000a2d00000, 0x00000000a2d00000|100%| O|  |TAMS 0x00000000a2d00000, 0x00000000a2d00000| Untracked 
|  15|0x00000000a2d00000, 0x00000000a2e00000, 0x00000000a2e00000|100%| O|  |TAMS 0x00000000a2e00000, 0x00000000a2e00000| Untracked 
|  16|0x00000000a2e00000, 0x00000000a2f00000, 0x00000000a2f00000|100%| O|  |TAMS 0x00000000a2f00000, 0x00000000a2f00000| Untracked 
|  17|0x00000000a2f00000, 0x00000000a3000000, 0x00000000a3000000|100%| O|  |TAMS 0x00000000a3000000, 0x00000000a3000000| Untracked 
|  18|0x00000000a3000000, 0x00000000a3100000, 0x00000000a3100000|100%| O|  |TAMS 0x00000000a3100000, 0x00000000a3100000| Untracked 
|  19|0x00000000a3100000, 0x00000000a3200000, 0x00000000a3200000|100%| O|  |TAMS 0x00000000a3200000, 0x00000000a3200000| Untracked 
|  20|0x00000000a3200000, 0x00000000a3300000, 0x00000000a3300000|100%| O|  |TAMS 0x00000000a3200000, 0x00000000a3300000| Untracked 
|  21|0x00000000a3300000, 0x00000000a3400000, 0x00000000a3400000|100%| O|  |TAMS 0x00000000a3400000, 0x00000000a3400000| Untracked 
|  22|0x00000000a3400000, 0x00000000a3500000, 0x00000000a3500000|100%|HS|  |TAMS 0x00000000a3500000, 0x00000000a3500000| Complete 
|  23|0x00000000a3500000, 0x00000000a3600000, 0x00000000a3600000|100%|HC|  |TAMS 0x00000000a3600000, 0x00000000a3600000| Complete 
|  24|0x00000000a3600000, 0x00000000a3700000, 0x00000000a3700000|100%| O|  |TAMS 0x00000000a3700000, 0x00000000a3700000| Untracked 
|  25|0x00000000a3700000, 0x00000000a3800000, 0x00000000a3800000|100%| O|  |TAMS 0x00000000a3800000, 0x00000000a3800000| Untracked 
|  26|0x00000000a3800000, 0x00000000a3900000, 0x00000000a3900000|100%| O|  |TAMS 0x00000000a3900000, 0x00000000a3900000| Untracked 
|  27|0x00000000a3900000, 0x00000000a3a00000, 0x00000000a3a00000|100%| O|  |TAMS 0x00000000a3a00000, 0x00000000a3a00000| Untracked 
|  28|0x00000000a3a00000, 0x00000000a3b00000, 0x00000000a3b00000|100%| O|  |TAMS 0x00000000a3b00000, 0x00000000a3b00000| Untracked 
|  29|0x00000000a3b00000, 0x00000000a3c00000, 0x00000000a3c00000|100%| O|  |TAMS 0x00000000a3c00000, 0x00000000a3c00000| Untracked 
|  30|0x00000000a3c00000, 0x00000000a3d00000, 0x00000000a3d00000|100%| O|  |TAMS 0x00000000a3d00000, 0x00000000a3d00000| Untracked 
|  31|0x00000000a3d00000, 0x00000000a3e00000, 0x00000000a3e00000|100%| O|  |TAMS 0x00000000a3e00000, 0x00000000a3e00000| Untracked 
|  32|0x00000000a3e00000, 0x00000000a3f00000, 0x00000000a3f00000|100%| O|  |TAMS 0x00000000a3f00000, 0x00000000a3f00000| Untracked 
|  33|0x00000000a3f00000, 0x00000000a4000000, 0x00000000a4000000|100%| O|  |TAMS 0x00000000a4000000, 0x00000000a4000000| Untracked 
|  34|0x00000000a4000000, 0x00000000a4100000, 0x00000000a4100000|100%| O|  |TAMS 0x00000000a40bc600, 0x00000000a4100000| Untracked 
|  35|0x00000000a4100000, 0x00000000a4200000, 0x00000000a4200000|100%| O|  |TAMS 0x00000000a4100000, 0x00000000a4200000| Untracked 
|  36|0x00000000a4200000, 0x00000000a4300000, 0x00000000a4300000|100%| O|  |TAMS 0x00000000a4200000, 0x00000000a4300000| Untracked 
|  37|0x00000000a4300000, 0x00000000a4400000, 0x00000000a4400000|100%| O|  |TAMS 0x00000000a4300000, 0x00000000a4400000| Untracked 
|  38|0x00000000a4400000, 0x00000000a44f9800, 0x00000000a4500000| 97%| O|  |TAMS 0x00000000a4400000, 0x00000000a44f9800| Untracked 
|  39|0x00000000a4500000, 0x00000000a4500000, 0x00000000a4600000|  0%| F|  |TAMS 0x00000000a4500000, 0x00000000a4500000| Untracked 
|  40|0x00000000a4600000, 0x00000000a4600000, 0x00000000a4700000|  0%| F|  |TAMS 0x00000000a4600000, 0x00000000a4600000| Untracked 
|  41|0x00000000a4700000, 0x00000000a4700000, 0x00000000a4800000|  0%| F|  |TAMS 0x00000000a4700000, 0x00000000a4700000| Untracked 
|  42|0x00000000a4800000, 0x00000000a4800000, 0x00000000a4900000|  0%| F|  |TAMS 0x00000000a4800000, 0x00000000a4800000| Untracked 
|  43|0x00000000a4900000, 0x00000000a4900000, 0x00000000a4a00000|  0%| F|  |TAMS 0x00000000a4900000, 0x00000000a4900000| Untracked 
|  44|0x00000000a4a00000, 0x00000000a4a00000, 0x00000000a4b00000|  0%| F|  |TAMS 0x00000000a4a00000, 0x00000000a4a00000| Untracked 
|  45|0x00000000a4b00000, 0x00000000a4b00000, 0x00000000a4c00000|  0%| F|  |TAMS 0x00000000a4b00000, 0x00000000a4b00000| Untracked 
|  46|0x00000000a4c00000, 0x00000000a4c00000, 0x00000000a4d00000|  0%| F|  |TAMS 0x00000000a4c00000, 0x00000000a4c00000| Untracked 
|  47|0x00000000a4d00000, 0x00000000a4d00000, 0x00000000a4e00000|  0%| F|  |TAMS 0x00000000a4d00000, 0x00000000a4d00000| Untracked 
|  48|0x00000000a4e00000, 0x00000000a4e00000, 0x00000000a4f00000|  0%| F|  |TAMS 0x00000000a4e00000, 0x00000000a4e00000| Untracked 
|  49|0x00000000a4f00000, 0x00000000a4f00000, 0x00000000a5000000|  0%| F|  |TAMS 0x00000000a4f00000, 0x00000000a4f00000| Untracked 
|  50|0x00000000a5000000, 0x00000000a5080740, 0x00000000a5100000| 50%| S|CS|TAMS 0x00000000a5000000, 0x00000000a5000000| Complete 
|  51|0x00000000a5100000, 0x00000000a5200000, 0x00000000a5200000|100%| S|CS|TAMS 0x00000000a5100000, 0x00000000a5100000| Complete 
|  52|0x00000000a5200000, 0x00000000a5300000, 0x00000000a5300000|100%| S|CS|TAMS 0x00000000a5200000, 0x00000000a5200000| Complete 
|  53|0x00000000a5300000, 0x00000000a5300000, 0x00000000a5400000|  0%| F|  |TAMS 0x00000000a5300000, 0x00000000a5300000| Untracked 
|  54|0x00000000a5400000, 0x00000000a5400000, 0x00000000a5500000|  0%| F|  |TAMS 0x00000000a5400000, 0x00000000a5400000| Untracked 
|  55|0x00000000a5500000, 0x00000000a5500000, 0x00000000a5600000|  0%| F|  |TAMS 0x00000000a5500000, 0x00000000a5500000| Untracked 
|  56|0x00000000a5600000, 0x00000000a5600000, 0x00000000a5700000|  0%| F|  |TAMS 0x00000000a5600000, 0x00000000a5600000| Untracked 
|  57|0x00000000a5700000, 0x00000000a5700000, 0x00000000a5800000|  0%| F|  |TAMS 0x00000000a5700000, 0x00000000a5700000| Untracked 
|  58|0x00000000a5800000, 0x00000000a5800000, 0x00000000a5900000|  0%| F|  |TAMS 0x00000000a5800000, 0x00000000a5800000| Untracked 
|  59|0x00000000a5900000, 0x00000000a5900000, 0x00000000a5a00000|  0%| F|  |TAMS 0x00000000a5900000, 0x00000000a5900000| Untracked 
|  60|0x00000000a5a00000, 0x00000000a5a00000, 0x00000000a5b00000|  0%| F|  |TAMS 0x00000000a5a00000, 0x00000000a5a00000| Untracked 
|  61|0x00000000a5b00000, 0x00000000a5b00000, 0x00000000a5c00000|  0%| F|  |TAMS 0x00000000a5b00000, 0x00000000a5b00000| Untracked 
|  62|0x00000000a5c00000, 0x00000000a5c00000, 0x00000000a5d00000|  0%| F|  |TAMS 0x00000000a5c00000, 0x00000000a5c00000| Untracked 
|  63|0x00000000a5d00000, 0x00000000a5d00000, 0x00000000a5e00000|  0%| F|  |TAMS 0x00000000a5d00000, 0x00000000a5d00000| Untracked 
|  64|0x00000000a5e00000, 0x00000000a5e00000, 0x00000000a5f00000|  0%| F|  |TAMS 0x00000000a5e00000, 0x00000000a5e00000| Untracked 
|  65|0x00000000a5f00000, 0x00000000a5f00000, 0x00000000a6000000|  0%| F|  |TAMS 0x00000000a5f00000, 0x00000000a5f00000| Untracked 
|  66|0x00000000a6000000, 0x00000000a6000000, 0x00000000a6100000|  0%| F|  |TAMS 0x00000000a6000000, 0x00000000a6000000| Untracked 
|  67|0x00000000a6100000, 0x00000000a6100000, 0x00000000a6200000|  0%| F|  |TAMS 0x00000000a6100000, 0x00000000a6100000| Untracked 
|  68|0x00000000a6200000, 0x00000000a6200000, 0x00000000a6300000|  0%| F|  |TAMS 0x00000000a6200000, 0x00000000a6200000| Untracked 
|  69|0x00000000a6300000, 0x00000000a6300000, 0x00000000a6400000|  0%| F|  |TAMS 0x00000000a6300000, 0x00000000a6300000| Untracked 
|  70|0x00000000a6400000, 0x00000000a6400000, 0x00000000a6500000|  0%| F|  |TAMS 0x00000000a6400000, 0x00000000a6400000| Untracked 
|  71|0x00000000a6500000, 0x00000000a6500000, 0x00000000a6600000|  0%| F|  |TAMS 0x00000000a6500000, 0x00000000a6500000| Untracked 
|  72|0x00000000a6600000, 0x00000000a6600000, 0x00000000a6700000|  0%| F|  |TAMS 0x00000000a6600000, 0x00000000a6600000| Untracked 
|  73|0x00000000a6700000, 0x00000000a6700000, 0x00000000a6800000|  0%| F|  |TAMS 0x00000000a6700000, 0x00000000a6700000| Untracked 
|  74|0x00000000a6800000, 0x00000000a6800000, 0x00000000a6900000|  0%| F|  |TAMS 0x00000000a6800000, 0x00000000a6800000| Untracked 
|  75|0x00000000a6900000, 0x00000000a6900000, 0x00000000a6a00000|  0%| F|  |TAMS 0x00000000a6900000, 0x00000000a6900000| Untracked 
|  76|0x00000000a6a00000, 0x00000000a6a00000, 0x00000000a6b00000|  0%| F|  |TAMS 0x00000000a6a00000, 0x00000000a6a00000| Untracked 
|  77|0x00000000a6b00000, 0x00000000a6b00000, 0x00000000a6c00000|  0%| F|  |TAMS 0x00000000a6b00000, 0x00000000a6b00000| Untracked 
|  78|0x00000000a6c00000, 0x00000000a6c00000, 0x00000000a6d00000|  0%| F|  |TAMS 0x00000000a6c00000, 0x00000000a6c00000| Untracked 
|  79|0x00000000a6d00000, 0x00000000a6d00000, 0x00000000a6e00000|  0%| F|  |TAMS 0x00000000a6d00000, 0x00000000a6d00000| Untracked 
|  80|0x00000000a6e00000, 0x00000000a6e00000, 0x00000000a6f00000|  0%| F|  |TAMS 0x00000000a6e00000, 0x00000000a6e00000| Untracked 
|  81|0x00000000a6f00000, 0x00000000a6f00000, 0x00000000a7000000|  0%| F|  |TAMS 0x00000000a6f00000, 0x00000000a6f00000| Untracked 
|  82|0x00000000a7000000, 0x00000000a7000000, 0x00000000a7100000|  0%| F|  |TAMS 0x00000000a7000000, 0x00000000a7000000| Untracked 
|  83|0x00000000a7100000, 0x00000000a7100000, 0x00000000a7200000|  0%| F|  |TAMS 0x00000000a7100000, 0x00000000a7100000| Untracked 
|  84|0x00000000a7200000, 0x00000000a7200000, 0x00000000a7300000|  0%| F|  |TAMS 0x00000000a7200000, 0x00000000a7200000| Untracked 
|  85|0x00000000a7300000, 0x00000000a7300000, 0x00000000a7400000|  0%| F|  |TAMS 0x00000000a7300000, 0x00000000a7300000| Untracked 
|  86|0x00000000a7400000, 0x00000000a7400000, 0x00000000a7500000|  0%| F|  |TAMS 0x00000000a7400000, 0x00000000a7400000| Untracked 
|  87|0x00000000a7500000, 0x00000000a7500000, 0x00000000a7600000|  0%| F|  |TAMS 0x00000000a7500000, 0x00000000a7500000| Untracked 
|  88|0x00000000a7600000, 0x00000000a7600000, 0x00000000a7700000|  0%| F|  |TAMS 0x00000000a7600000, 0x00000000a7600000| Untracked 
|  89|0x00000000a7700000, 0x00000000a7700000, 0x00000000a7800000|  0%| F|  |TAMS 0x00000000a7700000, 0x00000000a7700000| Untracked 
|  90|0x00000000a7800000, 0x00000000a7800000, 0x00000000a7900000|  0%| F|  |TAMS 0x00000000a7800000, 0x00000000a7800000| Untracked 
|  91|0x00000000a7900000, 0x00000000a7900000, 0x00000000a7a00000|  0%| F|  |TAMS 0x00000000a7900000, 0x00000000a7900000| Untracked 
|  92|0x00000000a7a00000, 0x00000000a7a00000, 0x00000000a7b00000|  0%| F|  |TAMS 0x00000000a7a00000, 0x00000000a7a00000| Untracked 
|  93|0x00000000a7b00000, 0x00000000a7b00000, 0x00000000a7c00000|  0%| F|  |TAMS 0x00000000a7b00000, 0x00000000a7b00000| Untracked 
|  94|0x00000000a7c00000, 0x00000000a7c00000, 0x00000000a7d00000|  0%| F|  |TAMS 0x00000000a7c00000, 0x00000000a7c00000| Untracked 
|  95|0x00000000a7d00000, 0x00000000a7d00000, 0x00000000a7e00000|  0%| F|  |TAMS 0x00000000a7d00000, 0x00000000a7d00000| Untracked 

Card table byte_map: [0x000002017f150000,0x000002017f450000] _byte_map_base: 0x000002017ec41000

Marking Bits (Prev, Next): (CMBitMap*) 0x000002017edd1b50, (CMBitMap*) 0x000002017edd1b90
 Prev Bits: [0x0000020112420000, 0x0000020113ba8000)
 Next Bits: [0x0000020113bb0000, 0x0000020115338000)

Polling page: 0x000002017e550000

Metaspace:

Usage:
  Non-class:     47.26 MB used.
      Class:      6.36 MB used.
       Both:     53.61 MB used.

Virtual space:
  Non-class space:       64.00 MB reserved,      47.44 MB ( 74%) committed,  1 nodes.
      Class space:        1.00 GB reserved,       6.44 MB ( <1%) committed,  1 nodes.
             Both:        1.06 GB reserved,      53.88 MB (  5%) committed. 

Chunk freelists:
   Non-Class:  368.00 KB
       Class:  9.52 MB
        Both:  9.88 MB

MaxMetaspaceSize: unlimited
CompressedClassSpaceSize: 1.00 GB
Initial GC threshold: 21.00 MB
Current GC threshold: 86.50 MB
CDS: off
MetaspaceReclaimPolicy: balanced
 - commit_granule_bytes: 65536.
 - commit_granule_words: 8192.
 - virtual_space_node_default_size: 8388608.
 - enlarge_chunks_in_place: 1.
 - new_chunks_are_fully_committed: 0.
 - uncommit_free_chunks: 1.
 - use_allocation_guard: 0.
 - handle_deallocations: 1.


Internal statistics:

num_allocs_failed_limit: 6.
num_arena_births: 212.
num_arena_deaths: 0.
num_vsnodes_births: 2.
num_vsnodes_deaths: 0.
num_space_committed: 860.
num_space_uncommitted: 0.
num_chunks_returned_to_freelist: 6.
num_chunks_taken_from_freelist: 1853.
num_chunk_merges: 6.
num_chunk_splits: 1526.
num_chunks_enlarged: 1373.
num_inconsistent_stats: 0.

CodeHeap 'non-profiled nmethods': size=120000Kb used=2409Kb max_used=2409Kb free=117590Kb
 bounds [0x000002010aef0000, 0x000002010b160000, 0x0000020112420000]
CodeHeap 'profiled nmethods': size=120000Kb used=13207Kb max_used=13207Kb free=106792Kb
 bounds [0x0000020103420000, 0x0000020104110000, 0x000002010a950000]
CodeHeap 'non-nmethods': size=5760Kb used=1289Kb max_used=1336Kb free=4470Kb
 bounds [0x000002010a950000, 0x000002010abc0000, 0x000002010aef0000]
 total_blobs=6271 nmethods=5671 adapters=511
 compilation: enabled
              stopped_count=0, restarted_count=0
 full_count=0

Compilation events (20 events):
Event: 9.906 Thread 0x000002011747ac00 5731       2       java.util.regex.Pattern$Node::<init> (12 bytes)
Event: 9.907 Thread 0x000002011747ac00 nmethod 5731 0x0000020104103f90 code [0x0000020104104120, 0x0000020104104278]
Event: 9.914 Thread 0x000002011747ac00 5732       2       org.jetbrains.kotlin.utils.DFS$AbstractNodeHandler::<init> (5 bytes)
Event: 9.915 Thread 0x000002011747ac00 nmethod 5732 0x0000020104104310 code [0x00000201041044a0, 0x0000020104104598]
Event: 9.915 Thread 0x000002011747ac00 5733       2       org.jetbrains.kotlin.utils.DFS$VisitedWithSet::<init> (12 bytes)
Event: 9.915 Thread 0x000002011747ac00 nmethod 5733 0x0000020104104610 code [0x00000201041047a0, 0x0000020104104a18]
Event: 9.915 Thread 0x000002011747ac00 5734       2       org.jetbrains.kotlin.utils.DFS::dfs (77 bytes)
Event: 9.915 Thread 0x000002011747ac00 nmethod 5734 0x0000020104104b10 code [0x0000020104104d20, 0x0000020104105008]
Event: 9.920 Thread 0x000002011747ac00 5735       1       org.jetbrains.kotlin.resolve.calls.model.ResolvedAtom::getAnalyzed (5 bytes)
Event: 9.920 Thread 0x000002011747ac00 nmethod 5735 0x000002010b149e10 code [0x000002010b149fa0, 0x000002010b14a078]
Event: 9.921 Thread 0x000002011747ac00 5736       2       org.jetbrains.kotlin.resolve.calls.model.DefaultValueArgument::getArguments (12 bytes)
Event: 9.921 Thread 0x000002011747ac00 nmethod 5736 0x0000020104105210 code [0x00000201041053a0, 0x00000201041054b8]
Event: 9.923 Thread 0x000002011747ac00 5737       2       org.jetbrains.kotlin.psi.KtDotQualifiedExpression::getReceiverExpression (31 bytes)
Event: 9.924 Thread 0x000002011747ac00 nmethod 5737 0x0000020104105590 code [0x0000020104105740, 0x00000201041058b8]
Event: 9.924 Thread 0x000002011747ac00 5738       1       org.jetbrains.kotlin.load.kotlin.KotlinJvmBinarySourceElement::getIncompatibility (5 bytes)
Event: 9.924 Thread 0x000002011747ac00 nmethod 5738 0x000002010b14a110 code [0x000002010b14a2a0, 0x000002010b14a378]
Event: 9.924 Thread 0x000002011747ac00 5739       1       org.jetbrains.kotlin.load.kotlin.KotlinJvmBinarySourceElement::isPreReleaseInvisible (5 bytes)
Event: 9.924 Thread 0x000002011747ac00 nmethod 5739 0x000002010b14a410 code [0x000002010b14a5a0, 0x000002010b14a678]
Event: 9.925 Thread 0x000002011747ac00 5740       2       org.jetbrains.kotlin.builtins.KotlinBuiltIns::isPrimitiveClass (22 bytes)
Event: 9.925 Thread 0x000002011747ac00 nmethod 5740 0x0000020104105a10 code [0x0000020104105bc0, 0x0000020104105d18]

GC Heap History (20 events):
Event: 3.873 GC heap after
{Heap after GC invocations=9 (full 0):
 garbage-first heap   total 60416K, used 19403K [0x00000000a1e00000, 0x0000000100000000)
  region size 1024K, 3 young (3072K), 3 survivors (3072K)
 Metaspace       used 35920K, committed 36096K, reserved 1114112K
  class space    used 4565K, committed 4672K, reserved 1048576K
}
Event: 4.348 GC heap before
{Heap before GC invocations=10 (full 0):
 garbage-first heap   total 60416K, used 42955K [0x00000000a1e00000, 0x0000000100000000)
  region size 1024K, 27 young (27648K), 3 survivors (3072K)
 Metaspace       used 40795K, committed 41024K, reserved 1114112K
  class space    used 5021K, committed 5120K, reserved 1048576K
}
Event: 4.356 GC heap after
{Heap after GC invocations=11 (full 0):
 garbage-first heap   total 60416K, used 22095K [0x00000000a1e00000, 0x0000000100000000)
  region size 1024K, 4 young (4096K), 4 survivors (4096K)
 Metaspace       used 40795K, committed 41024K, reserved 1114112K
  class space    used 5021K, committed 5120K, reserved 1048576K
}
Event: 4.900 GC heap before
{Heap before GC invocations=11 (full 0):
 garbage-first heap   total 60416K, used 44623K [0x00000000a1e00000, 0x0000000100000000)
  region size 1024K, 26 young (26624K), 4 survivors (4096K)
 Metaspace       used 46434K, committed 46656K, reserved 1114112K
  class space    used 5701K, committed 5760K, reserved 1048576K
}
Event: 4.911 GC heap after
{Heap after GC invocations=12 (full 0):
 garbage-first heap   total 60416K, used 24502K [0x00000000a1e00000, 0x0000000100000000)
  region size 1024K, 3 young (3072K), 3 survivors (3072K)
 Metaspace       used 46434K, committed 46656K, reserved 1114112K
  class space    used 5701K, committed 5760K, reserved 1048576K
}
Event: 5.363 GC heap before
{Heap before GC invocations=12 (full 0):
 garbage-first heap   total 60416K, used 47030K [0x00000000a1e00000, 0x0000000100000000)
  region size 1024K, 23 young (23552K), 3 survivors (3072K)
 Metaspace       used 49923K, committed 50176K, reserved 1114112K
  class space    used 6088K, committed 6208K, reserved 1048576K
}
Event: 5.375 GC heap after
{Heap after GC invocations=13 (full 0):
 garbage-first heap   total 60416K, used 30380K [0x00000000a1e00000, 0x0000000100000000)
  region size 1024K, 3 young (3072K), 3 survivors (3072K)
 Metaspace       used 49923K, committed 50176K, reserved 1114112K
  class space    used 6088K, committed 6208K, reserved 1048576K
}
Event: 5.874 GC heap before
{Heap before GC invocations=13 (full 0):
 garbage-first heap   total 60416K, used 46764K [0x00000000a1e00000, 0x0000000100000000)
  region size 1024K, 19 young (19456K), 3 survivors (3072K)
 Metaspace       used 52129K, committed 52352K, reserved 1114112K
  class space    used 6270K, committed 6336K, reserved 1048576K
}
Event: 5.888 GC heap after
{Heap after GC invocations=14 (full 0):
 garbage-first heap   total 72704K, used 33328K [0x00000000a1e00000, 0x0000000100000000)
  region size 1024K, 3 young (3072K), 3 survivors (3072K)
 Metaspace       used 52129K, committed 52352K, reserved 1114112K
  class space    used 6270K, committed 6336K, reserved 1048576K
}
Event: 6.242 GC heap before
{Heap before GC invocations=15 (full 0):
 garbage-first heap   total 72704K, used 54832K [0x00000000a1e00000, 0x0000000100000000)
  region size 1024K, 24 young (24576K), 3 survivors (3072K)
 Metaspace       used 52335K, committed 52608K, reserved 1114112K
  class space    used 6280K, committed 6400K, reserved 1048576K
}
Event: 6.252 GC heap after
{Heap after GC invocations=16 (full 0):
 garbage-first heap   total 72704K, used 34814K [0x00000000a1e00000, 0x0000000100000000)
  region size 1024K, 2 young (2048K), 2 survivors (2048K)
 Metaspace       used 52335K, committed 52608K, reserved 1114112K
  class space    used 6280K, committed 6400K, reserved 1048576K
}
Event: 6.258 GC heap before
{Heap before GC invocations=16 (full 0):
 garbage-first heap   total 72704K, used 35838K [0x00000000a1e00000, 0x0000000100000000)
  region size 1024K, 3 young (3072K), 2 survivors (2048K)
 Metaspace       used 52339K, committed 52608K, reserved 1114112K
  class space    used 6280K, committed 6400K, reserved 1048576K
}
Event: 6.264 GC heap after
{Heap after GC invocations=17 (full 0):
 garbage-first heap   total 72704K, used 33864K [0x00000000a1e00000, 0x0000000100000000)
  region size 1024K, 1 young (1024K), 1 survivors (1024K)
 Metaspace       used 52339K, committed 52608K, reserved 1114112K
  class space    used 6280K, committed 6400K, reserved 1048576K
}
Event: 8.130 GC heap before
{Heap before GC invocations=17 (full 0):
 garbage-first heap   total 72704K, used 55368K [0x00000000a1e00000, 0x0000000100000000)
  region size 1024K, 22 young (22528K), 1 survivors (1024K)
 Metaspace       used 52877K, committed 53056K, reserved 1114112K
  class space    used 6302K, committed 6400K, reserved 1048576K
}
Event: 8.146 GC heap after
{Heap after GC invocations=18 (full 0):
 garbage-first heap   total 72704K, used 37084K [0x00000000a1e00000, 0x0000000100000000)
  region size 1024K, 3 young (3072K), 3 survivors (3072K)
 Metaspace       used 52877K, committed 53056K, reserved 1114112K
  class space    used 6302K, committed 6400K, reserved 1048576K
}
Event: 9.319 GC heap before
{Heap before GC invocations=19 (full 0):
 garbage-first heap   total 72704K, used 55516K [0x00000000a1e00000, 0x0000000100000000)
  region size 1024K, 21 young (21504K), 3 survivors (3072K)
 Metaspace       used 54368K, committed 54656K, reserved 1114112K
  class space    used 6460K, committed 6592K, reserved 1048576K
}
Event: 9.334 GC heap after
{Heap after GC invocations=20 (full 0):
 garbage-first heap   total 72704K, used 39891K [0x00000000a1e00000, 0x0000000100000000)
  region size 1024K, 3 young (3072K), 3 survivors (3072K)
 Metaspace       used 54368K, committed 54656K, reserved 1114112K
  class space    used 6460K, committed 6592K, reserved 1048576K
}
Event: 9.339 GC heap before
{Heap before GC invocations=20 (full 0):
 garbage-first heap   total 72704K, used 40915K [0x00000000a1e00000, 0x0000000100000000)
  region size 1024K, 4 young (4096K), 3 survivors (3072K)
 Metaspace       used 54368K, committed 54656K, reserved 1114112K
  class space    used 6460K, committed 6592K, reserved 1048576K
}
Event: 9.351 GC heap after
{Heap after GC invocations=21 (full 0):
 garbage-first heap   total 72704K, used 39317K [0x00000000a1e00000, 0x0000000100000000)
  region size 1024K, 1 young (1024K), 1 survivors (1024K)
 Metaspace       used 54368K, committed 54656K, reserved 1114112K
  class space    used 6460K, committed 6592K, reserved 1048576K
}
Event: 9.927 GC heap before
{Heap before GC invocations=21 (full 0):
 garbage-first heap   total 72704K, used 56725K [0x00000000a1e00000, 0x0000000100000000)
  region size 1024K, 18 young (18432K), 1 survivors (1024K)
 Metaspace       used 54900K, committed 55168K, reserved 1114112K
  class space    used 6509K, committed 6592K, reserved 1048576K
}

Dll operation events (2 events):
Event: 0.015 Loaded shared library C:\Program Files\Android\Android Studio\jbr\bin\java.dll
Event: 2.633 Loaded shared library C:\Program Files\Android\Android Studio\jbr\bin\verify.dll

Deoptimization events (20 events):
Event: 9.685 Thread 0x000002017ed848d0 Uncommon trap: trap_request=0xffffff45 fr.pc=0x000002010b139db8 relative=0x0000000000000998
Event: 9.685 Thread 0x000002017ed848d0 Uncommon trap: reason=unstable_if action=reinterpret pc=0x000002010b139db8 method=gnu.trove.TObjectHash.insertionIndex(Ljava/lang/Object;)I @ 182 c2
Event: 9.685 Thread 0x000002017ed848d0 DEOPT PACKING pc=0x000002010b139db8 sp=0x00000001eb3f8470
Event: 9.685 Thread 0x000002017ed848d0 DEOPT UNPACKING pc=0x000002010a9a69a3 sp=0x00000001eb3f8408 mode 2
Event: 9.731 Thread 0x000002017ed848d0 Uncommon trap: trap_request=0xffffffde fr.pc=0x000002010afc1664 relative=0x0000000000000064
Event: 9.731 Thread 0x000002017ed848d0 Uncommon trap: reason=class_check action=maybe_recompile pc=0x000002010afc1664 method=java.util.Collections$UnmodifiableCollection.size()I @ 4 c2
Event: 9.731 Thread 0x000002017ed848d0 DEOPT PACKING pc=0x000002010afc1664 sp=0x00000001eb3f8d40
Event: 9.731 Thread 0x000002017ed848d0 DEOPT UNPACKING pc=0x000002010a9a69a3 sp=0x00000001eb3f8cc8 mode 2
Event: 9.756 Thread 0x000002017ed848d0 DEOPT PACKING pc=0x0000020103e475a1 sp=0x00000001eb3fa820
Event: 9.756 Thread 0x000002017ed848d0 DEOPT UNPACKING pc=0x000002010a9a7143 sp=0x00000001eb3f9d28 mode 0
Event: 9.786 Thread 0x000002017ed848d0 DEOPT PACKING pc=0x0000020103e475a1 sp=0x00000001eb3faa30
Event: 9.786 Thread 0x000002017ed848d0 DEOPT UNPACKING pc=0x000002010a9a7143 sp=0x00000001eb3f9f38 mode 0
Event: 9.799 Thread 0x000002017ed848d0 DEOPT PACKING pc=0x000002010408d44d sp=0x00000001eb3f9e20
Event: 9.799 Thread 0x000002017ed848d0 DEOPT UNPACKING pc=0x000002010a9a7143 sp=0x00000001eb3f92b0 mode 0
Event: 9.841 Thread 0x000002017ed848d0 DEOPT PACKING pc=0x0000020103e475a1 sp=0x00000001eb3f9f60
Event: 9.841 Thread 0x000002017ed848d0 DEOPT UNPACKING pc=0x000002010a9a7143 sp=0x00000001eb3f9468 mode 0
Event: 9.908 Thread 0x000002017ed848d0 Uncommon trap: trap_request=0xffffff45 fr.pc=0x000002010b04c904 relative=0x0000000000000644
Event: 9.908 Thread 0x000002017ed848d0 Uncommon trap: reason=unstable_if action=reinterpret pc=0x000002010b04c904 method=java.lang.String.replace(CC)Ljava/lang/String; @ 2 c2
Event: 9.908 Thread 0x000002017ed848d0 DEOPT PACKING pc=0x000002010b04c904 sp=0x00000001eb3fb0a0
Event: 9.908 Thread 0x000002017ed848d0 DEOPT UNPACKING pc=0x000002010a9a69a3 sp=0x00000001eb3fb050 mode 2

Classes unloaded (0 events):
No events

Classes redefined (0 events):
No events

Internal exceptions (20 events):
Event: 2.498 Thread 0x000002017ed848d0 Exception <a 'java/lang/NoSuchMethodError'{0x00000000a3c4eb98}: 'void java.lang.invoke.DirectMethodHandle$Holder.invokeStatic(java.lang.Object, java.lang.Object, java.lang.Object, java.lang.Object)'> (0x00000000a3c4eb98) 
thrown [s\src\hotspot\share\interpreter\linkResolver.cpp, line 771]
Event: 2.585 Thread 0x000002017ed848d0 Exception <a 'java/lang/NoSuchMethodError'{0x00000000a3810ae8}: 'void java.lang.invoke.DirectMethodHandle$Holder.invokeStaticInit(java.lang.Object, java.lang.Object)'> (0x00000000a3810ae8) 
thrown [s\src\hotspot\share\interpreter\linkResolver.cpp, line 771]
Event: 2.785 Thread 0x000002017ed848d0 Exception <a 'java/lang/NoSuchMethodError'{0x00000000a339f550}: 'void java.lang.invoke.DirectMethodHandle$Holder.invokeVirtual(java.lang.Object, java.lang.Object)'> (0x00000000a339f550) 
thrown [s\src\hotspot\share\interpreter\linkResolver.cpp, line 771]
Event: 2.801 Thread 0x000002017ed848d0 Exception <a 'java/lang/NoSuchMethodError'{0x00000000a33ea4a0}: 'int java.lang.invoke.DirectMethodHandle$Holder.invokeVirtual(java.lang.Object, java.lang.Object)'> (0x00000000a33ea4a0) 
thrown [s\src\hotspot\share\interpreter\linkResolver.cpp, line 771]
Event: 2.831 Thread 0x000002017ed848d0 Exception <a 'java/lang/NoSuchMethodError'{0x00000000a3282200}: 'java.lang.Object java.lang.invoke.Invokers$Holder.invokeExact_MT(java.lang.Object, java.lang.Object, java.lang.Object, java.lang.Object, java.lang.Object, java.lang.Object)'> (0x00000000a3282200) 
thrown [s\src\hotspot\share\interpreter\linkResolver.cpp, line 771]
Event: 3.364 Thread 0x000002017ed848d0 Implicit null exception at 0x000002010af088f2 to 0x000002010af08ec0
Event: 3.475 Thread 0x000002017ed848d0 Implicit null exception at 0x000002010af0a1f2 to 0x000002010af0a7d0
Event: 3.523 Thread 0x000002017ed848d0 Exception <a 'java/lang/NoSuchMethodError'{0x00000000a3c32628}: 'java.lang.Object java.lang.invoke.DirectMethodHandle$Holder.invokeVirtual(java.lang.Object, java.lang.Object, java.lang.Object)'> (0x00000000a3c32628) 
thrown [s\src\hotspot\share\interpreter\linkResolver.cpp, line 771]
Event: 4.562 Thread 0x000002017ed848d0 Exception <a 'java/lang/NoSuchMethodError'{0x00000000a504b4a8}: 'java.lang.Object java.lang.invoke.DirectMethodHandle$Holder.newInvokeSpecial(java.lang.Object, java.lang.Object, int)'> (0x00000000a504b4a8) 
thrown [s\src\hotspot\share\interpreter\linkResolver.cpp, line 771]
Event: 4.587 Thread 0x000002017ed848d0 Implicit null exception at 0x000002010b0027cc to 0x000002010b0028a8
Event: 4.640 Thread 0x000002017ed848d0 Exception <a 'java/lang/NoSuchMethodError'{0x00000000a4e03078}: 'java.lang.Object java.lang.invoke.DirectMethodHandle$Holder.newInvokeSpecial(java.lang.Object, java.lang.Object, java.lang.Object, int)'> (0x00000000a4e03078) 
thrown [s\src\hotspot\share\interpreter\linkResolver.cpp, line 771]
Event: 4.640 Thread 0x000002017ed848d0 Exception <a 'java/lang/NoSuchMethodError'{0x00000000a4e07700}: 'java.lang.Object java.lang.invoke.DirectMethodHandle$Holder.invokeSpecial(java.lang.Object, java.lang.Object, java.lang.Object, java.lang.Object, int)'> (0x00000000a4e07700) 
thrown [s\src\hotspot\share\interpreter\linkResolver.cpp, line 771]
Event: 4.641 Thread 0x000002017ed848d0 Exception <a 'java/lang/NoSuchMethodError'{0x00000000a4e0b570}: 'java.lang.Object java.lang.invoke.Invokers$Holder.linkToTargetMethod(java.lang.Object, java.lang.Object, int, java.lang.Object)'> (0x00000000a4e0b570) 
thrown [s\src\hotspot\share\interpreter\linkResolver.cpp, line 771]
Event: 5.504 Thread 0x000002017ed848d0 Exception <a 'java/lang/NoSuchMethodError'{0x00000000a5f2c6e8}: 'java.lang.Object java.lang.invoke.DirectMethodHandle$Holder.newInvokeSpecial(java.lang.Object, java.lang.Object, java.lang.Object, java.lang.Object, java.lang.Object, java.lang.Object)'> (0x00000000a5f2c6e8) 
thrown [s\src\hotspot\share\interpreter\linkResolver.cpp, line 771]
Event: 5.582 Thread 0x000002017ed848d0 Exception <a 'java/lang/NoSuchMethodError'{0x00000000a51d3648}: 'java.lang.Object java.lang.invoke.DirectMethodHandle$Holder.invokeStaticInit(java.lang.Object, java.lang.Object, java.lang.Object)'> (0x00000000a51d3648) 
thrown [s\src\hotspot\share\interpreter\linkResolver.cpp, line 771]
Event: 7.924 Thread 0x000002017ed848d0 Exception <a 'java/lang/NoSuchMethodError'{0x00000000a51c0b58}: 'java.lang.Object java.lang.invoke.DirectMethodHandle$Holder.newInvokeSpecial(java.lang.Object, int, java.lang.Object)'> (0x00000000a51c0b58) 
thrown [s\src\hotspot\share\interpreter\linkResolver.cpp, line 771]
Event: 7.925 Thread 0x000002017ed848d0 Exception <a 'java/lang/NoSuchMethodError'{0x00000000a51c6f18}: 'int java.lang.invoke.DirectMethodHandle$Holder.invokeInterface(java.lang.Object, java.lang.Object)'> (0x00000000a51c6f18) 
thrown [s\src\hotspot\share\interpreter\linkResolver.cpp, line 771]
Event: 8.027 Thread 0x000002017ed848d0 Implicit null exception at 0x000002010af4100e to 0x000002010af4126c
Event: 8.027 Thread 0x000002017ed848d0 Implicit null exception at 0x000002010afdab0f to 0x000002010afdab85
Event: 8.724 Thread 0x000002017ed848d0 Exception <a 'java/lang/NoSuchMethodError'{0x00000000a5d6b898}: 'int java.lang.invoke.DirectMethodHandle$Holder.invokeStaticInit(java.lang.Object, int)'> (0x00000000a5d6b898) 
thrown [s\src\hotspot\share\interpreter\linkResolver.cpp, line 771]

VM Operations (20 events):
Event: 8.365 Executing VM operation: HandshakeAllThreads done
Event: 8.704 Executing VM operation: HandshakeAllThreads
Event: 8.704 Executing VM operation: HandshakeAllThreads done
Event: 8.790 Executing VM operation: HandshakeAllThreads
Event: 8.790 Executing VM operation: HandshakeAllThreads done
Event: 8.799 Executing VM operation: HandshakeAllThreads
Event: 8.799 Executing VM operation: HandshakeAllThreads done
Event: 8.940 Executing VM operation: HandshakeAllThreads
Event: 8.940 Executing VM operation: HandshakeAllThreads done
Event: 9.163 Executing VM operation: ICBufferFull
Event: 9.164 Executing VM operation: ICBufferFull done
Event: 9.319 Executing VM operation: G1CollectForAllocation
Event: 9.334 Executing VM operation: G1CollectForAllocation done
Event: 9.339 Executing VM operation: G1CollectForAllocation
Event: 9.351 Executing VM operation: G1CollectForAllocation done
Event: 9.523 Executing VM operation: HandshakeAllThreads
Event: 9.523 Executing VM operation: HandshakeAllThreads done
Event: 9.688 Executing VM operation: HandshakeAllThreads
Event: 9.688 Executing VM operation: HandshakeAllThreads done
Event: 9.927 Executing VM operation: G1CollectForAllocation

Events (20 events):
Event: 9.725 loading class jdk/internal/math/FloatingDecimal$ExceptionalBinaryToASCIIBuffer
Event: 9.725 loading class jdk/internal/math/FloatingDecimal$BinaryToASCIIConverter
Event: 9.725 loading class jdk/internal/math/FloatingDecimal$BinaryToASCIIConverter done
Event: 9.725 loading class jdk/internal/math/FloatingDecimal$ExceptionalBinaryToASCIIBuffer done
Event: 9.725 loading class jdk/internal/math/FloatingDecimal$BinaryToASCIIBuffer
Event: 9.727 loading class jdk/internal/math/FloatingDecimal$BinaryToASCIIBuffer done
Event: 9.727 loading class jdk/internal/math/FloatingDecimal$1
Event: 9.727 loading class jdk/internal/math/FloatingDecimal$1 done
Event: 9.727 loading class jdk/internal/math/FloatingDecimal$PreparedASCIIToBinaryBuffer
Event: 9.727 loading class jdk/internal/math/FloatingDecimal$ASCIIToBinaryConverter
Event: 9.727 loading class jdk/internal/math/FloatingDecimal$ASCIIToBinaryConverter done
Event: 9.727 loading class jdk/internal/math/FloatingDecimal$PreparedASCIIToBinaryBuffer done
Event: 9.727 loading class jdk/internal/math/FloatingDecimal$ASCIIToBinaryBuffer
Event: 9.728 loading class jdk/internal/math/FloatingDecimal$ASCIIToBinaryBuffer done
Event: 9.905 loading class java/util/regex/Pattern$Bound
Event: 9.905 loading class java/util/regex/Pattern$Bound done
Event: 9.905 loading class java/util/regex/Pattern$LookBehindEndNode
Event: 9.905 loading class java/util/regex/Pattern$LookBehindEndNode done
Event: 9.905 loading class java/util/regex/Pattern$NotBehind
Event: 9.906 loading class java/util/regex/Pattern$NotBehind done


Dynamic libraries:
0x00007ff7cb980000 - 0x00007ff7cb98a000 	C:\Program Files\Android\Android Studio\jbr\bin\java.exe
0x00007ffe2c350000 - 0x00007ffe2c545000 	C:\Windows\SYSTEM32\ntdll.dll
0x00007ffe2a3f0000 - 0x00007ffe2a4ad000 	C:\Windows\System32\KERNEL32.DLL
0x00007ffe29fc0000 - 0x00007ffe2a288000 	C:\Windows\System32\KERNELBASE.dll
0x00007ffe29ad0000 - 0x00007ffe29bd0000 	C:\Windows\System32\ucrtbase.dll
0x00007ffe245b0000 - 0x00007ffe245cb000 	C:\Program Files\Android\Android Studio\jbr\bin\VCRUNTIME140.dll
0x00007ffdc9e20000 - 0x00007ffdc9e37000 	C:\Program Files\Android\Android Studio\jbr\bin\jli.dll
0x00007ffe2b050000 - 0x00007ffe2b1f0000 	C:\Windows\System32\USER32.dll
0x00007ffe29d30000 - 0x00007ffe29d52000 	C:\Windows\System32\win32u.dll
0x00007ffe2a550000 - 0x00007ffe2a57a000 	C:\Windows\System32\GDI32.dll
0x00007ffe29c20000 - 0x00007ffe29d2b000 	C:\Windows\System32\gdi32full.dll
0x00007ffe29ec0000 - 0x00007ffe29f5d000 	C:\Windows\System32\msvcp_win.dll
0x00007ffe19070000 - 0x00007ffe1930a000 	C:\Windows\WinSxS\amd64_microsoft.windows.common-controls_6595b64144ccf1df_6.0.19041.844_none_ca00b6081b84eb1d\COMCTL32.dll
0x00007ffe2b1f0000 - 0x00007ffe2b28e000 	C:\Windows\System32\msvcrt.dll
0x00007ffe2ba70000 - 0x00007ffe2baa0000 	C:\Windows\System32\IMM32.DLL
0x00007ffe23fd0000 - 0x00007ffe23fdc000 	C:\Program Files\Android\Android Studio\jbr\bin\vcruntime140_1.dll
0x00007ffe1f170000 - 0x00007ffe1f1fd000 	C:\Program Files\Android\Android Studio\jbr\bin\msvcp140.dll
0x00007ffdca370000 - 0x00007ffdcaff3000 	C:\Program Files\Android\Android Studio\jbr\bin\server\jvm.dll
0x00007ffe2bf50000 - 0x00007ffe2bffc000 	C:\Windows\System32\ADVAPI32.dll
0x00007ffe2a4b0000 - 0x00007ffe2a54b000 	C:\Windows\System32\sechost.dll
0x00007ffe2af20000 - 0x00007ffe2b04b000 	C:\Windows\System32\RPCRT4.dll
0x00007ffe29940000 - 0x00007ffe2998b000 	C:\Windows\SYSTEM32\POWRPROF.dll
0x00007ffe23f50000 - 0x00007ffe23f59000 	C:\Windows\SYSTEM32\WSOCK32.dll
0x00007ffe1cd20000 - 0x00007ffe1cd47000 	C:\Windows\SYSTEM32\WINMM.dll
0x00007ffe2bed0000 - 0x00007ffe2bf3b000 	C:\Windows\System32\WS2_32.dll
0x00007ffe21de0000 - 0x00007ffe21dea000 	C:\Windows\SYSTEM32\VERSION.dll
0x00007ffe29920000 - 0x00007ffe29932000 	C:\Windows\SYSTEM32\UMPDC.dll
0x00007ffe27900000 - 0x00007ffe27912000 	C:\Windows\SYSTEM32\kernel.appcore.dll
0x00007ffe23f40000 - 0x00007ffe23f4a000 	C:\Program Files\Android\Android Studio\jbr\bin\jimage.dll
0x00007ffe17910000 - 0x00007ffe17af4000 	C:\Windows\SYSTEM32\DBGHELP.DLL
0x00007ffe176b0000 - 0x00007ffe176dc000 	C:\Windows\SYSTEM32\dbgcore.DLL
0x00007ffe2a340000 - 0x00007ffe2a3c0000 	C:\Windows\System32\bcryptPrimitives.dll
0x00007ffe22170000 - 0x00007ffe22195000 	C:\Program Files\Android\Android Studio\jbr\bin\java.dll
0x00007ffe23f20000 - 0x00007ffe23f38000 	C:\Program Files\Android\Android Studio\jbr\bin\zip.dll
0x00007ffe2b290000 - 0x00007ffe2b9d2000 	C:\Windows\System32\SHELL32.dll
0x00007ffe27c10000 - 0x00007ffe283a1000 	C:\Windows\SYSTEM32\windows.storage.dll
0x00007ffe2baa0000 - 0x00007ffe2bdf5000 	C:\Windows\System32\combase.dll
0x00007ffe29470000 - 0x00007ffe2949c000 	C:\Windows\SYSTEM32\Wldp.dll
0x00007ffe2c2a0000 - 0x00007ffe2c34e000 	C:\Windows\System32\SHCORE.dll
0x00007ffe2c220000 - 0x00007ffe2c275000 	C:\Windows\System32\shlwapi.dll
0x00007ffe29a10000 - 0x00007ffe29a2f000 	C:\Windows\SYSTEM32\profapi.dll
0x00007ffe238a0000 - 0x00007ffe238b9000 	C:\Program Files\Android\Android Studio\jbr\bin\net.dll
0x00007ffe22ee0000 - 0x00007ffe22feb000 	C:\Windows\SYSTEM32\WINHTTP.dll
0x00007ffe291e0000 - 0x00007ffe2924a000 	C:\Windows\system32\mswsock.dll
0x00007ffe103c0000 - 0x00007ffe103d6000 	C:\Program Files\Android\Android Studio\jbr\bin\nio.dll
0x00007ffe11d40000 - 0x00007ffe11d50000 	C:\Program Files\Android\Android Studio\jbr\bin\verify.dll

dbghelp: loaded successfully - version: 4.0.5 - missing functions: none
symbol engine: initialized successfully - sym options: 0x614 - pdb path: .;C:\Program Files\Android\Android Studio\jbr\bin;C:\Windows\SYSTEM32;C:\Windows\WinSxS\amd64_microsoft.windows.common-controls_6595b64144ccf1df_6.0.19041.844_none_ca00b6081b84eb1d;C:\Program Files\Android\Android Studio\jbr\bin\server

VM Arguments:
java_command: org.jetbrains.kotlin.cli.jvm.K2JVMCompiler @C:\Users\yahaira\AndroidStudioProjects\Prueba1\app\build\20240906_11942707223636931650.compiler.options
java_class_path (initial): C:\Users\yahaira\.gradle\caches\modules-2\files-2.1\org.jetbrains.kotlin\kotlin-compiler-embeddable\1.9.0\2c8c3a7402becca891f12739b3e9fd2dc2adbd7a\kotlin-compiler-embeddable-1.9.0.jar;C:\Users\yahaira\.gradle\caches\modules-2\files-2.1\org.jetbrains.kotlin\kotlin-stdlib\1.9.0\8ee15ef0c67dc83d874f412d84378d7f0eb50b63\kotlin-stdlib-1.9.0.jar;C:\Users\yahaira\.gradle\caches\modules-2\files-2.1\org.jetbrains.kotlin\kotlin-script-runtime\1.9.0\4b3102cbbb7e1b58d9d1adf89563f00069ffa7d1\kotlin-script-runtime-1.9.0.jar;C:\Users\yahaira\.gradle\caches\modules-2\files-2.1\org.jetbrains.kotlin\kotlin-reflect\1.6.10\1cbe9c92c12a94eea200d23c2bbaedaf3daf5132\kotlin-reflect-1.6.10.jar;C:\Users\yahaira\.gradle\caches\modules-2\files-2.1\org.jetbrains.kotlin\kotlin-daemon-embeddable\1.9.0\186543f5e28cf8d9a0290fecc2cf34301c40a65c\kotlin-daemon-embeddable-1.9.0.jar;C:\Users\yahaira\.gradle\caches\modules-2\files-2.1\org.jetbrains.intellij.deps\trove4j\1.0.20200330\3afb14d5f9ceb459d724e907a21145e8ff394f02\trove4j-1.0.20200330.jar;C:\Users\yahaira\.gradle\caches\modules-2\files-2.1\org.jetbrains.kotlin\kotlin-stdlib-common\1.9.0\cd65c21cfd1eec4d44ef09f9f52b6d9f8a720636\kotlin-stdlib-common-1.9.0.jar;C:\Users\yahaira\.gradle\caches\modules-2\files-2.1\org.jetbrains\annotations\13.0\919f0dfe192fb4e063e7dacadee7f8bb9a2672a9\annotations-13.0.jar
Launcher Type: SUN_STANDARD

[Global flags]
     intx CICompilerCount                          = 3                                         {product} {ergonomic}
     uint ConcGCThreads                            = 1                                         {product} {ergonomic}
     uint G1ConcRefinementThreads                  = 4                                         {product} {ergonomic}
   size_t G1HeapRegionSize                         = 1048576                                   {product} {ergonomic}
    uintx GCDrainStackTargetSize                   = 64                                        {product} {ergonomic}
   size_t InitialHeapSize                          = 100663296                                 {product} {ergonomic}
   size_t MarkStackSize                            = 4194304                                   {product} {ergonomic}
   size_t MaxHeapSize                              = 1579155456                                {product} {ergonomic}
   size_t MaxNewSize                               = 946864128                                 {product} {ergonomic}
   size_t MinHeapDeltaBytes                        = 1048576                                   {product} {ergonomic}
   size_t MinHeapSize                              = 8388608                                   {product} {ergonomic}
    uintx NonNMethodCodeHeapSize                   = 5832780                                {pd product} {ergonomic}
    uintx NonProfiledCodeHeapSize                  = 122912730                              {pd product} {ergonomic}
    uintx ProfiledCodeHeapSize                     = 122912730                              {pd product} {ergonomic}
    uintx ReservedCodeCacheSize                    = 251658240                              {pd product} {ergonomic}
     bool SegmentedCodeCache                       = true                                      {product} {ergonomic}
   size_t SoftMaxHeapSize                          = 1579155456                             {manageable} {ergonomic}
     bool UseCompressedClassPointers               = true                           {product lp64_product} {ergonomic}
     bool UseCompressedOops                        = true                           {product lp64_product} {ergonomic}
     bool UseG1GC                                  = true                                      {product} {ergonomic}
     bool UseLargePagesIndividualAllocation        = false                                  {pd product} {ergonomic}

Logging:
Log output configuration:
 #0: stdout all=warning uptime,level,tags
 #1: stderr all=off uptime,level,tags

Environment Variables:
PATH=C:\Windows\system32;C:\Windows;C:\Windows\System32\Wbem;C:\Windows\System32\WindowsPowerShell\v1.0\;C:\Windows\System32\OpenSSH\;C:\Program Files\Microsoft SQL Server\130\Tools\Binn\;C:\Program Files\Microsoft SQL Server\Client SDK\ODBC\170\Tools\Binn\;C:\Program Files (x86)\Microsoft SQL Server\160\Tools\Binn\;C:\Program Files\Microsoft SQL Server\160\Tools\Binn\;C:\Program Files\Microsoft SQL Server\160\DTS\Binn\;C:\Program Files (x86)\Microsoft SQL Server\160\DTS\Binn\;C:\Program Files\Azure Data Studio\bin;C:\Program Files\Git\cmd;C:\Program Files\MySQL\MySQL Shell 8.0\bin\;C:\Program Files\Azure Data Studio\bin;C:\Users\yahaira\AppData\Local\Programs\Microsoft VS Code\bin
USERNAME=yahaira
OS=Windows_NT
PROCESSOR_IDENTIFIER=AMD64 Family 23 Model 24 Stepping 1, AuthenticAMD
TMP=C:\Users\yahaira\AppData\Local\Temp
TEMP=C:\Users\yahaira\AppData\Local\Temp



Periodic native trim disabled

JNI global refs:
JNI global refs: 9, weak refs: 16

JNI global refs memory usage: 843, weak refs: 841

Process memory usage:
Resident Set Size: 221016K (3% of 6164744K total physical memory with 194916K free physical memory)

OOME stack traces (most recent first):
Classloader memory used:
Loader jdk.internal.loader.ClassLoaders$AppClassLoader                                 : 5517K
Loader bootstrap                                                                       : 1308K
Loader java.net.URLClassLoader                                                         : 27529B
Loader jdk.internal.reflect.DelegatingClassLoader                                      : 10728B


---------------  S Y S T E M  ---------------

OS:
 Windows 10 , 64 bit Build 19041 (10.0.19041.928)
OS uptime: 0 days 0:10 hours

CPU: total 4 (initial active 4) (4 cores per cpu, 2 threads per core) family 23 model 24 stepping 1 microcode 0x0, cx8, cmov, fxsr, ht, mmx, 3dnowpref, sse, sse2, sse3, ssse3, sse4a, sse4.1, sse4.2, popcnt, lzcnt, tsc, tscinvbit, avx, avx2, aes, clmul, bmi1, bmi2, adx, sha, fma, vzeroupper, clflush, clflushopt
Processor Information for all 4 processors :
  Max Mhz: 2600, Current Mhz: 2600, Mhz Limit: 2600

Memory: 4k page, system-wide physical 6020M (189M free)
TotalPageFile size 6020M (AvailPageFile size 40M)
current process WorkingSet (physical memory assigned to process): 216M, peak: 219M
current process commit charge ("private bytes"): 269M, peak: 386M

vm_info: OpenJDK 64-Bit Server VM (17.0.11+0--11852314) for windows-amd64 JRE (17.0.11+0--11852314), built on May 16 2024 21:29:20 by "androidbuild" with MS VC++ 16.10 / 16.11 (VS2019)

END.
