#
# There is insufficient memory for the Java Runtime Environment to continue.
# Native memory allocation (malloc) failed to allocate 227936 bytes. Error detail: Chunk::new
# Possible reasons:
#   The system is out of physical RAM or swap space
#   This process is running with CompressedOops enabled, and the Java Heap may be blocking the growth of the native heap
# Possible solutions:
#   Reduce memory load on the system
#   Increase physical memory or swap space
#   Check if swap backing store is full
#   Decrease Java heap size (-Xmx/-Xms)
#   Decrease number of Java threads
#   Decrease Java thread stack sizes (-Xss)
#   Set larger code cache with -XX:ReservedCodeCacheSize=
#   JVM is running with Unscaled Compressed Oops mode in which the Java heap is
#     placed in the first 4GB address space. The Java Heap base address is the
#     maximum limit for the native heap growth. Please use -XX:HeapBaseMinAddress
#     to set the Java Heap base and to place the Java Heap above 4GB virtual address.
# This output file may be truncated or incomplete.
#
#  Out of Memory Error (arena.cpp:191), pid=8256, tid=7104
#
# JRE version: OpenJDK Runtime Environment (17.0.11) (build 17.0.11+0--11852314)
# Java VM: OpenJDK 64-Bit Server VM (17.0.11+0--11852314, mixed mode, tiered, compressed oops, compressed class ptrs, g1 gc, windows-amd64)
# No core dump will be written. Minidumps are not enabled by default on client versions of Windows
#

---------------  S U M M A R Y ------------

Command Line: --add-opens=java.base/java.util=ALL-UNNAMED --add-opens=java.base/java.lang=ALL-UNNAMED --add-opens=java.base/java.lang.invoke=ALL-UNNAMED --add-opens=java.prefs/java.util.prefs=ALL-UNNAMED --add-opens=java.base/java.nio.charset=ALL-UNNAMED --add-opens=java.base/java.net=ALL-UNNAMED --add-opens=java.base/java.util.concurrent.atomic=ALL-UNNAMED -Xmx2048m -Dfile.encoding=UTF-8 -Duser.country=MX -Duser.language=es -Duser.variant -javaagent:C:\Users\yahaira\.gradle\wrapper\dists\gradle-8.7-bin\bhs2wmbdwecv87pi65oeuq5iu\gradle-8.7\lib\agents\gradle-instrumentation-agent-8.7.jar org.gradle.launcher.daemon.bootstrap.GradleDaemon 8.7

Host: AMD Ryzen 3 3200U with Radeon Vega Mobile Gfx  , 4 cores, 5G,  Windows 10 , 64 bit Build 19041 (10.0.19041.928)
Time: Wed Sep 11 07:20:31 2024 Hora de verano central (México) elapsed time: 11.678446 seconds (0d 0h 0m 11s)

---------------  T H R E A D  ---------------

Current thread (0x0000022254872400):  JavaThread "C2 CompilerThread0" daemon [_thread_in_native, id=7104, stack(0x000000f5eb000000,0x000000f5eb100000)]


Current CompileTask:
C2:  11678 4696       4       org.codehaus.groovy.runtime.metaclass.MetaMethodIndex::addMethodToList (128 bytes)

Stack: [0x000000f5eb000000,0x000000f5eb100000]
Native frames: (J=compiled Java code, j=interpreted, Vv=VM code, C=native code)
V  [jvm.dll+0x687bb9]
V  [jvm.dll+0x84142a]
V  [jvm.dll+0x8430ae]
V  [jvm.dll+0x843713]
V  [jvm.dll+0x24a35f]
V  [jvm.dll+0xac544]
V  [jvm.dll+0xacb8c]
V  [jvm.dll+0x369c37]
V  [jvm.dll+0x1bdfa6]
V  [jvm.dll+0x21c029]
V  [jvm.dll+0x21b311]
V  [jvm.dll+0x1a63ed]
V  [jvm.dll+0x22b1ee]
V  [jvm.dll+0x229375]
V  [jvm.dll+0x7f5647]
V  [jvm.dll+0x7efa4a]
V  [jvm.dll+0x686a35]
C  [ucrtbase.dll+0x21bb2]
C  [KERNEL32.DLL+0x17034]
C  [ntdll.dll+0x52651]


---------------  P R O C E S S  ---------------

Threads class SMR info:
_java_thread_list=0x000002225b9ca730, length=41, elements={
0x0000022239097b80, 0x00000222545e5610, 0x00000222545e7c90, 0x00000222545d2180,
0x00000222545fffe0, 0x00000222546008b0, 0x00000222545d35e0, 0x0000022254872400,
0x0000022254879940, 0x00000222548d8480, 0x000002225454c190, 0x0000022254b38030,
0x000002225b72a910, 0x000002225a6f4dd0, 0x000002225b38b820, 0x000002225b2b5250,
0x0000022259ef7500, 0x0000022259c27590, 0x000002225ac4bf40, 0x00000222598daa80,
0x00000222598dcdf0, 0x00000222598daf90, 0x00000222598ddd20, 0x00000222598dd810,
0x00000222598db4a0, 0x0000022259ca2980, 0x0000022259ca5710, 0x0000022259ca38b0,
0x0000022259ca7a80, 0x0000022259ca5c20, 0x0000022259ca33a0, 0x0000022259ca3dc0,
0x0000022259ca6130, 0x0000022259ca1540, 0x0000022259ca6640, 0x0000022259ca7f90,
0x0000022259ca1f60, 0x0000022259ca4cf0, 0x0000022259ca5200, 0x0000022259ca7570,
0x0000022259ca2e90
}

Java Threads: ( => current thread )
  0x0000022239097b80 JavaThread "main" [_thread_blocked, id=3036, stack(0x000000f5ea300000,0x000000f5ea400000)]
  0x00000222545e5610 JavaThread "Reference Handler" daemon [_thread_blocked, id=3460, stack(0x000000f5eaa00000,0x000000f5eab00000)]
  0x00000222545e7c90 JavaThread "Finalizer" daemon [_thread_blocked, id=9244, stack(0x000000f5eab00000,0x000000f5eac00000)]
  0x00000222545d2180 JavaThread "Signal Dispatcher" daemon [_thread_blocked, id=6620, stack(0x000000f5eac00000,0x000000f5ead00000)]
  0x00000222545fffe0 JavaThread "Attach Listener" daemon [_thread_blocked, id=9980, stack(0x000000f5ead00000,0x000000f5eae00000)]
  0x00000222546008b0 JavaThread "Service Thread" daemon [_thread_blocked, id=8148, stack(0x000000f5eae00000,0x000000f5eaf00000)]
  0x00000222545d35e0 JavaThread "Monitor Deflation Thread" daemon [_thread_blocked, id=424, stack(0x000000f5eaf00000,0x000000f5eb000000)]
=>0x0000022254872400 JavaThread "C2 CompilerThread0" daemon [_thread_in_native, id=7104, stack(0x000000f5eb000000,0x000000f5eb100000)]
  0x0000022254879940 JavaThread "C1 CompilerThread0" daemon [_thread_blocked, id=7904, stack(0x000000f5eb100000,0x000000f5eb200000)]
  0x00000222548d8480 JavaThread "Sweeper thread" daemon [_thread_blocked, id=8344, stack(0x000000f5eb200000,0x000000f5eb300000)]
  0x000002225454c190 JavaThread "Common-Cleaner" daemon [_thread_blocked, id=7000, stack(0x000000f5eb300000,0x000000f5eb400000)]
  0x0000022254b38030 JavaThread "Notification Thread" daemon [_thread_blocked, id=7120, stack(0x000000f5eb400000,0x000000f5eb500000)]
  0x000002225b72a910 JavaThread "Daemon health stats" [_thread_blocked, id=8172, stack(0x000000f5eb900000,0x000000f5eba00000)]
  0x000002225a6f4dd0 JavaThread "Incoming local TCP Connector on port 9236" [_thread_in_native, id=7980, stack(0x000000f5eba00000,0x000000f5ebb00000)]
  0x000002225b38b820 JavaThread "Daemon periodic checks" [_thread_blocked, id=2788, stack(0x000000f5ebb00000,0x000000f5ebc00000)]
  0x000002225b2b5250 JavaThread "Daemon" [_thread_blocked, id=2972, stack(0x000000f5ebc00000,0x000000f5ebd00000)]
  0x0000022259ef7500 JavaThread "Handler for socket connection from /127.0.0.1:9236 to /127.0.0.1:9237" [_thread_in_native, id=7252, stack(0x000000f5ebd00000,0x000000f5ebe00000)]
  0x0000022259c27590 JavaThread "Cancel handler" [_thread_blocked, id=9328, stack(0x000000f5ebe00000,0x000000f5ebf00000)]
  0x000002225ac4bf40 JavaThread "Daemon worker" [_thread_in_Java, id=7728, stack(0x000000f5ebf00000,0x000000f5ec000000)]
  0x00000222598daa80 JavaThread "Asynchronous log dispatcher for DefaultDaemonConnection: socket connection from /127.0.0.1:9236 to /127.0.0.1:9237" [_thread_blocked, id=7248, stack(0x000000f5ec000000,0x000000f5ec100000)]
  0x00000222598dcdf0 JavaThread "Stdin handler" [_thread_blocked, id=3452, stack(0x000000f5ec100000,0x000000f5ec200000)]
  0x00000222598daf90 JavaThread "Daemon client event forwarder" [_thread_blocked, id=8812, stack(0x000000f5ec200000,0x000000f5ec300000)]
  0x00000222598ddd20 JavaThread "Cache worker for journal cache (C:\Users\yahaira\.gradle\caches\journal-1)" [_thread_blocked, id=8088, stack(0x000000f5ec300000,0x000000f5ec400000)]
  0x00000222598dd810 JavaThread "File lock request listener" [_thread_in_native, id=4944, stack(0x000000f5ec400000,0x000000f5ec500000)]
  0x00000222598db4a0 JavaThread "Cache worker for file hash cache (C:\Users\yahaira\.gradle\caches\8.7\fileHashes)" [_thread_blocked, id=6984, stack(0x000000f5ec500000,0x000000f5ec600000)]
  0x0000022259ca2980 JavaThread "Cache worker for file hash cache (C:\Users\yahaira\AndroidStudioProjects\Prueba1\.gradle\8.7\fileHashes)" [_thread_blocked, id=10140, stack(0x000000f5ec600000,0x000000f5ec700000)]
  0x0000022259ca5710 JavaThread "File watcher server" daemon [_thread_in_native, id=8332, stack(0x000000f5ec700000,0x000000f5ec800000)]
  0x0000022259ca38b0 JavaThread "File watcher consumer" daemon [_thread_blocked, id=6736, stack(0x000000f5ec800000,0x000000f5ec900000)]
  0x0000022259ca7a80 JavaThread "jar transforms" [_thread_blocked, id=9728, stack(0x000000f5ec900000,0x000000f5eca00000)]
  0x0000022259ca5c20 JavaThread "jar transforms Thread 2" [_thread_blocked, id=9164, stack(0x000000f5eca00000,0x000000f5ecb00000)]
  0x0000022259ca33a0 JavaThread "jar transforms Thread 3" [_thread_blocked, id=7280, stack(0x000000f5ecb00000,0x000000f5ecc00000)]
  0x0000022259ca3dc0 JavaThread "jar transforms Thread 4" [_thread_blocked, id=7568, stack(0x000000f5ecc00000,0x000000f5ecd00000)]
  0x0000022259ca6130 JavaThread "Cache worker for checksums cache (C:\Users\yahaira\AndroidStudioProjects\Prueba1\.gradle\8.7\checksums)" [_thread_blocked, id=6952, stack(0x000000f5ecd00000,0x000000f5ece00000)]
  0x0000022259ca1540 JavaThread "Cache worker for cache directory md-supplier (C:\Users\yahaira\.gradle\caches\8.7\md-supplier)" [_thread_blocked, id=4552, stack(0x000000f5ece00000,0x000000f5ecf00000)]
  0x0000022259ca6640 JavaThread "Cache worker for cache directory md-rule (C:\Users\yahaira\.gradle\caches\8.7\md-rule)" [_thread_blocked, id=9288, stack(0x000000f5ecf00000,0x000000f5ed000000)]
  0x0000022259ca7f90 JavaThread "Cache worker for file content cache (C:\Users\yahaira\.gradle\caches\8.7\fileContent)" [_thread_blocked, id=4896, stack(0x000000f5ed000000,0x000000f5ed100000)]
  0x0000022259ca1f60 JavaThread "Unconstrained build operations" [_thread_blocked, id=4612, stack(0x000000f5ed100000,0x000000f5ed200000)]
  0x0000022259ca4cf0 JavaThread "Unconstrained build operations Thread 2" [_thread_blocked, id=5304, stack(0x000000f5ed200000,0x000000f5ed300000)]
  0x0000022259ca5200 JavaThread "Unconstrained build operations Thread 3" [_thread_blocked, id=2664, stack(0x000000f5ed300000,0x000000f5ed400000)]
  0x0000022259ca7570 JavaThread "Unconstrained build operations Thread 4" [_thread_blocked, id=4696, stack(0x000000f5ed400000,0x000000f5ed500000)]
  0x0000022259ca2e90 JavaThread "Unconstrained build operations Thread 5" [_thread_blocked, id=8508, stack(0x000000f5ed500000,0x000000f5ed600000)]

Other Threads:
  0x00000222545c2bd0 VMThread "VM Thread" [stack: 0x000000f5ea900000,0x000000f5eaa00000] [id=9824]
  0x0000022239098a50 WatcherThread [stack: 0x000000f5eb500000,0x000000f5eb600000] [id=9504]
  0x00000222390f4210 GCTaskThread "GC Thread#0" [stack: 0x000000f5ea400000,0x000000f5ea500000] [id=3608]
  0x00000222590fd610 GCTaskThread "GC Thread#1" [stack: 0x000000f5eb600000,0x000000f5eb700000] [id=980]
  0x0000022254c4fac0 GCTaskThread "GC Thread#2" [stack: 0x000000f5eb700000,0x000000f5eb800000] [id=1512]
  0x0000022259294770 GCTaskThread "GC Thread#3" [stack: 0x000000f5eb800000,0x000000f5eb900000] [id=10200]
  0x0000022239105070 ConcurrentGCThread "G1 Main Marker" [stack: 0x000000f5ea500000,0x000000f5ea600000] [id=8740]
  0x00000222391059a0 ConcurrentGCThread "G1 Conc#0" [stack: 0x000000f5ea600000,0x000000f5ea700000] [id=3856]
  0x0000022239155000 ConcurrentGCThread "G1 Refine#0" [stack: 0x000000f5ea700000,0x000000f5ea800000] [id=6228]
  0x0000022239155940 ConcurrentGCThread "G1 Service" [stack: 0x000000f5ea800000,0x000000f5ea900000] [id=9196]

Threads with active compile tasks:
C2 CompilerThread0    11702 4696       4       org.codehaus.groovy.runtime.metaclass.MetaMethodIndex::addMethodToList (128 bytes)
C1 CompilerThread0    11702 4762       3       java.beans.PropertyDescriptor::setWriteMethod0 (49 bytes)

VM state: not at safepoint (normal execution)

VM Mutex/Monitor currently owned by a thread: None

Heap address: 0x0000000080000000, size: 2048 MB, Compressed Oops mode: 32-bit

CDS archive(s) not mapped
Compressed class space mapped at: 0x0000000100000000-0x0000000140000000, reserved size: 1073741824
Narrow klass base: 0x0000000000000000, Narrow klass shift: 3, Narrow klass range: 0x140000000

GC Precious Log:
 CPUs: 4 total, 4 available
 Memory: 6020M
 Large Page Support: Disabled
 NUMA Support: Disabled
 Compressed Oops: Enabled (32-bit)
 Heap Region Size: 1M
 Heap Min Capacity: 8M
 Heap Initial Capacity: 96M
 Heap Max Capacity: 2G
 Pre-touch: Disabled
 Parallel Workers: 4
 Concurrent Workers: 1
 Concurrent Refinement Workers: 4
 Periodic GC: Disabled

Heap:
 garbage-first heap   total 121856K, used 77543K [0x0000000080000000, 0x0000000100000000)
  region size 1024K, 12 young (12288K), 2 survivors (2048K)
 Metaspace       used 52843K, committed 53312K, reserved 1114112K
  class space    used 7034K, committed 7232K, reserved 1048576K

Heap Regions: E=young(eden), S=young(survivor), O=old, HS=humongous(starts), HC=humongous(continues), CS=collection set, F=free, OA=open archive, CA=closed archive, TAMS=top-at-mark-start (previous, next)
|   0|0x0000000080000000, 0x0000000080100000, 0x0000000080100000|100%| O|  |TAMS 0x0000000080100000, 0x0000000080000000| Untracked 
|   1|0x0000000080100000, 0x0000000080200000, 0x0000000080200000|100%|HS|  |TAMS 0x0000000080200000, 0x0000000080100000| Complete 
|   2|0x0000000080200000, 0x0000000080300000, 0x0000000080300000|100%|HC|  |TAMS 0x0000000080300000, 0x0000000080200000| Complete 
|   3|0x0000000080300000, 0x0000000080400000, 0x0000000080400000|100%|HC|  |TAMS 0x0000000080400000, 0x0000000080300000| Complete 
|   4|0x0000000080400000, 0x0000000080500000, 0x0000000080500000|100%|HC|  |TAMS 0x0000000080500000, 0x0000000080400000| Complete 
|   5|0x0000000080500000, 0x0000000080600000, 0x0000000080600000|100%| O|  |TAMS 0x0000000080600000, 0x0000000080500000| Untracked 
|   6|0x0000000080600000, 0x0000000080700000, 0x0000000080700000|100%| O|  |TAMS 0x0000000080700000, 0x0000000080600000| Untracked 
|   7|0x0000000080700000, 0x0000000080800000, 0x0000000080800000|100%| O|  |TAMS 0x0000000080800000, 0x0000000080700000| Untracked 
|   8|0x0000000080800000, 0x0000000080900000, 0x0000000080900000|100%| O|  |TAMS 0x0000000080900000, 0x0000000080800000| Untracked 
|   9|0x0000000080900000, 0x0000000080a00000, 0x0000000080a00000|100%| O|  |TAMS 0x0000000080a00000, 0x0000000080900000| Untracked 
|  10|0x0000000080a00000, 0x0000000080ae7600, 0x0000000080b00000| 90%| O|  |TAMS 0x0000000080ae7600, 0x0000000080a00000| Untracked 
|  11|0x0000000080b00000, 0x0000000080c00000, 0x0000000080c00000|100%| O|  |TAMS 0x0000000080c00000, 0x0000000080b00000| Untracked 
|  12|0x0000000080c00000, 0x0000000080d00000, 0x0000000080d00000|100%| O|  |TAMS 0x0000000080d00000, 0x0000000080c00000| Untracked 
|  13|0x0000000080d00000, 0x0000000080e00000, 0x0000000080e00000|100%| O|  |TAMS 0x0000000080e00000, 0x0000000080d00000| Untracked 
|  14|0x0000000080e00000, 0x0000000080f00000, 0x0000000080f00000|100%| O|  |TAMS 0x0000000080f00000, 0x0000000080e00000| Untracked 
|  15|0x0000000080f00000, 0x0000000081000000, 0x0000000081000000|100%| O|  |TAMS 0x0000000081000000, 0x0000000080f00000| Untracked 
|  16|0x0000000081000000, 0x0000000081100000, 0x0000000081100000|100%| O|  |TAMS 0x0000000081100000, 0x0000000081000000| Untracked 
|  17|0x0000000081100000, 0x0000000081200000, 0x0000000081200000|100%| O|  |TAMS 0x0000000081200000, 0x0000000081100000| Untracked 
|  18|0x0000000081200000, 0x0000000081300000, 0x0000000081300000|100%| O|  |TAMS 0x0000000081300000, 0x0000000081200000| Untracked 
|  19|0x0000000081300000, 0x0000000081400000, 0x0000000081400000|100%|HS|  |TAMS 0x0000000081400000, 0x0000000081300000| Complete 
|  20|0x0000000081400000, 0x0000000081500000, 0x0000000081500000|100%|HC|  |TAMS 0x0000000081500000, 0x0000000081400000| Complete 
|  21|0x0000000081500000, 0x0000000081600000, 0x0000000081600000|100%|HC|  |TAMS 0x0000000081600000, 0x0000000081500000| Complete 
|  22|0x0000000081600000, 0x0000000081700000, 0x0000000081700000|100%|HC|  |TAMS 0x0000000081700000, 0x0000000081600000| Complete 
|  23|0x0000000081700000, 0x0000000081800000, 0x0000000081800000|100%|HC|  |TAMS 0x0000000081800000, 0x0000000081700000| Complete 
|  24|0x0000000081800000, 0x0000000081900000, 0x0000000081900000|100%|HS|  |TAMS 0x0000000081900000, 0x0000000081800000| Complete 
|  25|0x0000000081900000, 0x0000000081a00000, 0x0000000081a00000|100%|HC|  |TAMS 0x0000000081a00000, 0x0000000081900000| Complete 
|  26|0x0000000081a00000, 0x0000000081b00000, 0x0000000081b00000|100%|HC|  |TAMS 0x0000000081b00000, 0x0000000081a00000| Complete 
|  27|0x0000000081b00000, 0x0000000081c00000, 0x0000000081c00000|100%|HS|  |TAMS 0x0000000081c00000, 0x0000000081b00000| Complete 
|  28|0x0000000081c00000, 0x0000000081d00000, 0x0000000081d00000|100%|HC|  |TAMS 0x0000000081d00000, 0x0000000081c00000| Complete 
|  29|0x0000000081d00000, 0x0000000081e00000, 0x0000000081e00000|100%|HC|  |TAMS 0x0000000081e00000, 0x0000000081d00000| Complete 
|  30|0x0000000081e00000, 0x0000000081f00000, 0x0000000081f00000|100%| O|  |TAMS 0x0000000081f00000, 0x0000000081e00000| Untracked 
|  31|0x0000000081f00000, 0x0000000082000000, 0x0000000082000000|100%| O|  |TAMS 0x0000000082000000, 0x0000000081f00000| Untracked 
|  32|0x0000000082000000, 0x0000000082100000, 0x0000000082100000|100%| O|  |TAMS 0x0000000082100000, 0x0000000082000000| Untracked 
|  33|0x0000000082100000, 0x0000000082200000, 0x0000000082200000|100%| O|  |TAMS 0x0000000082200000, 0x0000000082100000| Untracked 
|  34|0x0000000082200000, 0x0000000082300000, 0x0000000082300000|100%|HS|  |TAMS 0x0000000082300000, 0x0000000082200000| Complete 
|  35|0x0000000082300000, 0x0000000082400000, 0x0000000082400000|100%| O|  |TAMS 0x0000000082400000, 0x0000000082300000| Untracked 
|  36|0x0000000082400000, 0x0000000082500000, 0x0000000082500000|100%| O|  |TAMS 0x0000000082500000, 0x0000000082400000| Untracked 
|  37|0x0000000082500000, 0x0000000082600000, 0x0000000082600000|100%| O|  |TAMS 0x0000000082600000, 0x0000000082500000| Untracked 
|  38|0x0000000082600000, 0x0000000082700000, 0x0000000082700000|100%| O|  |TAMS 0x0000000082700000, 0x0000000082600000| Untracked 
|  39|0x0000000082700000, 0x0000000082800000, 0x0000000082800000|100%| O|  |TAMS 0x0000000082800000, 0x0000000082700000| Untracked 
|  40|0x0000000082800000, 0x0000000082900000, 0x0000000082900000|100%| O|  |TAMS 0x0000000082900000, 0x0000000082800000| Untracked 
|  41|0x0000000082900000, 0x0000000082a00000, 0x0000000082a00000|100%| O|  |TAMS 0x0000000082a00000, 0x0000000082900000| Untracked 
|  42|0x0000000082a00000, 0x0000000082b00000, 0x0000000082b00000|100%| O|  |TAMS 0x0000000082b00000, 0x0000000082a00000| Untracked 
|  43|0x0000000082b00000, 0x0000000082c00000, 0x0000000082c00000|100%| O|  |TAMS 0x0000000082c00000, 0x0000000082b00000| Untracked 
|  44|0x0000000082c00000, 0x0000000082d00000, 0x0000000082d00000|100%| O|  |TAMS 0x0000000082d00000, 0x0000000082c00000| Untracked 
|  45|0x0000000082d00000, 0x0000000082e00000, 0x0000000082e00000|100%|HS|  |TAMS 0x0000000082e00000, 0x0000000082d00000| Complete 
|  46|0x0000000082e00000, 0x0000000082f00000, 0x0000000082f00000|100%|HC|  |TAMS 0x0000000082f00000, 0x0000000082e00000| Complete 
|  47|0x0000000082f00000, 0x0000000083000000, 0x0000000083000000|100%|HC|  |TAMS 0x0000000083000000, 0x0000000082f00000| Complete 
|  48|0x0000000083000000, 0x0000000083100000, 0x0000000083100000|100%|HS|  |TAMS 0x0000000083100000, 0x0000000083000000| Complete 
|  49|0x0000000083100000, 0x0000000083200000, 0x0000000083200000|100%|HC|  |TAMS 0x0000000083200000, 0x0000000083100000| Complete 
|  50|0x0000000083200000, 0x0000000083300000, 0x0000000083300000|100%|HC|  |TAMS 0x0000000083300000, 0x0000000083200000| Complete 
|  51|0x0000000083300000, 0x0000000083400000, 0x0000000083400000|100%|HC|  |TAMS 0x0000000083400000, 0x0000000083300000| Complete 
|  52|0x0000000083400000, 0x0000000083500000, 0x0000000083500000|100%|HC|  |TAMS 0x0000000083500000, 0x0000000083400000| Complete 
|  53|0x0000000083500000, 0x0000000083600000, 0x0000000083600000|100%| O|  |TAMS 0x0000000083600000, 0x0000000083500000| Untracked 
|  54|0x0000000083600000, 0x0000000083700000, 0x0000000083700000|100%| O|  |TAMS 0x0000000083700000, 0x0000000083600000| Untracked 
|  55|0x0000000083700000, 0x0000000083800000, 0x0000000083800000|100%| O|  |TAMS 0x000000008371b200, 0x0000000083700000| Untracked 
|  56|0x0000000083800000, 0x0000000083900000, 0x0000000083900000|100%|HS|  |TAMS 0x0000000083900000, 0x0000000083800000| Complete 
|  57|0x0000000083900000, 0x0000000083a00000, 0x0000000083a00000|100%|HC|  |TAMS 0x0000000083a00000, 0x0000000083900000| Complete 
|  58|0x0000000083a00000, 0x0000000083b00000, 0x0000000083b00000|100%|HC|  |TAMS 0x0000000083b00000, 0x0000000083a00000| Complete 
|  59|0x0000000083b00000, 0x0000000083c00000, 0x0000000083c00000|100%|HC|  |TAMS 0x0000000083c00000, 0x0000000083b00000| Complete 
|  60|0x0000000083c00000, 0x0000000083d00000, 0x0000000083d00000|100%|HC|  |TAMS 0x0000000083d00000, 0x0000000083c00000| Complete 
|  61|0x0000000083d00000, 0x0000000083e00000, 0x0000000083e00000|100%| O|  |TAMS 0x0000000083d00000, 0x0000000083d00000| Untracked 
|  62|0x0000000083e00000, 0x0000000083f00000, 0x0000000083f00000|100%| O|  |TAMS 0x0000000083e00000, 0x0000000083e00000| Untracked 
|  63|0x0000000083f00000, 0x0000000083ffec00, 0x0000000084000000| 99%| O|  |TAMS 0x0000000083f00000, 0x0000000083f00000| Untracked 
|  64|0x0000000084000000, 0x0000000084100000, 0x0000000084100000|100%|HS|  |TAMS 0x0000000084000000, 0x0000000084000000| Complete 
|  65|0x0000000084100000, 0x0000000084200000, 0x0000000084200000|100%|HS|  |TAMS 0x0000000084100000, 0x0000000084100000| Complete 
|  66|0x0000000084200000, 0x0000000084200000, 0x0000000084300000|  0%| F|  |TAMS 0x0000000084200000, 0x0000000084200000| Untracked 
|  67|0x0000000084300000, 0x0000000084300000, 0x0000000084400000|  0%| F|  |TAMS 0x0000000084300000, 0x0000000084300000| Untracked 
|  68|0x0000000084400000, 0x0000000084400000, 0x0000000084500000|  0%| F|  |TAMS 0x0000000084400000, 0x0000000084400000| Untracked 
|  69|0x0000000084500000, 0x0000000084500000, 0x0000000084600000|  0%| F|  |TAMS 0x0000000084500000, 0x0000000084500000| Untracked 
|  70|0x0000000084600000, 0x0000000084600000, 0x0000000084700000|  0%| F|  |TAMS 0x0000000084600000, 0x0000000084600000| Untracked 
|  71|0x0000000084700000, 0x0000000084700000, 0x0000000084800000|  0%| F|  |TAMS 0x0000000084700000, 0x0000000084700000| Untracked 
|  72|0x0000000084800000, 0x0000000084800000, 0x0000000084900000|  0%| F|  |TAMS 0x0000000084800000, 0x0000000084800000| Untracked 
|  73|0x0000000084900000, 0x0000000084900000, 0x0000000084a00000|  0%| F|  |TAMS 0x0000000084900000, 0x0000000084900000| Untracked 
|  74|0x0000000084a00000, 0x0000000084a00000, 0x0000000084b00000|  0%| F|  |TAMS 0x0000000084a00000, 0x0000000084a00000| Untracked 
|  75|0x0000000084b00000, 0x0000000084b00000, 0x0000000084c00000|  0%| F|  |TAMS 0x0000000084b00000, 0x0000000084b00000| Untracked 
|  76|0x0000000084c00000, 0x0000000084c00000, 0x0000000084d00000|  0%| F|  |TAMS 0x0000000084c00000, 0x0000000084c00000| Untracked 
|  77|0x0000000084d00000, 0x0000000084d00000, 0x0000000084e00000|  0%| F|  |TAMS 0x0000000084d00000, 0x0000000084d00000| Untracked 
|  78|0x0000000084e00000, 0x0000000084e00000, 0x0000000084f00000|  0%| F|  |TAMS 0x0000000084e00000, 0x0000000084e00000| Untracked 
|  79|0x0000000084f00000, 0x0000000084f00000, 0x0000000085000000|  0%| F|  |TAMS 0x0000000084f00000, 0x0000000084f00000| Untracked 
|  80|0x0000000085000000, 0x0000000085000000, 0x0000000085100000|  0%| F|  |TAMS 0x0000000085000000, 0x0000000085000000| Untracked 
|  81|0x0000000085100000, 0x0000000085100000, 0x0000000085200000|  0%| F|  |TAMS 0x0000000085100000, 0x0000000085100000| Untracked 
|  82|0x0000000085200000, 0x0000000085200000, 0x0000000085300000|  0%| F|  |TAMS 0x0000000085200000, 0x0000000085200000| Untracked 
|  83|0x0000000085300000, 0x0000000085300000, 0x0000000085400000|  0%| F|  |TAMS 0x0000000085300000, 0x0000000085300000| Untracked 
|  84|0x0000000085400000, 0x0000000085400000, 0x0000000085500000|  0%| F|  |TAMS 0x0000000085400000, 0x0000000085400000| Untracked 
|  85|0x0000000085500000, 0x0000000085500000, 0x0000000085600000|  0%| F|  |TAMS 0x0000000085500000, 0x0000000085500000| Untracked 
|  86|0x0000000085600000, 0x0000000085600000, 0x0000000085700000|  0%| F|  |TAMS 0x0000000085600000, 0x0000000085600000| Untracked 
|  87|0x0000000085700000, 0x0000000085700000, 0x0000000085800000|  0%| F|  |TAMS 0x0000000085700000, 0x0000000085700000| Untracked 
|  88|0x0000000085800000, 0x0000000085800000, 0x0000000085900000|  0%| F|  |TAMS 0x0000000085800000, 0x0000000085800000| Untracked 
|  89|0x0000000085900000, 0x0000000085900000, 0x0000000085a00000|  0%| F|  |TAMS 0x0000000085900000, 0x0000000085900000| Untracked 
|  90|0x0000000085a00000, 0x0000000085a00000, 0x0000000085b00000|  0%| F|  |TAMS 0x0000000085a00000, 0x0000000085a00000| Untracked 
|  91|0x0000000085b00000, 0x0000000085b00000, 0x0000000085c00000|  0%| F|  |TAMS 0x0000000085b00000, 0x0000000085b00000| Untracked 
|  92|0x0000000085c00000, 0x0000000085c00000, 0x0000000085d00000|  0%| F|  |TAMS 0x0000000085c00000, 0x0000000085c00000| Untracked 
|  93|0x0000000085d00000, 0x0000000085d00000, 0x0000000085e00000|  0%| F|  |TAMS 0x0000000085d00000, 0x0000000085d00000| Untracked 
|  94|0x0000000085e00000, 0x0000000085e00000, 0x0000000085f00000|  0%| F|  |TAMS 0x0000000085e00000, 0x0000000085e00000| Untracked 
|  95|0x0000000085f00000, 0x0000000085f00000, 0x0000000086000000|  0%| F|  |TAMS 0x0000000085f00000, 0x0000000085f00000| Untracked 
|  96|0x0000000086000000, 0x0000000086000000, 0x0000000086100000|  0%| F|  |TAMS 0x0000000086000000, 0x0000000086000000| Untracked 
|  97|0x0000000086100000, 0x0000000086100000, 0x0000000086200000|  0%| F|  |TAMS 0x0000000086100000, 0x0000000086100000| Untracked 
|  98|0x0000000086200000, 0x0000000086200000, 0x0000000086300000|  0%| F|  |TAMS 0x0000000086200000, 0x0000000086200000| Untracked 
|  99|0x0000000086300000, 0x0000000086300000, 0x0000000086400000|  0%| F|  |TAMS 0x0000000086300000, 0x0000000086300000| Untracked 
| 100|0x0000000086400000, 0x0000000086400000, 0x0000000086500000|  0%| F|  |TAMS 0x0000000086400000, 0x0000000086400000| Untracked 
| 101|0x0000000086500000, 0x0000000086500000, 0x0000000086600000|  0%| F|  |TAMS 0x0000000086500000, 0x0000000086500000| Untracked 
| 102|0x0000000086600000, 0x0000000086600000, 0x0000000086700000|  0%| F|  |TAMS 0x0000000086600000, 0x0000000086600000| Untracked 
| 103|0x0000000086700000, 0x0000000086700000, 0x0000000086800000|  0%| F|  |TAMS 0x0000000086700000, 0x0000000086700000| Untracked 
| 104|0x0000000086800000, 0x0000000086800000, 0x0000000086900000|  0%| F|  |TAMS 0x0000000086800000, 0x0000000086800000| Untracked 
| 105|0x0000000086900000, 0x0000000086900000, 0x0000000086a00000|  0%| F|  |TAMS 0x0000000086900000, 0x0000000086900000| Untracked 
| 106|0x0000000086a00000, 0x0000000086ad3c40, 0x0000000086b00000| 82%| S|CS|TAMS 0x0000000086a00000, 0x0000000086a00000| Complete 
| 107|0x0000000086b00000, 0x0000000086c00000, 0x0000000086c00000|100%| S|CS|TAMS 0x0000000086b00000, 0x0000000086b00000| Complete 
| 108|0x0000000086c00000, 0x0000000086c04868, 0x0000000086d00000|  1%| E|  |TAMS 0x0000000086c00000, 0x0000000086c00000| Complete 
| 109|0x0000000086d00000, 0x0000000086e00000, 0x0000000086e00000|100%| E|CS|TAMS 0x0000000086d00000, 0x0000000086d00000| Complete 
| 110|0x0000000086e00000, 0x0000000086f00000, 0x0000000086f00000|100%| E|  |TAMS 0x0000000086e00000, 0x0000000086e00000| Complete 
| 111|0x0000000086f00000, 0x0000000087000000, 0x0000000087000000|100%| E|CS|TAMS 0x0000000086f00000, 0x0000000086f00000| Complete 
| 112|0x0000000087000000, 0x0000000087100000, 0x0000000087100000|100%| E|CS|TAMS 0x0000000087000000, 0x0000000087000000| Complete 
| 113|0x0000000087100000, 0x0000000087200000, 0x0000000087200000|100%| E|CS|TAMS 0x0000000087100000, 0x0000000087100000| Complete 
| 114|0x0000000087200000, 0x0000000087300000, 0x0000000087300000|100%| E|CS|TAMS 0x0000000087200000, 0x0000000087200000| Complete 
| 115|0x0000000087300000, 0x0000000087400000, 0x0000000087400000|100%| E|CS|TAMS 0x0000000087300000, 0x0000000087300000| Complete 
| 116|0x0000000087400000, 0x0000000087500000, 0x0000000087500000|100%| E|CS|TAMS 0x0000000087400000, 0x0000000087400000| Complete 
| 117|0x0000000087500000, 0x0000000087600000, 0x0000000087600000|100%| E|CS|TAMS 0x0000000087500000, 0x0000000087500000| Complete 
| 118|0x0000000087600000, 0x0000000087700000, 0x0000000087700000|100%| E|CS|TAMS 0x0000000087600000, 0x0000000087600000| Complete 

Card table byte_map: [0x000002224d780000,0x000002224db80000] _byte_map_base: 0x000002224d380000

Marking Bits (Prev, Next): (CMBitMap*) 0x00000222390f4740, (CMBitMap*) 0x00000222390f4780
 Prev Bits: [0x000002224df80000, 0x000002224ff80000)
 Next Bits: [0x000002224ff80000, 0x0000022251f80000)

Polling page: 0x0000022238f40000

Metaspace:

Usage:
  Non-class:     44.75 MB used.
      Class:      6.87 MB used.
       Both:     51.62 MB used.

Virtual space:
  Non-class space:       64.00 MB reserved,      45.00 MB ( 70%) committed,  1 nodes.
      Class space:        1.00 GB reserved,       7.06 MB ( <1%) committed,  1 nodes.
             Both:        1.06 GB reserved,      52.06 MB (  5%) committed. 

Chunk freelists:
   Non-Class:  2.57 MB
       Class:  8.88 MB
        Both:  11.45 MB

MaxMetaspaceSize: unlimited
CompressedClassSpaceSize: 1.00 GB
Initial GC threshold: 21.00 MB
Current GC threshold: 85.88 MB
CDS: off
MetaspaceReclaimPolicy: balanced
 - commit_granule_bytes: 65536.
 - commit_granule_words: 8192.
 - virtual_space_node_default_size: 8388608.
 - enlarge_chunks_in_place: 1.
 - new_chunks_are_fully_committed: 0.
 - uncommit_free_chunks: 1.
 - use_allocation_guard: 0.
 - handle_deallocations: 1.


Internal statistics:

num_allocs_failed_limit: 3.
num_arena_births: 510.
num_arena_deaths: 0.
num_vsnodes_births: 2.
num_vsnodes_deaths: 0.
num_space_committed: 833.
num_space_uncommitted: 0.
num_chunks_returned_to_freelist: 3.
num_chunks_taken_from_freelist: 2241.
num_chunk_merges: 3.
num_chunk_splits: 1437.
num_chunks_enlarged: 966.
num_inconsistent_stats: 0.

CodeHeap 'non-profiled nmethods': size=120000Kb used=2373Kb max_used=2373Kb free=117626Kb
 bounds [0x0000022245830000, 0x0000022245aa0000, 0x000002224cd60000]
CodeHeap 'profiled nmethods': size=120000Kb used=9471Kb max_used=9471Kb free=110528Kb
 bounds [0x000002223dd60000, 0x000002223e6a0000, 0x0000022245290000]
CodeHeap 'non-nmethods': size=5760Kb used=2311Kb max_used=2350Kb free=3448Kb
 bounds [0x0000022245290000, 0x0000022245500000, 0x0000022245830000]
 total_blobs=5526 nmethods=4703 adapters=735
 compilation: enabled
              stopped_count=0, restarted_count=0
 full_count=0

Compilation events (20 events):
Event: 11.658 Thread 0x0000022254879940 4735       3       org.codehaus.groovy.reflection.ClassInfo$LazyClassLoaderRef::<init> (11 bytes)
Event: 11.658 Thread 0x0000022254879940 nmethod 4735 0x000002223e697410 code [0x000002223e6975e0, 0x000002223e6979f8]
Event: 11.659 Thread 0x0000022254879940 4736       3       org.codehaus.groovy.reflection.CachedClass$4::initValue (5 bytes)
Event: 11.659 Thread 0x0000022254879940 nmethod 4736 0x000002223e697b90 code [0x000002223e697d40, 0x000002223e697e88]
Event: 11.659 Thread 0x0000022254879940 4737       3       org.codehaus.groovy.reflection.CachedClass$4::initValue (63 bytes)
Event: 11.660 Thread 0x0000022254879940 nmethod 4737 0x000002223e697f10 code [0x000002223e698160, 0x000002223e698ac8]
Event: 11.666 Thread 0x0000022254879940 4739       3       org.codehaus.groovy.reflection.CachedField::isStatic (8 bytes)
Event: 11.667 Thread 0x0000022254879940 nmethod 4739 0x000002223e698e10 code [0x000002223e698fc0, 0x000002223e699218]
Event: 11.668 Thread 0x0000022254879940 4740       3       org.codehaus.groovy.reflection.CachedClass$3::initValue (205 bytes)
Event: 11.670 Thread 0x0000022254879940 nmethod 4740 0x000002223e699310 code [0x000002223e699700, 0x000002223e69b438]
Event: 11.670 Thread 0x0000022254879940 4743       3       jdk.internal.reflect.ClassFileAssembler::opc_new (16 bytes)
Event: 11.671 Thread 0x0000022254879940 nmethod 4743 0x000002223e69c090 code [0x000002223e69c2a0, 0x000002223e69c7e8]
Event: 11.671 Thread 0x0000022254879940 4742       1       jdk.internal.reflect.ClassFileAssembler::setMaxLocals (6 bytes)
Event: 11.671 Thread 0x0000022254879940 nmethod 4742 0x0000022245a73a90 code [0x0000022245a73c20, 0x0000022245a73cf8]
Event: 11.672 Thread 0x0000022254879940 4744       3       org.codehaus.groovy.reflection.CachedClass::getNewMetaMethods (166 bytes)
Event: 11.674 Thread 0x0000022254879940 nmethod 4744 0x000002223e69ca90 code [0x000002223e69ce00, 0x000002223e69e4c8]
Event: 11.674 Thread 0x0000022254879940 4745       3       org.codehaus.groovy.runtime.metaclass.MetaMethodIndex::resize (103 bytes)
Event: 11.674 Thread 0x0000022254879940 nmethod 4745 0x000002223e69ec90 code [0x000002223e69ee60, 0x000002223e69f418]
Event: 11.676 Thread 0x0000022254879940 4746       3       jdk.internal.reflect.ByteVectorImpl::resize (44 bytes)
Event: 11.677 Thread 0x0000022254879940 nmethod 4746 0x000002223e69f610 code [0x000002223e69f7c0, 0x000002223e69faa8]

GC Heap History (20 events):
Event: 7.718 GC heap before
{Heap before GC invocations=9 (full 0):
 garbage-first heap   total 70656K, used 52260K [0x0000000080000000, 0x0000000100000000)
  region size 1024K, 18 young (18432K), 4 survivors (4096K)
 Metaspace       used 33635K, committed 34048K, reserved 1114112K
  class space    used 4606K, committed 4800K, reserved 1048576K
}
Event: 7.721 GC heap after
{Heap after GC invocations=10 (full 0):
 garbage-first heap   total 70656K, used 39453K [0x0000000080000000, 0x0000000100000000)
  region size 1024K, 1 young (1024K), 1 survivors (1024K)
 Metaspace       used 33635K, committed 34048K, reserved 1114112K
  class space    used 4606K, committed 4800K, reserved 1048576K
}
Event: 8.004 GC heap before
{Heap before GC invocations=10 (full 0):
 garbage-first heap   total 70656K, used 55837K [0x0000000080000000, 0x0000000100000000)
  region size 1024K, 17 young (17408K), 1 survivors (1024K)
 Metaspace       used 35532K, committed 35904K, reserved 1114112K
  class space    used 4926K, committed 5120K, reserved 1048576K
}
Event: 8.007 GC heap after
{Heap after GC invocations=11 (full 0):
 garbage-first heap   total 70656K, used 40133K [0x0000000080000000, 0x0000000100000000)
  region size 1024K, 2 young (2048K), 2 survivors (2048K)
 Metaspace       used 35532K, committed 35904K, reserved 1114112K
  class space    used 4926K, committed 5120K, reserved 1048576K
}
Event: 8.297 GC heap before
{Heap before GC invocations=12 (full 0):
 garbage-first heap   total 73728K, used 56517K [0x0000000080000000, 0x0000000100000000)
  region size 1024K, 18 young (18432K), 2 survivors (2048K)
 Metaspace       used 37920K, committed 38336K, reserved 1114112K
  class space    used 5310K, committed 5504K, reserved 1048576K
}
Event: 8.300 GC heap after
{Heap after GC invocations=13 (full 0):
 garbage-first heap   total 73728K, used 40933K [0x0000000080000000, 0x0000000100000000)
  region size 1024K, 3 young (3072K), 3 survivors (3072K)
 Metaspace       used 37920K, committed 38336K, reserved 1114112K
  class space    used 5310K, committed 5504K, reserved 1048576K
}
Event: 8.648 GC heap before
{Heap before GC invocations=13 (full 0):
 garbage-first heap   total 73728K, used 57317K [0x0000000080000000, 0x0000000100000000)
  region size 1024K, 20 young (20480K), 3 survivors (3072K)
 Metaspace       used 41602K, committed 41984K, reserved 1114112K
  class space    used 5700K, committed 5888K, reserved 1048576K
}
Event: 8.654 GC heap after
{Heap after GC invocations=14 (full 0):
 garbage-first heap   total 73728K, used 42670K [0x0000000080000000, 0x0000000100000000)
  region size 1024K, 3 young (3072K), 3 survivors (3072K)
 Metaspace       used 41602K, committed 41984K, reserved 1114112K
  class space    used 5700K, committed 5888K, reserved 1048576K
}
Event: 8.955 GC heap before
{Heap before GC invocations=15 (full 0):
 garbage-first heap   total 75776K, used 58030K [0x0000000080000000, 0x0000000100000000)
  region size 1024K, 19 young (19456K), 3 survivors (3072K)
 Metaspace       used 44522K, committed 44928K, reserved 1114112K
  class space    used 6028K, committed 6208K, reserved 1048576K
}
Event: 8.962 GC heap after
{Heap after GC invocations=16 (full 0):
 garbage-first heap   total 75776K, used 45182K [0x0000000080000000, 0x0000000100000000)
  region size 1024K, 3 young (3072K), 3 survivors (3072K)
 Metaspace       used 44522K, committed 44928K, reserved 1114112K
  class space    used 6028K, committed 6208K, reserved 1048576K
}
Event: 9.057 GC heap before
{Heap before GC invocations=16 (full 0):
 garbage-first heap   total 75776K, used 60542K [0x0000000080000000, 0x0000000100000000)
  region size 1024K, 18 young (18432K), 3 survivors (3072K)
 Metaspace       used 44652K, committed 45120K, reserved 1114112K
  class space    used 6039K, committed 6272K, reserved 1048576K
}
Event: 9.061 GC heap after
{Heap after GC invocations=17 (full 0):
 garbage-first heap   total 91136K, used 45869K [0x0000000080000000, 0x0000000100000000)
  region size 1024K, 2 young (2048K), 2 survivors (2048K)
 Metaspace       used 44652K, committed 45120K, reserved 1114112K
  class space    used 6039K, committed 6272K, reserved 1048576K
}
Event: 9.628 GC heap before
{Heap before GC invocations=18 (full 0):
 garbage-first heap   total 91136K, used 75565K [0x0000000080000000, 0x0000000100000000)
  region size 1024K, 27 young (27648K), 2 survivors (2048K)
 Metaspace       used 48342K, committed 48768K, reserved 1114112K
  class space    used 6457K, committed 6656K, reserved 1048576K
}
Event: 9.633 GC heap after
{Heap after GC invocations=19 (full 0):
 garbage-first heap   total 91136K, used 47902K [0x0000000080000000, 0x0000000100000000)
  region size 1024K, 4 young (4096K), 4 survivors (4096K)
 Metaspace       used 48342K, committed 48768K, reserved 1114112K
  class space    used 6457K, committed 6656K, reserved 1048576K
}
Event: 11.124 GC heap before
{Heap before GC invocations=19 (full 0):
 garbage-first heap   total 91136K, used 71454K [0x0000000080000000, 0x0000000100000000)
  region size 1024K, 28 young (28672K), 4 survivors (4096K)
 Metaspace       used 50703K, committed 51136K, reserved 1114112K
  class space    used 6842K, committed 7040K, reserved 1048576K
}
Event: 11.131 GC heap after
{Heap after GC invocations=20 (full 0):
 garbage-first heap   total 91136K, used 49908K [0x0000000080000000, 0x0000000100000000)
  region size 1024K, 4 young (4096K), 4 survivors (4096K)
 Metaspace       used 50703K, committed 51136K, reserved 1114112K
  class space    used 6842K, committed 7040K, reserved 1048576K
}
Event: 11.317 GC heap before
{Heap before GC invocations=21 (full 0):
 garbage-first heap   total 101376K, used 63220K [0x0000000080000000, 0x0000000100000000)
  region size 1024K, 11 young (11264K), 4 survivors (4096K)
 Metaspace       used 50964K, committed 51456K, reserved 1114112K
  class space    used 6889K, committed 7104K, reserved 1048576K
}
Event: 11.325 GC heap after
{Heap after GC invocations=22 (full 0):
 garbage-first heap   total 101376K, used 60426K [0x0000000080000000, 0x0000000100000000)
  region size 1024K, 4 young (4096K), 4 survivors (4096K)
 Metaspace       used 50964K, committed 51456K, reserved 1114112K
  class space    used 6889K, committed 7104K, reserved 1048576K
}
Event: 11.439 GC heap before
{Heap before GC invocations=23 (full 0):
 garbage-first heap   total 114688K, used 69642K [0x0000000080000000, 0x0000000100000000)
  region size 1024K, 10 young (10240K), 4 survivors (4096K)
 Metaspace       used 51315K, committed 51776K, reserved 1114112K
  class space    used 6914K, committed 7104K, reserved 1048576K
}
Event: 11.443 GC heap after
{Heap after GC invocations=24 (full 0):
 garbage-first heap   total 114688K, used 67303K [0x0000000080000000, 0x0000000100000000)
  region size 1024K, 2 young (2048K), 2 survivors (2048K)
 Metaspace       used 51315K, committed 51776K, reserved 1114112K
  class space    used 6914K, committed 7104K, reserved 1048576K
}

Dll operation events (3 events):
Event: 0.016 Loaded shared library C:\Program Files\Android\Android Studio\jbr\bin\java.dll
Event: 0.250 Loaded shared library C:\Program Files\Android\Android Studio\jbr\bin\zip.dll
Event: 0.949 Loaded shared library C:\Program Files\Android\Android Studio\jbr\bin\verify.dll

Deoptimization events (20 events):
Event: 10.351 Thread 0x000002225ac4bf40 DEOPT PACKING pc=0x000002223e102108 sp=0x000000f5ebff68a0
Event: 10.351 Thread 0x000002225ac4bf40 DEOPT UNPACKING pc=0x00000222452e7143 sp=0x000000f5ebff5da8 mode 0
Event: 11.157 Thread 0x000002225ac4bf40 DEOPT PACKING pc=0x000002223e2d6569 sp=0x000000f5ebff7f70
Event: 11.157 Thread 0x000002225ac4bf40 DEOPT UNPACKING pc=0x00000222452e7143 sp=0x000000f5ebff7500 mode 0
Event: 11.179 Thread 0x000002225ac4bf40 DEOPT PACKING pc=0x000002223e2d6569 sp=0x000000f5ebff7f70
Event: 11.179 Thread 0x000002225ac4bf40 DEOPT UNPACKING pc=0x00000222452e7143 sp=0x000000f5ebff7500 mode 0
Event: 11.210 Thread 0x000002225ac4bf40 Uncommon trap: trap_request=0xffffff45 fr.pc=0x0000022245936f80 relative=0x0000000000000640
Event: 11.210 Thread 0x000002225ac4bf40 Uncommon trap: reason=unstable_if action=reinterpret pc=0x0000022245936f80 method=java.lang.StringLatin1.regionMatchesCI([BI[BII)Z @ 72 c2
Event: 11.210 Thread 0x000002225ac4bf40 DEOPT PACKING pc=0x0000022245936f80 sp=0x000000f5ebff8730
Event: 11.210 Thread 0x000002225ac4bf40 DEOPT UNPACKING pc=0x00000222452e69a3 sp=0x000000f5ebff85f8 mode 2
Event: 11.210 Thread 0x000002225ac4bf40 Uncommon trap: trap_request=0xffffff45 fr.pc=0x00000222459361c8 relative=0x0000000000000488
Event: 11.210 Thread 0x000002225ac4bf40 Uncommon trap: reason=unstable_if action=reinterpret pc=0x00000222459361c8 method=java.lang.StringLatin1.regionMatchesCI([BI[BII)Z @ 72 c2
Event: 11.210 Thread 0x000002225ac4bf40 DEOPT PACKING pc=0x00000222459361c8 sp=0x000000f5ebff8600
Event: 11.210 Thread 0x000002225ac4bf40 DEOPT UNPACKING pc=0x00000222452e69a3 sp=0x000000f5ebff8590 mode 2
Event: 11.332 Thread 0x000002225ac4bf40 DEOPT PACKING pc=0x000002223e2d6569 sp=0x000000f5ebff4840
Event: 11.332 Thread 0x000002225ac4bf40 DEOPT UNPACKING pc=0x00000222452e7143 sp=0x000000f5ebff3dc0 mode 0
Event: 11.412 Thread 0x000002225ac4bf40 DEOPT PACKING pc=0x000002223e1dd4d4 sp=0x000000f5ebff6bb0
Event: 11.412 Thread 0x000002225ac4bf40 DEOPT UNPACKING pc=0x00000222452e7143 sp=0x000000f5ebff6108 mode 0
Event: 11.584 Thread 0x000002225ac4bf40 DEOPT PACKING pc=0x000002223e30c83b sp=0x000000f5ebff10d0
Event: 11.584 Thread 0x000002225ac4bf40 DEOPT UNPACKING pc=0x00000222452e7143 sp=0x000000f5ebff0540 mode 0

Classes unloaded (0 events):
No events

Classes redefined (0 events):
No events

Internal exceptions (20 events):
Event: 11.294 Thread 0x000002225ac4bf40 Exception <a 'java/lang/ClassNotFoundException'{0x0000000085ee17b8}: org/gradle/internal/extensibility/DefaultConventionBeanInfo> (0x0000000085ee17b8) 
thrown [s\src\hotspot\share\classfile\systemDictionary.cpp, line 256]
Event: 11.295 Thread 0x000002225ac4bf40 Exception <a 'java/lang/ClassNotFoundException'{0x0000000085ef6f38}: org/gradle/internal/extensibility/DefaultConventionCustomizer> (0x0000000085ef6f38) 
thrown [s\src\hotspot\share\classfile\systemDictionary.cpp, line 256]
Event: 11.311 Thread 0x000002225ac4bf40 Exception <a 'java/lang/ClassNotFoundException'{0x0000000085da2df0}: com/intellij/gradle/toolingExtension/impl/modelBuilder/ExtraModelBuilderBeanInfo> (0x0000000085da2df0) 
thrown [s\src\hotspot\share\classfile\systemDictionary.cpp, line 256]
Event: 11.311 Thread 0x000002225ac4bf40 Exception <a 'java/lang/ClassNotFoundException'{0x0000000085dae398}: com/intellij/gradle/toolingExtension/impl/modelBuilder/ExtraModelBuilderCustomizer> (0x0000000085dae398) 
thrown [s\src\hotspot\share\classfile\systemDictionary.cpp, line 256]
Event: 11.556 Thread 0x000002225ac4bf40 Exception <a 'java/lang/ClassNotFoundException'{0x000000008766e6b0}: com/intellij/gradle/toolingExtension/util/GradleVersionUtilBeanInfo> (0x000000008766e6b0) 
thrown [s\src\hotspot\share\classfile\systemDictionary.cpp, line 256]
Event: 11.556 Thread 0x000002225ac4bf40 Exception <a 'java/lang/ClassNotFoundException'{0x000000008767b0b0}: com/intellij/gradle/toolingExtension/util/GradleVersionUtilCustomizer> (0x000000008767b0b0) 
thrown [s\src\hotspot\share\classfile\systemDictionary.cpp, line 256]
Event: 11.572 Thread 0x000002225ac4bf40 Exception <a 'java/lang/ClassNotFoundException'{0x00000000876de8e0}: org/jetbrains/plugins/gradle/tooling/builder/WarModelBuilderImplBeanInfo> (0x00000000876de8e0) 
thrown [s\src\hotspot\share\classfile\systemDictionary.cpp, line 256]
Event: 11.572 Thread 0x000002225ac4bf40 Exception <a 'java/lang/ClassNotFoundException'{0x00000000876eb078}: org/jetbrains/plugins/gradle/tooling/AbstractModelBuilderServiceBeanInfo> (0x00000000876eb078) 
thrown [s\src\hotspot\share\classfile\systemDictionary.cpp, line 256]
Event: 11.573 Thread 0x000002225ac4bf40 Exception <a 'java/lang/ClassNotFoundException'{0x00000000876f7ad8}: org/jetbrains/plugins/gradle/tooling/AbstractModelBuilderServiceCustomizer> (0x00000000876f7ad8) 
thrown [s\src\hotspot\share\classfile\systemDictionary.cpp, line 256]
Event: 11.574 Thread 0x000002225ac4bf40 Exception <a 'java/lang/ClassNotFoundException'{0x0000000087507478}: org/jetbrains/plugins/gradle/tooling/builder/WarModelBuilderImplCustomizer> (0x0000000087507478) 
thrown [s\src\hotspot\share\classfile\systemDictionary.cpp, line 256]
Event: 11.591 Thread 0x000002225ac4bf40 Exception <a 'java/lang/ClassNotFoundException'{0x00000000875d6ed8}: org/jetbrains/plugins/gradle/tooling/builder/EarModelBuilderImplBeanInfo> (0x00000000875d6ed8) 
thrown [s\src\hotspot\share\classfile\systemDictionary.cpp, line 256]
Event: 11.592 Thread 0x000002225ac4bf40 Exception <a 'java/lang/ClassNotFoundException'{0x00000000875e33f0}: org/jetbrains/plugins/gradle/tooling/builder/EarModelBuilderImplCustomizer> (0x00000000875e33f0) 
thrown [s\src\hotspot\share\classfile\systemDictionary.cpp, line 256]
Event: 11.607 Thread 0x000002225ac4bf40 Exception <a 'java/lang/ClassNotFoundException'{0x00000000874b9ba0}: org/jetbrains/plugins/gradle/tooling/builder/ExternalTestsModelBuilderImplBeanInfo> (0x00000000874b9ba0) 
thrown [s\src\hotspot\share\classfile\systemDictionary.cpp, line 256]
Event: 11.607 Thread 0x000002225ac4bf40 Exception <a 'java/lang/ClassNotFoundException'{0x00000000874c6158}: org/jetbrains/plugins/gradle/tooling/builder/ExternalTestsModelBuilderImplCustomizer> (0x00000000874c6158) 
thrown [s\src\hotspot\share\classfile\systemDictionary.cpp, line 256]
Event: 11.664 Thread 0x000002225ac4bf40 Exception <a 'java/lang/ClassNotFoundException'{0x0000000087127708}: org/jetbrains/plugins/gradle/tooling/builder/ProjectExtensionsDataBuilderImplBeanInfo> (0x0000000087127708) 
thrown [s\src\hotspot\share\classfile\systemDictionary.cpp, line 256]
Event: 11.664 Thread 0x000002225ac4bf40 Exception <a 'java/lang/ClassNotFoundException'{0x0000000087133cc8}: org/jetbrains/plugins/gradle/tooling/builder/ProjectExtensionsDataBuilderImplCustomizer> (0x0000000087133cc8) 
thrown [s\src\hotspot\share\classfile\systemDictionary.cpp, line 256]
Event: 11.669 Thread 0x000002225ac4bf40 Exception <a 'java/lang/ClassNotFoundException'{0x00000000871754b0}: org/jetbrains/plugins/gradle/tooling/builder/IntelliJSettingsBuilderBeanInfo> (0x00000000871754b0) 
thrown [s\src\hotspot\share\classfile\systemDictionary.cpp, line 256]
Event: 11.670 Thread 0x000002225ac4bf40 Exception <a 'java/lang/ClassNotFoundException'{0x00000000871819f0}: org/jetbrains/plugins/gradle/tooling/builder/IntelliJSettingsBuilderCustomizer> (0x00000000871819f0) 
thrown [s\src\hotspot\share\classfile\systemDictionary.cpp, line 256]
Event: 11.675 Thread 0x000002225ac4bf40 Exception <a 'java/lang/ClassNotFoundException'{0x00000000871b7ba0}: org/jetbrains/plugins/gradle/tooling/builder/IntelliJProjectSettingsBuilderBeanInfo> (0x00000000871b7ba0) 
thrown [s\src\hotspot\share\classfile\systemDictionary.cpp, line 256]
Event: 11.676 Thread 0x000002225ac4bf40 Exception <a 'java/lang/ClassNotFoundException'{0x00000000871c4160}: org/jetbrains/plugins/gradle/tooling/builder/IntelliJProjectSettingsBuilderCustomizer> (0x00000000871c4160) 
thrown [s\src\hotspot\share\classfile\systemDictionary.cpp, line 256]

VM Operations (20 events):
Event: 10.920 Executing VM operation: Cleanup
Event: 10.920 Executing VM operation: Cleanup done
Event: 11.124 Executing VM operation: G1CollectForAllocation
Event: 11.131 Executing VM operation: G1CollectForAllocation done
Event: 11.179 Executing VM operation: G1PauseRemark
Event: 11.183 Executing VM operation: G1PauseRemark done
Event: 11.205 Executing VM operation: G1PauseCleanup
Event: 11.205 Executing VM operation: G1PauseCleanup done
Event: 11.317 Executing VM operation: G1TryInitiateConcMark
Event: 11.325 Executing VM operation: G1TryInitiateConcMark done
Event: 11.394 Executing VM operation: G1PauseRemark
Event: 11.399 Executing VM operation: G1PauseRemark done
Event: 11.427 Executing VM operation: G1PauseCleanup
Event: 11.428 Executing VM operation: G1PauseCleanup done
Event: 11.439 Executing VM operation: G1TryInitiateConcMark
Event: 11.444 Executing VM operation: G1TryInitiateConcMark done
Event: 11.521 Executing VM operation: G1PauseRemark
Event: 11.527 Executing VM operation: G1PauseRemark done
Event: 11.561 Executing VM operation: G1PauseCleanup
Event: 11.561 Executing VM operation: G1PauseCleanup done

Events (20 events):
Event: 10.250 loading class java/util/stream/SortedOps$SizedRefSortingSink done
Event: 10.334 Thread 0x0000022259ca5200 Thread added: 0x0000022259ca5200
Event: 10.334 Thread 0x0000022259ca7570 Thread added: 0x0000022259ca7570
Event: 10.335 Thread 0x0000022259ca2e90 Thread added: 0x0000022259ca2e90
Event: 11.209 loading class sun/misc/SharedSecrets
Event: 11.209 loading class sun/misc/SharedSecrets done
Event: 11.258 loading class java/lang/ClassBeanInfo
Event: 11.258 loading class java/lang/ClassBeanInfo done
Event: 11.258 loading class java/lang/ClassBeanInfo
Event: 11.258 loading class java/lang/ClassBeanInfo done
Event: 11.258 loading class java/lang/ClassCustomizer
Event: 11.258 loading class java/lang/ClassCustomizer done
Event: 11.259 loading class java/lang/ClassCustomizer
Event: 11.259 loading class java/lang/ClassCustomizer done
Event: 11.260 loading class sun/reflect/generics/tree/BooleanSignature
Event: 11.260 loading class sun/reflect/generics/tree/BooleanSignature done
Event: 11.260 loading class sun/reflect/generics/reflectiveObjects/GenericArrayTypeImpl
Event: 11.260 loading class sun/reflect/generics/reflectiveObjects/GenericArrayTypeImpl done
Event: 11.264 loading class jdk/internal/vm/annotation/ForceInline
Event: 11.264 loading class jdk/internal/vm/annotation/ForceInline done


Dynamic libraries:
0x00007ff694ca0000 - 0x00007ff694caa000 	C:\Program Files\Android\Android Studio\jbr\bin\java.exe
0x00007ffa22590000 - 0x00007ffa22785000 	C:\Windows\SYSTEM32\ntdll.dll
0x00007ffa20780000 - 0x00007ffa2083d000 	C:\Windows\System32\KERNEL32.DLL
0x00007ffa1fe70000 - 0x00007ffa20138000 	C:\Windows\System32\KERNELBASE.dll
0x00007ffa20380000 - 0x00007ffa20480000 	C:\Windows\System32\ucrtbase.dll
0x00007ffa16df0000 - 0x00007ffa16e07000 	C:\Program Files\Android\Android Studio\jbr\bin\jli.dll
0x00007ffa17b50000 - 0x00007ffa17b6b000 	C:\Program Files\Android\Android Studio\jbr\bin\VCRUNTIME140.dll
0x00007ffa21330000 - 0x00007ffa214d0000 	C:\Windows\System32\USER32.dll
0x00007ffa201c0000 - 0x00007ffa201e2000 	C:\Windows\System32\win32u.dll
0x00007ffa10de0000 - 0x00007ffa1107a000 	C:\Windows\WinSxS\amd64_microsoft.windows.common-controls_6595b64144ccf1df_6.0.19041.844_none_ca00b6081b84eb1d\COMCTL32.dll
0x00007ffa20910000 - 0x00007ffa2093a000 	C:\Windows\System32\GDI32.dll
0x00007ffa201f0000 - 0x00007ffa202fb000 	C:\Windows\System32\gdi32full.dll
0x00007ffa20590000 - 0x00007ffa2062d000 	C:\Windows\System32\msvcp_win.dll
0x00007ffa20940000 - 0x00007ffa209de000 	C:\Windows\System32\msvcrt.dll
0x00007ffa21300000 - 0x00007ffa21330000 	C:\Windows\System32\IMM32.DLL
0x00007ffa18070000 - 0x00007ffa1807c000 	C:\Program Files\Android\Android Studio\jbr\bin\vcruntime140_1.dll
0x00007ffa0d550000 - 0x00007ffa0d5dd000 	C:\Program Files\Android\Android Studio\jbr\bin\msvcp140.dll
0x00007ff9cef20000 - 0x00007ff9cfba3000 	C:\Program Files\Android\Android Studio\jbr\bin\server\jvm.dll
0x00007ffa222b0000 - 0x00007ffa2235c000 	C:\Windows\System32\ADVAPI32.dll
0x00007ffa22360000 - 0x00007ffa223fb000 	C:\Windows\System32\sechost.dll
0x00007ffa220c0000 - 0x00007ffa221eb000 	C:\Windows\System32\RPCRT4.dll
0x00007ffa1fb80000 - 0x00007ffa1fbcb000 	C:\Windows\SYSTEM32\POWRPROF.dll
0x00007ffa17c30000 - 0x00007ffa17c39000 	C:\Windows\SYSTEM32\WSOCK32.dll
0x00007ffa21280000 - 0x00007ffa212eb000 	C:\Windows\System32\WS2_32.dll
0x00007ffa14340000 - 0x00007ffa1434a000 	C:\Windows\SYSTEM32\VERSION.dll
0x00007ffa14310000 - 0x00007ffa14337000 	C:\Windows\SYSTEM32\WINMM.dll
0x00007ffa1fb60000 - 0x00007ffa1fb72000 	C:\Windows\SYSTEM32\UMPDC.dll
0x00007ffa1dc50000 - 0x00007ffa1dc62000 	C:\Windows\SYSTEM32\kernel.appcore.dll
0x00007ffa177e0000 - 0x00007ffa177ea000 	C:\Program Files\Android\Android Studio\jbr\bin\jimage.dll
0x00007ffa0c7d0000 - 0x00007ffa0c9b4000 	C:\Windows\SYSTEM32\DBGHELP.DLL
0x00007ffa0c640000 - 0x00007ffa0c66c000 	C:\Windows\SYSTEM32\dbgcore.DLL
0x00007ffa20140000 - 0x00007ffa201c0000 	C:\Windows\System32\bcryptPrimitives.dll
0x00007ffa16f20000 - 0x00007ffa16f2e000 	C:\Program Files\Android\Android Studio\jbr\bin\instrument.dll
0x00007ffa17590000 - 0x00007ffa175b5000 	C:\Program Files\Android\Android Studio\jbr\bin\java.dll
0x00007ffa17530000 - 0x00007ffa17548000 	C:\Program Files\Android\Android Studio\jbr\bin\zip.dll
0x00007ffa21970000 - 0x00007ffa220b2000 	C:\Windows\System32\SHELL32.dll
0x00007ffa1de50000 - 0x00007ffa1e5e1000 	C:\Windows\SYSTEM32\windows.storage.dll
0x00007ffa21590000 - 0x00007ffa218e5000 	C:\Windows\System32\combase.dll
0x00007ffa1f6b0000 - 0x00007ffa1f6dc000 	C:\Windows\SYSTEM32\Wldp.dll
0x00007ffa214e0000 - 0x00007ffa2158e000 	C:\Windows\System32\SHCORE.dll
0x00007ffa22400000 - 0x00007ffa22455000 	C:\Windows\System32\shlwapi.dll
0x00007ffa1fc50000 - 0x00007ffa1fc6f000 	C:\Windows\SYSTEM32\profapi.dll
0x00007ffa17510000 - 0x00007ffa17529000 	C:\Program Files\Android\Android Studio\jbr\bin\net.dll
0x00007ffa119d0000 - 0x00007ffa11adb000 	C:\Windows\SYSTEM32\WINHTTP.dll
0x00007ffa1f420000 - 0x00007ffa1f48a000 	C:\Windows\system32\mswsock.dll
0x00007ffa171f0000 - 0x00007ffa17206000 	C:\Program Files\Android\Android Studio\jbr\bin\nio.dll
0x00007ffa17130000 - 0x00007ffa17140000 	C:\Program Files\Android\Android Studio\jbr\bin\verify.dll
0x00007ffa11140000 - 0x00007ffa11167000 	C:\Users\yahaira\.gradle\native\c067742578af261105cb4f569cf0c3c89f3d7b1fecec35dd04571415982c5e48\windows-amd64\native-platform.dll
0x00007ffa0d400000 - 0x00007ffa0d544000 	C:\Users\yahaira\.gradle\native\38dada09dfb8b06ba9b0570ebf7e218e3eb74d4ef43ca46872605cf95ebc2f47\windows-amd64\native-platform-file-events.dll
0x00007ffa17190000 - 0x00007ffa17199000 	C:\Program Files\Android\Android Studio\jbr\bin\management.dll
0x00007ffa17140000 - 0x00007ffa1714b000 	C:\Program Files\Android\Android Studio\jbr\bin\management_ext.dll
0x00007ffa214d0000 - 0x00007ffa214d8000 	C:\Windows\System32\PSAPI.DLL
0x00007ffa1f5f0000 - 0x00007ffa1f608000 	C:\Windows\SYSTEM32\CRYPTSP.dll
0x00007ffa1edc0000 - 0x00007ffa1edf4000 	C:\Windows\system32\rsaenh.dll
0x00007ffa20350000 - 0x00007ffa20377000 	C:\Windows\System32\bcrypt.dll
0x00007ffa1fc10000 - 0x00007ffa1fc3e000 	C:\Windows\SYSTEM32\USERENV.dll
0x00007ffa1f610000 - 0x00007ffa1f61c000 	C:\Windows\SYSTEM32\CRYPTBASE.dll
0x00007ffa1f110000 - 0x00007ffa1f14b000 	C:\Windows\SYSTEM32\IPHLPAPI.DLL
0x00007ffa20630000 - 0x00007ffa20638000 	C:\Windows\System32\NSI.dll
0x00007ffa15200000 - 0x00007ffa15217000 	C:\Windows\SYSTEM32\dhcpcsvc6.DLL
0x00007ffa15150000 - 0x00007ffa1516d000 	C:\Windows\SYSTEM32\dhcpcsvc.DLL
0x00007ffa1f150000 - 0x00007ffa1f21c000 	C:\Windows\SYSTEM32\DNSAPI.dll
0x00007ffa171e0000 - 0x00007ffa171e9000 	C:\Program Files\Android\Android Studio\jbr\bin\extnet.dll
0x00007ffa177d0000 - 0x00007ffa177d7000 	C:\Windows\system32\wshunix.dll

dbghelp: loaded successfully - version: 4.0.5 - missing functions: none
symbol engine: initialized successfully - sym options: 0x614 - pdb path: .;C:\Program Files\Android\Android Studio\jbr\bin;C:\Windows\SYSTEM32;C:\Windows\WinSxS\amd64_microsoft.windows.common-controls_6595b64144ccf1df_6.0.19041.844_none_ca00b6081b84eb1d;C:\Program Files\Android\Android Studio\jbr\bin\server;C:\Users\yahaira\.gradle\native\c067742578af261105cb4f569cf0c3c89f3d7b1fecec35dd04571415982c5e48\windows-amd64;C:\Users\yahaira\.gradle\native\38dada09dfb8b06ba9b0570ebf7e218e3eb74d4ef43ca46872605cf95ebc2f47\windows-amd64

VM Arguments:
jvm_args: --add-opens=java.base/java.util=ALL-UNNAMED --add-opens=java.base/java.lang=ALL-UNNAMED --add-opens=java.base/java.lang.invoke=ALL-UNNAMED --add-opens=java.prefs/java.util.prefs=ALL-UNNAMED --add-opens=java.base/java.nio.charset=ALL-UNNAMED --add-opens=java.base/java.net=ALL-UNNAMED --add-opens=java.base/java.util.concurrent.atomic=ALL-UNNAMED -Xmx2048m -Dfile.encoding=UTF-8 -Duser.country=MX -Duser.language=es -Duser.variant -javaagent:C:\Users\yahaira\.gradle\wrapper\dists\gradle-8.7-bin\bhs2wmbdwecv87pi65oeuq5iu\gradle-8.7\lib\agents\gradle-instrumentation-agent-8.7.jar 
java_command: org.gradle.launcher.daemon.bootstrap.GradleDaemon 8.7
java_class_path (initial): C:\Users\yahaira\.gradle\wrapper\dists\gradle-8.7-bin\bhs2wmbdwecv87pi65oeuq5iu\gradle-8.7\lib\gradle-launcher-8.7.jar
Launcher Type: SUN_STANDARD

[Global flags]
     intx CICompilerCount                          = 3                                         {product} {ergonomic}
     uint ConcGCThreads                            = 1                                         {product} {ergonomic}
     uint G1ConcRefinementThreads                  = 4                                         {product} {ergonomic}
   size_t G1HeapRegionSize                         = 1048576                                   {product} {ergonomic}
    uintx GCDrainStackTargetSize                   = 64                                        {product} {ergonomic}
   size_t InitialHeapSize                          = 100663296                                 {product} {ergonomic}
   size_t MarkStackSize                            = 4194304                                   {product} {ergonomic}
   size_t MaxHeapSize                              = 2147483648                                {product} {command line}
   size_t MaxNewSize                               = 1287651328                                {product} {ergonomic}
   size_t MinHeapDeltaBytes                        = 1048576                                   {product} {ergonomic}
   size_t MinHeapSize                              = 8388608                                   {product} {ergonomic}
    uintx NonNMethodCodeHeapSize                   = 5832780                                {pd product} {ergonomic}
    uintx NonProfiledCodeHeapSize                  = 122912730                              {pd product} {ergonomic}
    uintx ProfiledCodeHeapSize                     = 122912730                              {pd product} {ergonomic}
    uintx ReservedCodeCacheSize                    = 251658240                              {pd product} {ergonomic}
     bool SegmentedCodeCache                       = true                                      {product} {ergonomic}
   size_t SoftMaxHeapSize                          = 2147483648                             {manageable} {ergonomic}
     bool UseCompressedClassPointers               = true                           {product lp64_product} {ergonomic}
     bool UseCompressedOops                        = true                           {product lp64_product} {ergonomic}
     bool UseG1GC                                  = true                                      {product} {ergonomic}
     bool UseLargePagesIndividualAllocation        = false                                  {pd product} {ergonomic}

Logging:
Log output configuration:
 #0: stdout all=warning uptime,level,tags
 #1: stderr all=off uptime,level,tags

Environment Variables:
PATH=C:\Windows\system32;C:\Windows;C:\Windows\System32\Wbem;C:\Windows\System32\WindowsPowerShell\v1.0\;C:\Windows\System32\OpenSSH\;C:\Program Files\Microsoft SQL Server\130\Tools\Binn\;C:\Program Files\Microsoft SQL Server\Client SDK\ODBC\170\Tools\Binn\;C:\Program Files (x86)\Microsoft SQL Server\160\Tools\Binn\;C:\Program Files\Microsoft SQL Server\160\Tools\Binn\;C:\Program Files\Microsoft SQL Server\160\DTS\Binn\;C:\Program Files (x86)\Microsoft SQL Server\160\DTS\Binn\;C:\Program Files\Azure Data Studio\bin;C:\Program Files\Git\cmd;C:\Program Files\MySQL\MySQL Shell 8.0\bin\;C:\Program Files\Azure Data Studio\bin;C:\Users\yahaira\AppData\Local\Programs\Microsoft VS Code\bin
USERNAME=yahaira
OS=Windows_NT
PROCESSOR_IDENTIFIER=AMD64 Family 23 Model 24 Stepping 1, AuthenticAMD
TMP=C:\Users\yahaira\AppData\Local\Temp
TEMP=C:\Users\yahaira\AppData\Local\Temp



Periodic native trim disabled

JNI global refs:
JNI global refs: 26, weak refs: 2

JNI global refs memory usage: 843, weak refs: 841

Process memory usage:
Resident Set Size: 265100K (4% of 6164744K total physical memory with 193404K free physical memory)

OOME stack traces (most recent first):
Classloader memory used:
