#
# There is insufficient memory for the Java Runtime Environment to continue.
# Native memory allocation (mmap) failed to map 100663296 bytes. Error detail: G1 virtual space
# Possible reasons:
#   The system is out of physical RAM or swap space
#   This process is running with CompressedOops enabled, and the Java Heap may be blocking the growth of the native heap
# Possible solutions:
#   Reduce memory load on the system
#   Increase physical memory or swap space
#   Check if swap backing store is full
#   Decrease Java heap size (-Xmx/-Xms)
#   Decrease number of Java threads
#   Decrease Java thread stack sizes (-Xss)
#   Set larger code cache with -XX:ReservedCodeCacheSize=
#   JVM is running with Unscaled Compressed Oops mode in which the Java heap is
#     placed in the first 4GB address space. The Java Heap base address is the
#     maximum limit for the native heap growth. Please use -XX:HeapBaseMinAddress
#     to set the Java Heap base and to place the Java Heap above 4GB virtual address.
# This output file may be truncated or incomplete.
#
#  Out of Memory Error (os_windows.cpp:3825), pid=7636, tid=8096
#
# JRE version:  (17.0.11) (build )
# Java VM: OpenJDK 64-Bit Server VM (17.0.11+0--11852314, mixed mode, sharing, tiered, compressed oops, compressed class ptrs, g1 gc, windows-amd64)
# No core dump will be written. Minidumps are not enabled by default on client versions of Windows
#

---------------  S U M M A R Y ------------

Command Line: -javaagent:C:\Program Files\Android\Android Studio\lib\idea_rt.jar=14125:C:\Program Files\Android\Android Studio\bin -Dfile.encoding=UTF-8 classes.VariablesKt

Host: AMD Ryzen 3 3200U with Radeon Vega Mobile Gfx  , 4 cores, 5G,  Windows 10 , 64 bit Build 19041 (10.0.19041.928)
Time: Mon Sep  2 10:27:54 2024 Hora de verano central (México) elapsed time: 0.019945 seconds (0d 0h 0m 0s)

---------------  T H R E A D  ---------------

Current thread (0x00000250e53d1eb0):  JavaThread "Unknown thread" [_thread_in_vm, id=8096, stack(0x000000adbfd00000,0x000000adbfe00000)]

Stack: [0x000000adbfd00000,0x000000adbfe00000]
Native frames: (J=compiled Java code, j=interpreted, Vv=VM code, C=native code)
V  [jvm.dll+0x687bb9]
V  [jvm.dll+0x84142a]
V  [jvm.dll+0x8430ae]
V  [jvm.dll+0x843713]
V  [jvm.dll+0x24a35f]
V  [jvm.dll+0x684989]
V  [jvm.dll+0x67923a]
V  [jvm.dll+0x30af0b]
V  [jvm.dll+0x3123b6]
V  [jvm.dll+0x361dfe]
V  [jvm.dll+0x36202f]
V  [jvm.dll+0x2e0d38]
V  [jvm.dll+0x2e1ca4]
V  [jvm.dll+0x811f21]
V  [jvm.dll+0x36fb68]
V  [jvm.dll+0x7f0896]
V  [jvm.dll+0x3f3d2f]
V  [jvm.dll+0x3f58e1]
C  [jli.dll+0x528f]
C  [ucrtbase.dll+0x21bb2]
C  [KERNEL32.DLL+0x17034]
C  [ntdll.dll+0x52651]


---------------  P R O C E S S  ---------------

Threads class SMR info:
_java_thread_list=0x00007ff8b29defd8, length=0, elements={
}

Java Threads: ( => current thread )

Other Threads:
  0x00000250e541e9c0 GCTaskThread "GC Thread#0" [stack: 0x000000adbfe00000,0x000000adbff00000] [id=10112]
  0x00000250e542b460 ConcurrentGCThread "G1 Main Marker" [stack: 0x000000adbff00000,0x000000adc0000000] [id=1932]
  0x00000250e542bd90 ConcurrentGCThread "G1 Conc#0" [stack: 0x000000adc0000000,0x000000adc0100000] [id=6460]

[error occurred during error reporting (printing all threads), id 0xc0000005, EXCEPTION_ACCESS_VIOLATION (0xc0000005) at pc=0x00007ff8b2191907]

VM state: not at safepoint (not fully initialized)

VM Mutex/Monitor currently owned by a thread:  ([mutex/lock_event])
[0x00000250e53cd790] Heap_lock - owner thread: 0x00000250e53d1eb0

Heap address: 0x00000000a1e00000, size: 1506 MB, Compressed Oops mode: 32-bit

CDS archive(s) mapped at: [0x0000000000000000-0x0000000000000000-0x0000000000000000), size 0, SharedBaseAddress: 0x0000000800000000, ArchiveRelocationMode: 1.
Narrow klass base: 0x0000000000000000, Narrow klass shift: 0, Narrow klass range: 0x0

GC Precious Log:
<Empty>

Heap:
 garbage-first heap   total 0K, used 0K [0x00000000a1e00000, 0x0000000100000000)
  region size 1024K, 0 young (0K), 0 survivors (0K)
 Metaspace       used 0K, committed 0K, reserved 0K
  class space    used 0K, committed 0K, reserved 0K

Heap Regions: E=young(eden), S=young(survivor), O=old, HS=humongous(starts), HC=humongous(continues), CS=collection set, F=free, OA=open archive, CA=closed archive, TAMS=top-at-mark-start (previous, next)

Card table byte_map: [0x00000250f9970000,0x00000250f9c70000] _byte_map_base: 0x00000250f9461000

Marking Bits (Prev, Next): (CMBitMap*) 0x00000250e541eef0, (CMBitMap*) 0x00000250e541ef30
 Prev Bits: [0x00000250f9f70000, 0x00000250fb6f8000)
 Next Bits: [0x00000250fb700000, 0x00000250fce88000)

GC Heap History (0 events):
No events

Dll operation events (1 events):
Event: 0.012 Loaded shared library C:\Program Files\Android\Android Studio\jbr\bin\java.dll

Deoptimization events (0 events):
No events

Classes unloaded (0 events):
No events

Classes redefined (0 events):
No events

Internal exceptions (0 events):
No events

VM Operations (0 events):
No events

Events (0 events):
No events


Dynamic libraries:
0x00007ff7e4370000 - 0x00007ff7e437a000 	C:\Program Files\Android\Android Studio\jbr\bin\java.exe
0x00007ff8dae30000 - 0x00007ff8db025000 	C:\Windows\SYSTEM32\ntdll.dll
0x00007ff8d9100000 - 0x00007ff8d91bd000 	C:\Windows\System32\KERNEL32.DLL
0x00007ff8d8790000 - 0x00007ff8d8a58000 	C:\Windows\System32\KERNELBASE.dll
0x00007ff8d8c50000 - 0x00007ff8d8d50000 	C:\Windows\System32\ucrtbase.dll
0x00007ff8cd380000 - 0x00007ff8cd39b000 	C:\Program Files\Android\Android Studio\jbr\bin\VCRUNTIME140.dll
0x00007ff8c7530000 - 0x00007ff8c7547000 	C:\Program Files\Android\Android Studio\jbr\bin\jli.dll
0x00007ff8d9900000 - 0x00007ff8d9aa0000 	C:\Windows\System32\USER32.dll
0x00007ff8d8760000 - 0x00007ff8d8782000 	C:\Windows\System32\win32u.dll
0x00007ff8c7d90000 - 0x00007ff8c802a000 	C:\Windows\WinSxS\amd64_microsoft.windows.common-controls_6595b64144ccf1df_6.0.19041.844_none_ca00b6081b84eb1d\COMCTL32.dll
0x00007ff8d9aa0000 - 0x00007ff8d9aca000 	C:\Windows\System32\GDI32.dll
0x00007ff8d9ea0000 - 0x00007ff8d9f3e000 	C:\Windows\System32\msvcrt.dll
0x00007ff8d8a60000 - 0x00007ff8d8b6b000 	C:\Windows\System32\gdi32full.dll
0x00007ff8d8e30000 - 0x00007ff8d8ecd000 	C:\Windows\System32\msvcp_win.dll
0x00007ff8d9e70000 - 0x00007ff8d9ea0000 	C:\Windows\System32\IMM32.DLL
0x00007ff8ccb00000 - 0x00007ff8ccb0c000 	C:\Program Files\Android\Android Studio\jbr\bin\vcruntime140_1.dll
0x00007ff8c0f30000 - 0x00007ff8c0fbd000 	C:\Program Files\Android\Android Studio\jbr\bin\msvcp140.dll
0x00007ff8b1ea0000 - 0x00007ff8b2b23000 	C:\Program Files\Android\Android Studio\jbr\bin\server\jvm.dll
0x00007ff8d9ca0000 - 0x00007ff8d9d4c000 	C:\Windows\System32\ADVAPI32.dll
0x00007ff8d9060000 - 0x00007ff8d90fb000 	C:\Windows\System32\sechost.dll
0x00007ff8dad00000 - 0x00007ff8dae2b000 	C:\Windows\System32\RPCRT4.dll
0x00007ff8d8420000 - 0x00007ff8d846b000 	C:\Windows\SYSTEM32\POWRPROF.dll
0x00007ff8d1da0000 - 0x00007ff8d1da9000 	C:\Windows\SYSTEM32\WSOCK32.dll
0x00007ff8d9f60000 - 0x00007ff8d9fcb000 	C:\Windows\System32\WS2_32.dll
0x00007ff8cdd90000 - 0x00007ff8cddb7000 	C:\Windows\SYSTEM32\WINMM.dll
0x00007ff8cf040000 - 0x00007ff8cf04a000 	C:\Windows\SYSTEM32\VERSION.dll
0x00007ff8d8400000 - 0x00007ff8d8412000 	C:\Windows\SYSTEM32\UMPDC.dll
0x00007ff8d64f0000 - 0x00007ff8d6502000 	C:\Windows\SYSTEM32\kernel.appcore.dll
0x00007ff8d0f10000 - 0x00007ff8d0f1a000 	C:\Program Files\Android\Android Studio\jbr\bin\jimage.dll
0x00007ff8c6410000 - 0x00007ff8c65f4000 	C:\Windows\SYSTEM32\DBGHELP.DLL
0x00007ff8c6320000 - 0x00007ff8c634c000 	C:\Windows\SYSTEM32\dbgcore.DLL
0x00007ff8d8b70000 - 0x00007ff8d8bf0000 	C:\Windows\System32\bcryptPrimitives.dll
0x00007ff8d0f20000 - 0x00007ff8d0f2e000 	C:\Program Files\Android\Android Studio\jbr\bin\instrument.dll
0x00007ff8cd490000 - 0x00007ff8cd4b5000 	C:\Program Files\Android\Android Studio\jbr\bin\java.dll

dbghelp: loaded successfully - version: 4.0.5 - missing functions: none
symbol engine: initialized successfully - sym options: 0x614 - pdb path: .;C:\Program Files\Android\Android Studio\jbr\bin;C:\Windows\SYSTEM32;C:\Windows\WinSxS\amd64_microsoft.windows.common-controls_6595b64144ccf1df_6.0.19041.844_none_ca00b6081b84eb1d;C:\Program Files\Android\Android Studio\jbr\bin\server

VM Arguments:
jvm_args: -javaagent:C:\Program Files\Android\Android Studio\lib\idea_rt.jar=14125:C:\Program Files\Android\Android Studio\bin -Dfile.encoding=UTF-8 
java_command: classes.VariablesKt
java_class_path (initial): C:\Users\yahaira\AppData\Local\Android\Sdk\platforms\android-34\android.jar;C:\Users\yahaira\AppData\Local\Android\Sdk\platforms\android-34\data\res;C:\Users\yahaira\AndroidStudioProjects\Prueba1\app\build\tmp\kotlin-classes\debug;C:\Users\yahaira\AndroidStudioProjects\Prueba1\app\build\intermediates\compile_and_runtime_not_namespaced_r_class_jar\debug\processDebugResources\R.jar;C:\Users\yahaira\AndroidStudioProjects\Prueba1\app\build\generated\res\resValues\debug;C:\Users\yahaira\.gradle\caches\transforms-4\6699b2bab2edc3c9f0baf844f832f85c\transformed\ui-tooling-release\jars\classes.jar;C:\Users\yahaira\.gradle\caches\transforms-4\6699b2bab2edc3c9f0baf844f832f85c\transformed\ui-tooling-release\res;C:\Users\yahaira\.gradle\caches\transforms-4\6699b2bab2edc3c9f0baf844f832f85c\transformed\ui-tooling-release\AndroidManifest.xml;C:\Users\yahaira\.gradle\caches\transforms-4\306b358acae06f84cfd7606263c035b6\transformed\runtime-release\jars\classes.jar;C:\Users\yahaira\.gradle\caches\transforms-4\306b358acae06f84cfd7606263c035b6\transformed\runtime-release\res;C:\Users\yahaira\.gradle\caches\transforms-4\306b358acae06f84cfd7606263c035b6\transformed\runtime-release\AndroidManifest.xml;C:\Users\yahaira\.gradle\caches\transforms-4\55585af19a68081051446d97889a8c5f\transformed\ui-release\jars\classes.jar;C:\Users\yahaira\.gradle\caches\transforms-4\55585af19a68081051446d97889a8c5f\transformed\ui-release\res;C:\Users\yahaira\.gradle\caches\transforms-4\55585af19a68081051446d97889a8c5f\transformed\ui-release\AndroidManifest.xml;C:\Users\yahaira\.gradle\caches\transforms-4\0fac1e76274be426f5935ad5fae715cb\transformed\runtime-saveable-release\jars\classes.jar;C:\Users\yahaira\.gradle\caches\transforms-4\0fac1e76274be426f5935ad5fae715cb\transformed\runtime-saveable-release\res;C:\Users\yahaira\.gradle\caches\transforms-4\0fac1e76274be426f5935ad5fae715cb\transformed\runtime-saveable-release\AndroidManifest.xml;C:\Users\yahaira\.gradle\caches\transforms-4
Launcher Type: SUN_STANDARD

[Global flags]
     intx CICompilerCount                          = 3                                         {product} {ergonomic}
     uint ConcGCThreads                            = 1                                         {product} {ergonomic}
     uint G1ConcRefinementThreads                  = 4                                         {product} {ergonomic}
   size_t G1HeapRegionSize                         = 1048576                                   {product} {ergonomic}
    uintx GCDrainStackTargetSize                   = 64                                        {product} {ergonomic}
   size_t InitialHeapSize                          = 100663296                                 {product} {ergonomic}
   size_t MarkStackSize                            = 4194304                                   {product} {ergonomic}
   size_t MaxHeapSize                              = 1579155456                                {product} {ergonomic}
   size_t MinHeapDeltaBytes                        = 1048576                                   {product} {ergonomic}
   size_t MinHeapSize                              = 8388608                                   {product} {ergonomic}
    uintx NonNMethodCodeHeapSize                   = 5832780                                {pd product} {ergonomic}
    uintx NonProfiledCodeHeapSize                  = 122912730                              {pd product} {ergonomic}
    uintx ProfiledCodeHeapSize                     = 122912730                              {pd product} {ergonomic}
    uintx ReservedCodeCacheSize                    = 251658240                              {pd product} {ergonomic}
     bool SegmentedCodeCache                       = true                                      {product} {ergonomic}
   size_t SoftMaxHeapSize                          = 1579155456                             {manageable} {ergonomic}
     bool UseCompressedClassPointers               = true                           {product lp64_product} {ergonomic}
     bool UseCompressedOops                        = true                           {product lp64_product} {ergonomic}
     bool UseG1GC                                  = true                                      {product} {ergonomic}
     bool UseLargePagesIndividualAllocation        = false                                  {pd product} {ergonomic}

Logging:
Log output configuration:
 #0: stdout all=warning uptime,level,tags
 #1: stderr all=off uptime,level,tags

Environment Variables:
PATH=C:\Windows\system32;C:\Windows;C:\Windows\System32\Wbem;C:\Windows\System32\WindowsPowerShell\v1.0\;C:\Windows\System32\OpenSSH\;C:\Program Files\Microsoft SQL Server\130\Tools\Binn\;C:\Program Files\Microsoft SQL Server\Client SDK\ODBC\170\Tools\Binn\;C:\Program Files (x86)\Microsoft SQL Server\160\Tools\Binn\;C:\Program Files\Microsoft SQL Server\160\Tools\Binn\;C:\Program Files\Microsoft SQL Server\160\DTS\Binn\;C:\Program Files (x86)\Microsoft SQL Server\160\DTS\Binn\;C:\Program Files\Azure Data Studio\bin;C:\Program Files\Git\cmd;C:\Program Files\MySQL\MySQL Shell 8.0\bin\;C:\Program Files\Azure Data Studio\bin;C:\Users\yahaira\AppData\Local\Programs\Microsoft VS Code\bin
USERNAME=yahaira
OS=Windows_NT
PROCESSOR_IDENTIFIER=AMD64 Family 23 Model 24 Stepping 1, AuthenticAMD
TMP=C:\Users\yahaira\AppData\Local\Temp
TEMP=C:\Users\yahaira\AppData\Local\Temp



Periodic native trim disabled

JNI global refs:
JNI global refs: 0, weak refs: 0

JNI global refs memory usage: 0, weak refs: 0

Process memory usage:
Resident Set Size: 10760K (0% of 6164744K total physical memory with 193420K free physical memory)

OOME stack traces (most recent first):
Classloader memory used:


---------------  S Y S T E M  ---------------

OS:
 Windows 10 , 64 bit Build 19041 (10.0.19041.928)
OS uptime: 0 days 2:24 hours

CPU: total 4 (initial active 4) (4 cores per cpu, 2 threads per core) family 23 model 24 stepping 1 microcode 0x0, cx8, cmov, fxsr, ht, mmx, 3dnowpref, sse, sse2, sse3, ssse3, sse4a, sse4.1, sse4.2, popcnt, lzcnt, tsc, tscinvbit, avx, avx2, aes, clmul, bmi1, bmi2, adx, sha, fma, vzeroupper, clflush, clflushopt
Processor Information for all 4 processors :
  Max Mhz: 2600, Current Mhz: 2600, Mhz Limit: 2600

Memory: 4k page, system-wide physical 6020M (188M free)
TotalPageFile size 6020M (AvailPageFile size 97M)
current process WorkingSet (physical memory assigned to process): 10M, peak: 10M
current process commit charge ("private bytes"): 52M, peak: 148M

vm_info: OpenJDK 64-Bit Server VM (17.0.11+0--11852314) for windows-amd64 JRE (17.0.11+0--11852314), built on May 16 2024 21:29:20 by "androidbuild" with MS VC++ 16.10 / 16.11 (VS2019)

END.
