#
# There is insufficient memory for the Java Runtime Environment to continue.
# Native memory allocation (mmap) failed to map 141557760 bytes. Error detail: G1 virtual space
# Possible reasons:
#   The system is out of physical RAM or swap space
#   This process is running with CompressedOops enabled, and the Java Heap may be blocking the growth of the native heap
# Possible solutions:
#   Reduce memory load on the system
#   Increase physical memory or swap space
#   Check if swap backing store is full
#   Decrease Java heap size (-Xmx/-Xms)
#   Decrease number of Java threads
#   Decrease Java thread stack sizes (-Xss)
#   Set larger code cache with -XX:ReservedCodeCacheSize=
#   JVM is running with Unscaled Compressed Oops mode in which the Java heap is
#     placed in the first 4GB address space. The Java Heap base address is the
#     maximum limit for the native heap growth. Please use -XX:HeapBaseMinAddress
#     to set the Java Heap base and to place the Java Heap above 4GB virtual address.
# This output file may be truncated or incomplete.
#
#  Out of Memory Error (os_windows.cpp:3825), pid=3088, tid=7672
#
# JRE version: OpenJDK Runtime Environment (17.0.11) (build 17.0.11+0--11852314)
# Java VM: OpenJDK 64-Bit Server VM (17.0.11+0--11852314, mixed mode, tiered, compressed oops, compressed class ptrs, g1 gc, windows-amd64)
# No core dump will be written. Minidumps are not enabled by default on client versions of Windows
#

---------------  S U M M A R Y ------------

Command Line: org.jetbrains.kotlin.cli.jvm.K2JVMCompiler @C:\Users\yahaira\AndroidStudioProjects\Prueba1\app\build\20240910_2757341664672853005.compiler.options

Host: AMD Ryzen 3 3200U with Radeon Vega Mobile Gfx  , 4 cores, 5G,  Windows 10 , 64 bit Build 19041 (10.0.19041.928)
Time: Tue Sep 10 10:23:22 2024 Hora de verano central (México) elapsed time: 6.283475 seconds (0d 0h 0m 6s)

---------------  T H R E A D  ---------------

Current thread (0x0000021bfc37be50):  VMThread "VM Thread" [stack: 0x000000752ae00000,0x000000752af00000] [id=7672]

Stack: [0x000000752ae00000,0x000000752af00000]
Native frames: (J=compiled Java code, j=interpreted, Vv=VM code, C=native code)
V  [jvm.dll+0x687bb9]
V  [jvm.dll+0x84142a]
V  [jvm.dll+0x8430ae]
V  [jvm.dll+0x843713]
V  [jvm.dll+0x24a35f]
V  [jvm.dll+0x684989]
V  [jvm.dll+0x67923a]
V  [jvm.dll+0x30af0b]
V  [jvm.dll+0x3123b6]
V  [jvm.dll+0x361dfe]
V  [jvm.dll+0x36202f]
V  [jvm.dll+0x2e0d38]
V  [jvm.dll+0x2df144]
V  [jvm.dll+0x2de74c]
V  [jvm.dll+0x32305b]
V  [jvm.dll+0x847e0b]
V  [jvm.dll+0x848b42]
V  [jvm.dll+0x84905d]
V  [jvm.dll+0x849434]
V  [jvm.dll+0x849500]
V  [jvm.dll+0x7efa4a]
V  [jvm.dll+0x686a35]
C  [ucrtbase.dll+0x21bb2]
C  [KERNEL32.DLL+0x17034]
C  [ntdll.dll+0x52651]

VM_Operation (0x000000752a8fab40): G1CollectForAllocation, mode: safepoint, requested by thread 0x0000021bf31a5da0


---------------  P R O C E S S  ---------------

Threads class SMR info:
_java_thread_list=0x0000021bfc777bc0, length=12, elements={
0x0000021bf31a5da0, 0x0000021bfc3a2270, 0x0000021bfc3a3890, 0x0000021bfc3ce410,
0x0000021bfc631090, 0x0000021bfc631960, 0x0000021bfc633330, 0x0000021bfc634870,
0x0000021bfc637ad0, 0x0000021bfc64eb00, 0x0000021bfc7ac140, 0x0000021bfc7b2cf0
}

Java Threads: ( => current thread )
  0x0000021bf31a5da0 JavaThread "main" [_thread_blocked, id=9516, stack(0x000000752a800000,0x000000752a900000)]
  0x0000021bfc3a2270 JavaThread "Reference Handler" daemon [_thread_blocked, id=8248, stack(0x000000752af00000,0x000000752b000000)]
  0x0000021bfc3a3890 JavaThread "Finalizer" daemon [_thread_blocked, id=8740, stack(0x000000752b000000,0x000000752b100000)]
  0x0000021bfc3ce410 JavaThread "Signal Dispatcher" daemon [_thread_blocked, id=9256, stack(0x000000752b100000,0x000000752b200000)]
  0x0000021bfc631090 JavaThread "Attach Listener" daemon [_thread_blocked, id=9160, stack(0x000000752b200000,0x000000752b300000)]
  0x0000021bfc631960 JavaThread "Service Thread" daemon [_thread_blocked, id=8452, stack(0x000000752b300000,0x000000752b400000)]
  0x0000021bfc633330 JavaThread "Monitor Deflation Thread" daemon [_thread_blocked, id=6952, stack(0x000000752b400000,0x000000752b500000)]
  0x0000021bfc634870 JavaThread "C2 CompilerThread0" daemon [_thread_in_native, id=8356, stack(0x000000752b500000,0x000000752b600000)]
  0x0000021bfc637ad0 JavaThread "C1 CompilerThread0" daemon [_thread_blocked, id=8116, stack(0x000000752b600000,0x000000752b700000)]
  0x0000021bfc64eb00 JavaThread "Sweeper thread" daemon [_thread_blocked, id=7648, stack(0x000000752b700000,0x000000752b800000)]
  0x0000021bfc7ac140 JavaThread "Notification Thread" daemon [_thread_blocked, id=1240, stack(0x000000752b800000,0x000000752b900000)]
  0x0000021bfc7b2cf0 JavaThread "Common-Cleaner" daemon [_thread_blocked, id=6548, stack(0x000000752ba00000,0x000000752bb00000)]

Other Threads:
=>0x0000021bfc37be50 VMThread "VM Thread" [stack: 0x000000752ae00000,0x000000752af00000] [id=7672]
  0x0000021bfc7b2a50 WatcherThread [stack: 0x000000752b900000,0x000000752ba00000] [id=9724]
  0x0000021bf31f23a0 GCTaskThread "GC Thread#0" [stack: 0x000000752a900000,0x000000752aa00000] [id=1464]
  0x0000021bfcbeaf10 GCTaskThread "GC Thread#1" [stack: 0x000000752bb00000,0x000000752bc00000] [id=2500]
  0x0000021bfcc2fd90 GCTaskThread "GC Thread#2" [stack: 0x000000752bc00000,0x000000752bd00000] [id=5492]
  0x0000021bfcc44c90 GCTaskThread "GC Thread#3" [stack: 0x000000752bd00000,0x000000752be00000] [id=2328]
  0x0000021bf31fef30 ConcurrentGCThread "G1 Main Marker" [stack: 0x000000752aa00000,0x000000752ab00000] [id=8208]
  0x0000021bf32000f0 ConcurrentGCThread "G1 Conc#0" [stack: 0x000000752ab00000,0x000000752ac00000] [id=2576]
  0x0000021bf3263d50 ConcurrentGCThread "G1 Refine#0" [stack: 0x000000752ac00000,0x000000752ad00000] [id=4532]
  0x0000021bfccf7390 ConcurrentGCThread "G1 Refine#1" [stack: 0x000000752be00000,0x000000752bf00000] [id=372]
  0x0000021bfccf7680 ConcurrentGCThread "G1 Refine#2" [stack: 0x000000752bf00000,0x000000752c000000] [id=7612]
  0x0000021bf3264780 ConcurrentGCThread "G1 Service" [stack: 0x000000752ad00000,0x000000752ae00000] [id=2832]

Threads with active compile tasks:
C2 CompilerThread0     6301 5601       4       org.jetbrains.kotlin.serialization.deserialization.descriptors.DeserializedMemberScope::getContributedClassifier (63 bytes)

VM state: at safepoint (normal execution)

VM Mutex/Monitor currently owned by a thread:  ([mutex/lock_event])
[0x0000021bf31a1650] Threads_lock - owner thread: 0x0000021bfc37be50
[0x0000021bf31a2f10] Heap_lock - owner thread: 0x0000021bf31a5da0

Heap address: 0x00000000a1e00000, size: 1506 MB, Compressed Oops mode: 32-bit

CDS archive(s) not mapped
Compressed class space mapped at: 0x0000000100000000-0x0000000140000000, reserved size: 1073741824
Narrow klass base: 0x0000000000000000, Narrow klass shift: 3, Narrow klass range: 0x140000000

GC Precious Log:
 CPUs: 4 total, 4 available
 Memory: 6020M
 Large Page Support: Disabled
 NUMA Support: Disabled
 Compressed Oops: Enabled (32-bit)
 Heap Region Size: 1M
 Heap Min Capacity: 8M
 Heap Initial Capacity: 96M
 Heap Max Capacity: 1506M
 Pre-touch: Disabled
 Parallel Workers: 4
 Concurrent Workers: 1
 Concurrent Refinement Workers: 4
 Periodic GC: Disabled

Heap:
 garbage-first heap   total 99328K, used 42741K [0x00000000a1e00000, 0x0000000100000000)
  region size 1024K, 3 young (3072K), 3 survivors (3072K)
 Metaspace       used 55403K, committed 55616K, reserved 1114112K
  class space    used 6557K, committed 6656K, reserved 1048576K

Heap Regions: E=young(eden), S=young(survivor), O=old, HS=humongous(starts), HC=humongous(continues), CS=collection set, F=free, OA=open archive, CA=closed archive, TAMS=top-at-mark-start (previous, next)
|   0|0x00000000a1e00000, 0x00000000a1f00000, 0x00000000a1f00000|100%|HS|  |TAMS 0x00000000a1f00000, 0x00000000a1f00000| Complete 
|   1|0x00000000a1f00000, 0x00000000a2000000, 0x00000000a2000000|100%|HC|  |TAMS 0x00000000a2000000, 0x00000000a2000000| Complete 
|   2|0x00000000a2000000, 0x00000000a2100000, 0x00000000a2100000|100%|HC|  |TAMS 0x00000000a2100000, 0x00000000a2100000| Complete 
|   3|0x00000000a2100000, 0x00000000a2200000, 0x00000000a2200000|100%|HC|  |TAMS 0x00000000a2200000, 0x00000000a2200000| Complete 
|   4|0x00000000a2200000, 0x00000000a22f4400, 0x00000000a2300000| 95%| O|  |TAMS 0x00000000a22f4400, 0x00000000a22f4400| Untracked 
|   5|0x00000000a2300000, 0x00000000a2400000, 0x00000000a2400000|100%| O|  |TAMS 0x00000000a2400000, 0x00000000a2400000| Untracked 
|   6|0x00000000a2400000, 0x00000000a2500000, 0x00000000a2500000|100%| O|  |TAMS 0x00000000a2500000, 0x00000000a2500000| Untracked 
|   7|0x00000000a2500000, 0x00000000a2600000, 0x00000000a2600000|100%| O|  |TAMS 0x00000000a2600000, 0x00000000a2600000| Untracked 
|   8|0x00000000a2600000, 0x00000000a2700000, 0x00000000a2700000|100%| O|  |TAMS 0x00000000a2700000, 0x00000000a2700000| Untracked 
|   9|0x00000000a2700000, 0x00000000a2800000, 0x00000000a2800000|100%| O|  |TAMS 0x00000000a2800000, 0x00000000a2800000| Untracked 
|  10|0x00000000a2800000, 0x00000000a2900000, 0x00000000a2900000|100%| O|  |TAMS 0x00000000a2900000, 0x00000000a2900000| Untracked 
|  11|0x00000000a2900000, 0x00000000a2a00000, 0x00000000a2a00000|100%| O|  |TAMS 0x00000000a2a00000, 0x00000000a2a00000| Untracked 
|  12|0x00000000a2a00000, 0x00000000a2b00000, 0x00000000a2b00000|100%| O|  |TAMS 0x00000000a2b00000, 0x00000000a2b00000| Untracked 
|  13|0x00000000a2b00000, 0x00000000a2c00000, 0x00000000a2c00000|100%| O|  |TAMS 0x00000000a2c00000, 0x00000000a2c00000| Untracked 
|  14|0x00000000a2c00000, 0x00000000a2d00000, 0x00000000a2d00000|100%| O|  |TAMS 0x00000000a2d00000, 0x00000000a2d00000| Untracked 
|  15|0x00000000a2d00000, 0x00000000a2e00000, 0x00000000a2e00000|100%| O|  |TAMS 0x00000000a2e00000, 0x00000000a2e00000| Untracked 
|  16|0x00000000a2e00000, 0x00000000a2f00000, 0x00000000a2f00000|100%| O|  |TAMS 0x00000000a2f00000, 0x00000000a2f00000| Untracked 
|  17|0x00000000a2f00000, 0x00000000a3000000, 0x00000000a3000000|100%| O|  |TAMS 0x00000000a2f00000, 0x00000000a3000000| Untracked 
|  18|0x00000000a3000000, 0x00000000a3100000, 0x00000000a3100000|100%| O|  |TAMS 0x00000000a3100000, 0x00000000a3100000| Untracked 
|  19|0x00000000a3100000, 0x00000000a3200000, 0x00000000a3200000|100%| O|  |TAMS 0x00000000a3200000, 0x00000000a3200000| Untracked 
|  20|0x00000000a3200000, 0x00000000a3300000, 0x00000000a3300000|100%|HS|  |TAMS 0x00000000a3300000, 0x00000000a3300000| Complete 
|  21|0x00000000a3300000, 0x00000000a3400000, 0x00000000a3400000|100%|HC|  |TAMS 0x00000000a3400000, 0x00000000a3400000| Complete 
|  22|0x00000000a3400000, 0x00000000a3500000, 0x00000000a3500000|100%| O|  |TAMS 0x00000000a3500000, 0x00000000a3500000| Untracked 
|  23|0x00000000a3500000, 0x00000000a3600000, 0x00000000a3600000|100%| O|  |TAMS 0x00000000a3600000, 0x00000000a3600000| Untracked 
|  24|0x00000000a3600000, 0x00000000a3700000, 0x00000000a3700000|100%| O|  |TAMS 0x00000000a3700000, 0x00000000a3700000| Untracked 
|  25|0x00000000a3700000, 0x00000000a3800000, 0x00000000a3800000|100%| O|  |TAMS 0x00000000a3800000, 0x00000000a3800000| Untracked 
|  26|0x00000000a3800000, 0x00000000a3900000, 0x00000000a3900000|100%| O|  |TAMS 0x00000000a3900000, 0x00000000a3900000| Untracked 
|  27|0x00000000a3900000, 0x00000000a3a00000, 0x00000000a3a00000|100%| O|  |TAMS 0x00000000a3a00000, 0x00000000a3a00000| Untracked 
|  28|0x00000000a3a00000, 0x00000000a3b00000, 0x00000000a3b00000|100%| O|  |TAMS 0x00000000a3b00000, 0x00000000a3b00000| Untracked 
|  29|0x00000000a3b00000, 0x00000000a3c00000, 0x00000000a3c00000|100%| O|  |TAMS 0x00000000a3c00000, 0x00000000a3c00000| Untracked 
|  30|0x00000000a3c00000, 0x00000000a3d00000, 0x00000000a3d00000|100%| O|  |TAMS 0x00000000a3d00000, 0x00000000a3d00000| Untracked 
|  31|0x00000000a3d00000, 0x00000000a3e00000, 0x00000000a3e00000|100%| O|  |TAMS 0x00000000a3d30000, 0x00000000a3e00000| Untracked 
|  32|0x00000000a3e00000, 0x00000000a3f00000, 0x00000000a3f00000|100%| O|  |TAMS 0x00000000a3e00000, 0x00000000a3f00000| Untracked 
|  33|0x00000000a3f00000, 0x00000000a4000000, 0x00000000a4000000|100%| O|  |TAMS 0x00000000a3f00000, 0x00000000a4000000| Untracked 
|  34|0x00000000a4000000, 0x00000000a4100000, 0x00000000a4100000|100%| O|  |TAMS 0x00000000a4000000, 0x00000000a4100000| Untracked 
|  35|0x00000000a4100000, 0x00000000a4200000, 0x00000000a4200000|100%| O|  |TAMS 0x00000000a4100000, 0x00000000a414fe00| Untracked 
|  36|0x00000000a4200000, 0x00000000a4300000, 0x00000000a4300000|100%| O|  |TAMS 0x00000000a4200000, 0x00000000a4200000| Untracked 
|  37|0x00000000a4300000, 0x00000000a4400000, 0x00000000a4400000|100%| O|  |TAMS 0x00000000a4300000, 0x00000000a4300000| Untracked 
|  38|0x00000000a4400000, 0x00000000a4400000, 0x00000000a4500000|  0%| F|  |TAMS 0x00000000a4400000, 0x00000000a4400000| Untracked 
|  39|0x00000000a4500000, 0x00000000a4500000, 0x00000000a4600000|  0%| F|  |TAMS 0x00000000a4500000, 0x00000000a4500000| Untracked 
|  40|0x00000000a4600000, 0x00000000a4600000, 0x00000000a4700000|  0%| F|  |TAMS 0x00000000a4600000, 0x00000000a4600000| Untracked 
|  41|0x00000000a4700000, 0x00000000a4700000, 0x00000000a4800000|  0%| F|  |TAMS 0x00000000a4700000, 0x00000000a4700000| Untracked 
|  42|0x00000000a4800000, 0x00000000a4800000, 0x00000000a4900000|  0%| F|  |TAMS 0x00000000a4800000, 0x00000000a4800000| Untracked 
|  43|0x00000000a4900000, 0x00000000a4900000, 0x00000000a4a00000|  0%| F|  |TAMS 0x00000000a4900000, 0x00000000a4900000| Untracked 
|  44|0x00000000a4a00000, 0x00000000a4a00000, 0x00000000a4b00000|  0%| F|  |TAMS 0x00000000a4a00000, 0x00000000a4a00000| Untracked 
|  45|0x00000000a4b00000, 0x00000000a4b00000, 0x00000000a4c00000|  0%| F|  |TAMS 0x00000000a4b00000, 0x00000000a4b00000| Untracked 
|  46|0x00000000a4c00000, 0x00000000a4c00000, 0x00000000a4d00000|  0%| F|  |TAMS 0x00000000a4c00000, 0x00000000a4c00000| Untracked 
|  47|0x00000000a4d00000, 0x00000000a4d00000, 0x00000000a4e00000|  0%| F|  |TAMS 0x00000000a4d00000, 0x00000000a4d00000| Untracked 
|  48|0x00000000a4e00000, 0x00000000a4e00000, 0x00000000a4f00000|  0%| F|  |TAMS 0x00000000a4e00000, 0x00000000a4e00000| Untracked 
|  49|0x00000000a4f00000, 0x00000000a4f00000, 0x00000000a5000000|  0%| F|  |TAMS 0x00000000a4f00000, 0x00000000a4f00000| Untracked 
|  50|0x00000000a5000000, 0x00000000a5000000, 0x00000000a5100000|  0%| F|  |TAMS 0x00000000a5000000, 0x00000000a5000000| Untracked 
|  51|0x00000000a5100000, 0x00000000a51c92e8, 0x00000000a5200000| 78%| S|CS|TAMS 0x00000000a5100000, 0x00000000a5100000| Complete 
|  52|0x00000000a5200000, 0x00000000a5200000, 0x00000000a5300000|  0%| F|  |TAMS 0x00000000a5200000, 0x00000000a5200000| Untracked 
|  53|0x00000000a5300000, 0x00000000a5300000, 0x00000000a5400000|  0%| F|  |TAMS 0x00000000a5300000, 0x00000000a5300000| Untracked 
|  54|0x00000000a5400000, 0x00000000a5400000, 0x00000000a5500000|  0%| F|  |TAMS 0x00000000a5400000, 0x00000000a5400000| Untracked 
|  55|0x00000000a5500000, 0x00000000a5600000, 0x00000000a5600000|100%| S|CS|TAMS 0x00000000a5500000, 0x00000000a5500000| Complete 
|  56|0x00000000a5600000, 0x00000000a5700000, 0x00000000a5700000|100%| S|CS|TAMS 0x00000000a5600000, 0x00000000a5600000| Complete 
|  57|0x00000000a5700000, 0x00000000a5700000, 0x00000000a5800000|  0%| F|  |TAMS 0x00000000a5700000, 0x00000000a5700000| Untracked 
|  58|0x00000000a5800000, 0x00000000a5800000, 0x00000000a5900000|  0%| F|  |TAMS 0x00000000a5800000, 0x00000000a5800000| Untracked 
|  59|0x00000000a5900000, 0x00000000a5900000, 0x00000000a5a00000|  0%| F|  |TAMS 0x00000000a5900000, 0x00000000a5900000| Untracked 
|  60|0x00000000a5a00000, 0x00000000a5a00000, 0x00000000a5b00000|  0%| F|  |TAMS 0x00000000a5a00000, 0x00000000a5a00000| Untracked 
|  61|0x00000000a5b00000, 0x00000000a5b00000, 0x00000000a5c00000|  0%| F|  |TAMS 0x00000000a5b00000, 0x00000000a5b00000| Untracked 
|  62|0x00000000a5c00000, 0x00000000a5c00000, 0x00000000a5d00000|  0%| F|  |TAMS 0x00000000a5c00000, 0x00000000a5c00000| Untracked 
|  63|0x00000000a5d00000, 0x00000000a5d00000, 0x00000000a5e00000|  0%| F|  |TAMS 0x00000000a5d00000, 0x00000000a5d00000| Untracked 
|  64|0x00000000a5e00000, 0x00000000a5e00000, 0x00000000a5f00000|  0%| F|  |TAMS 0x00000000a5e00000, 0x00000000a5e00000| Untracked 
|  65|0x00000000a5f00000, 0x00000000a5f00000, 0x00000000a6000000|  0%| F|  |TAMS 0x00000000a5f00000, 0x00000000a5f00000| Untracked 
|  66|0x00000000a6000000, 0x00000000a6000000, 0x00000000a6100000|  0%| F|  |TAMS 0x00000000a6000000, 0x00000000a6000000| Untracked 
|  67|0x00000000a6100000, 0x00000000a6100000, 0x00000000a6200000|  0%| F|  |TAMS 0x00000000a6100000, 0x00000000a6100000| Untracked 
|  68|0x00000000a6200000, 0x00000000a6200000, 0x00000000a6300000|  0%| F|  |TAMS 0x00000000a6200000, 0x00000000a6200000| Untracked 
|  69|0x00000000a6300000, 0x00000000a6300000, 0x00000000a6400000|  0%| F|  |TAMS 0x00000000a6300000, 0x00000000a6300000| Untracked 
|  70|0x00000000a6400000, 0x00000000a6400000, 0x00000000a6500000|  0%| F|  |TAMS 0x00000000a6400000, 0x00000000a6400000| Untracked 
|  71|0x00000000a6500000, 0x00000000a6500000, 0x00000000a6600000|  0%| F|  |TAMS 0x00000000a6500000, 0x00000000a6500000| Untracked 
|  72|0x00000000a6600000, 0x00000000a6600000, 0x00000000a6700000|  0%| F|  |TAMS 0x00000000a6600000, 0x00000000a6600000| Untracked 
|  73|0x00000000a6700000, 0x00000000a6700000, 0x00000000a6800000|  0%| F|  |TAMS 0x00000000a6700000, 0x00000000a6700000| Untracked 
|  74|0x00000000a6800000, 0x00000000a6800000, 0x00000000a6900000|  0%| F|  |TAMS 0x00000000a6800000, 0x00000000a6800000| Untracked 
|  75|0x00000000a6900000, 0x00000000a6900000, 0x00000000a6a00000|  0%| F|  |TAMS 0x00000000a6900000, 0x00000000a6900000| Untracked 
|  76|0x00000000a6a00000, 0x00000000a6a00000, 0x00000000a6b00000|  0%| F|  |TAMS 0x00000000a6a00000, 0x00000000a6a00000| Untracked 
|  77|0x00000000a6b00000, 0x00000000a6b00000, 0x00000000a6c00000|  0%| F|  |TAMS 0x00000000a6b00000, 0x00000000a6b00000| Untracked 
|  78|0x00000000a6c00000, 0x00000000a6c00000, 0x00000000a6d00000|  0%| F|  |TAMS 0x00000000a6c00000, 0x00000000a6c00000| Untracked 
|  79|0x00000000a6d00000, 0x00000000a6d00000, 0x00000000a6e00000|  0%| F|  |TAMS 0x00000000a6d00000, 0x00000000a6d00000| Untracked 
|  80|0x00000000a6e00000, 0x00000000a6e00000, 0x00000000a6f00000|  0%| F|  |TAMS 0x00000000a6e00000, 0x00000000a6e00000| Untracked 
|  81|0x00000000a6f00000, 0x00000000a6f00000, 0x00000000a7000000|  0%| F|  |TAMS 0x00000000a6f00000, 0x00000000a6f00000| Untracked 
|  82|0x00000000a7000000, 0x00000000a7000000, 0x00000000a7100000|  0%| F|  |TAMS 0x00000000a7000000, 0x00000000a7000000| Untracked 
|  83|0x00000000a7100000, 0x00000000a7100000, 0x00000000a7200000|  0%| F|  |TAMS 0x00000000a7100000, 0x00000000a7100000| Untracked 
|  84|0x00000000a7200000, 0x00000000a7200000, 0x00000000a7300000|  0%| F|  |TAMS 0x00000000a7200000, 0x00000000a7200000| Untracked 
|  85|0x00000000a7300000, 0x00000000a7300000, 0x00000000a7400000|  0%| F|  |TAMS 0x00000000a7300000, 0x00000000a7300000| Untracked 
|  86|0x00000000a7400000, 0x00000000a7400000, 0x00000000a7500000|  0%| F|  |TAMS 0x00000000a7400000, 0x00000000a7400000| Untracked 
|  87|0x00000000a7500000, 0x00000000a7500000, 0x00000000a7600000|  0%| F|  |TAMS 0x00000000a7500000, 0x00000000a7500000| Untracked 
|  88|0x00000000a7600000, 0x00000000a7600000, 0x00000000a7700000|  0%| F|  |TAMS 0x00000000a7600000, 0x00000000a7600000| Untracked 
|  89|0x00000000a7700000, 0x00000000a7700000, 0x00000000a7800000|  0%| F|  |TAMS 0x00000000a7700000, 0x00000000a7700000| Untracked 
|  90|0x00000000a7800000, 0x00000000a7800000, 0x00000000a7900000|  0%| F|  |TAMS 0x00000000a7800000, 0x00000000a7800000| Untracked 
|  91|0x00000000a7900000, 0x00000000a7900000, 0x00000000a7a00000|  0%| F|  |TAMS 0x00000000a7900000, 0x00000000a7900000| Untracked 
|  92|0x00000000a7a00000, 0x00000000a7a00000, 0x00000000a7b00000|  0%| F|  |TAMS 0x00000000a7a00000, 0x00000000a7a00000| Untracked 
|  93|0x00000000a7b00000, 0x00000000a7b00000, 0x00000000a7c00000|  0%| F|  |TAMS 0x00000000a7b00000, 0x00000000a7b00000| Untracked 
|  94|0x00000000a7c00000, 0x00000000a7c00000, 0x00000000a7d00000|  0%| F|  |TAMS 0x00000000a7c00000, 0x00000000a7c00000| Untracked 
|  95|0x00000000a7d00000, 0x00000000a7d00000, 0x00000000a7e00000|  0%| F|  |TAMS 0x00000000a7d00000, 0x00000000a7d00000| Untracked 
|1505|0x00000000fff00000, 0x0000000100000000, 0x0000000100000000|100%| O|  |TAMS 0x0000000100000000, 0x0000000100000000| Untracked 

Card table byte_map: [0x0000021bf6990000,0x0000021bf6c90000] _byte_map_base: 0x0000021bf6481000

Marking Bits (Prev, Next): (CMBitMap*) 0x0000021bf31f2a00, (CMBitMap*) 0x0000021bf31f29c0
 Prev Bits: [0x0000021bf8720000, 0x0000021bf9ea8000)
 Next Bits: [0x0000021bf6f90000, 0x0000021bf8718000)

Polling page: 0x0000021bf0fe0000

Metaspace:

Usage:
  Non-class:     47.70 MB used.
      Class:      6.40 MB used.
       Both:     54.10 MB used.

Virtual space:
  Non-class space:       64.00 MB reserved,      47.81 MB ( 75%) committed,  1 nodes.
      Class space:        1.00 GB reserved,       6.50 MB ( <1%) committed,  1 nodes.
             Both:        1.06 GB reserved,      54.31 MB (  5%) committed. 

Chunk freelists:
   Non-Class:  15.94 MB
       Class:  9.47 MB
        Both:  25.41 MB

MaxMetaspaceSize: unlimited
CompressedClassSpaceSize: 1.00 GB
Initial GC threshold: 21.00 MB
Current GC threshold: 85.62 MB
CDS: off
MetaspaceReclaimPolicy: balanced
 - commit_granule_bytes: 65536.
 - commit_granule_words: 8192.
 - virtual_space_node_default_size: 8388608.
 - enlarge_chunks_in_place: 1.
 - new_chunks_are_fully_committed: 0.
 - uncommit_free_chunks: 1.
 - use_allocation_guard: 0.
 - handle_deallocations: 1.


Internal statistics:

num_allocs_failed_limit: 9.
num_arena_births: 230.
num_arena_deaths: 0.
num_vsnodes_births: 2.
num_vsnodes_deaths: 0.
num_space_committed: 867.
num_space_uncommitted: 0.
num_chunks_returned_to_freelist: 9.
num_chunks_taken_from_freelist: 1901.
num_chunk_merges: 9.
num_chunk_splits: 1562.
num_chunks_enlarged: 1386.
num_inconsistent_stats: 0.

CodeHeap 'non-profiled nmethods': size=120000Kb used=2056Kb max_used=2056Kb free=117943Kb
 bounds [0x0000021b87ad0000, 0x0000021b87d40000, 0x0000021b8f000000]
CodeHeap 'profiled nmethods': size=120000Kb used=12858Kb max_used=12858Kb free=107142Kb
 bounds [0x0000021b80000000, 0x0000021b80c90000, 0x0000021b87530000]
CodeHeap 'non-nmethods': size=5760Kb used=1290Kb max_used=1347Kb free=4469Kb
 bounds [0x0000021b87530000, 0x0000021b877a0000, 0x0000021b87ad0000]
 total_blobs=6349 nmethods=5748 adapters=512
 compilation: enabled
              stopped_count=0, restarted_count=0
 full_count=0

Compilation events (20 events):
Event: 6.247 Thread 0x0000021bfc637ad0 5790       1       org.jetbrains.kotlin.resolve.scopes.receivers.ReceiverValueWithSmartCastInfo::isStable (5 bytes)
Event: 6.247 Thread 0x0000021bfc637ad0 nmethod 5790 0x0000021b87cd0d10 code [0x0000021b87cd0ea0, 0x0000021b87cd0f78]
Event: 6.248 Thread 0x0000021bfc637ad0 5791       2       java.util.AbstractList::subList (40 bytes)
Event: 6.248 Thread 0x0000021bfc637ad0 nmethod 5791 0x0000021b80c89b10 code [0x0000021b80c89ce0, 0x0000021b80c8a068]
Event: 6.248 Thread 0x0000021bfc637ad0 5792       2       java.util.AbstractList$SubList::<init> (35 bytes)
Event: 6.249 Thread 0x0000021bfc637ad0 nmethod 5792 0x0000021b80c8a210 code [0x0000021b80c8a3a0, 0x0000021b80c8a538]
Event: 6.249 Thread 0x0000021bfc637ad0 5793       2       org.jetbrains.kotlin.resolve.calls.components.CheckArgumentsInParenthesis::workCount (34 bytes)
Event: 6.249 Thread 0x0000021bfc637ad0 nmethod 5793 0x0000021b80c8a610 code [0x0000021b80c8a800, 0x0000021b80c8aaf8]
Event: 6.250 Thread 0x0000021bfc637ad0 5795       2       jdk.internal.org.objectweb.asm.FieldVisitor::<init> (88 bytes)
Event: 6.251 Thread 0x0000021bfc637ad0 nmethod 5795 0x0000021b80c8ad90 code [0x0000021b80c8af80, 0x0000021b80c8b388]
Event: 6.252 Thread 0x0000021bfc637ad0 5799       2       org.jetbrains.kotlin.types.checker.ClassicTypeSystemContext$DefaultImpls::getArgument (87 bytes)
Event: 6.254 Thread 0x0000021bfc637ad0 nmethod 5799 0x0000021b80c8b590 code [0x0000021b80c8b840, 0x0000021b80c8bf38]
Event: 6.256 Thread 0x0000021bfc637ad0 5800       2       org.jetbrains.kotlin.load.java.FieldOverridabilityCondition::isOverridable (110 bytes)
Event: 6.258 Thread 0x0000021bfc637ad0 nmethod 5800 0x0000021b80c8c410 code [0x0000021b80c8c800, 0x0000021b80c8d7c8]
Event: 6.258 Thread 0x0000021bfc637ad0 5803       2       org.jetbrains.kotlin.types.typeUtil.TypeUtilsKt::isStubType (51 bytes)
Event: 6.259 Thread 0x0000021bfc637ad0 nmethod 5803 0x0000021b80c8e090 code [0x0000021b80c8e260, 0x0000021b80c8e618]
Event: 6.259 Thread 0x0000021bfc637ad0 5801       1       org.jetbrains.kotlin.types.TypeCheckerState::getSupertypesDeque (5 bytes)
Event: 6.259 Thread 0x0000021bfc637ad0 nmethod 5801 0x0000021b87cd1c10 code [0x0000021b87cd1da0, 0x0000021b87cd1e78]
Event: 6.259 Thread 0x0000021bfc637ad0 5802       1       org.jetbrains.kotlin.types.TypeCheckerState::getSupertypesSet (5 bytes)
Event: 6.259 Thread 0x0000021bfc637ad0 nmethod 5802 0x0000021b87cd1f10 code [0x0000021b87cd20a0, 0x0000021b87cd2178]

GC Heap History (20 events):
Event: 2.926 GC heap after
{Heap after GC invocations=11 (full 0):
 garbage-first heap   total 56320K, used 21506K [0x00000000a1e00000, 0x0000000100000000)
  region size 1024K, 3 young (3072K), 3 survivors (3072K)
 Metaspace       used 40095K, committed 40320K, reserved 1114112K
  class space    used 4938K, committed 5056K, reserved 1048576K
}
Event: 3.343 GC heap before
{Heap before GC invocations=12 (full 0):
 garbage-first heap   total 56320K, used 40962K [0x00000000a1e00000, 0x0000000100000000)
  region size 1024K, 22 young (22528K), 3 survivors (3072K)
 Metaspace       used 44791K, committed 45056K, reserved 1114112K
  class space    used 5486K, committed 5568K, reserved 1048576K
}
Event: 3.351 GC heap after
{Heap after GC invocations=13 (full 0):
 garbage-first heap   total 56320K, used 22878K [0x00000000a1e00000, 0x0000000100000000)
  region size 1024K, 2 young (2048K), 2 survivors (2048K)
 Metaspace       used 44791K, committed 45056K, reserved 1114112K
  class space    used 5486K, committed 5568K, reserved 1048576K
}
Event: 3.813 GC heap before
{Heap before GC invocations=13 (full 0):
 garbage-first heap   total 56320K, used 44382K [0x00000000a1e00000, 0x0000000100000000)
  region size 1024K, 21 young (21504K), 2 survivors (2048K)
 Metaspace       used 48089K, committed 48256K, reserved 1114112K
  class space    used 5870K, committed 5952K, reserved 1048576K
}
Event: 3.822 GC heap after
{Heap after GC invocations=14 (full 0):
 garbage-first heap   total 56320K, used 28280K [0x00000000a1e00000, 0x0000000100000000)
  region size 1024K, 3 young (3072K), 3 survivors (3072K)
 Metaspace       used 48089K, committed 48256K, reserved 1114112K
  class space    used 5870K, committed 5952K, reserved 1048576K
}
Event: 4.175 GC heap before
{Heap before GC invocations=14 (full 0):
 garbage-first heap   total 56320K, used 42616K [0x00000000a1e00000, 0x0000000100000000)
  region size 1024K, 17 young (17408K), 3 survivors (3072K)
 Metaspace       used 51284K, committed 51520K, reserved 1114112K
  class space    used 6221K, committed 6336K, reserved 1048576K
}
Event: 4.187 GC heap after
{Heap after GC invocations=15 (full 0):
 garbage-first heap   total 56320K, used 30440K [0x00000000a1e00000, 0x0000000100000000)
  region size 1024K, 2 young (2048K), 2 survivors (2048K)
 Metaspace       used 51284K, committed 51520K, reserved 1114112K
  class space    used 6221K, committed 6336K, reserved 1048576K
}
Event: 4.648 GC heap before
{Heap before GC invocations=16 (full 0):
 garbage-first heap   total 56320K, used 43752K [0x00000000a1e00000, 0x0000000100000000)
  region size 1024K, 15 young (15360K), 2 survivors (2048K)
 Metaspace       used 52265K, committed 52480K, reserved 1114112K
  class space    used 6282K, committed 6400K, reserved 1048576K
}
Event: 4.661 GC heap after
{Heap after GC invocations=17 (full 0):
 garbage-first heap   total 56320K, used 32672K [0x00000000a1e00000, 0x0000000100000000)
  region size 1024K, 2 young (2048K), 2 survivors (2048K)
 Metaspace       used 52265K, committed 52480K, reserved 1114112K
  class space    used 6282K, committed 6400K, reserved 1048576K
}
Event: 4.701 GC heap before
{Heap before GC invocations=17 (full 0):
 garbage-first heap   total 56320K, used 33696K [0x00000000a1e00000, 0x0000000100000000)
  region size 1024K, 3 young (3072K), 2 survivors (2048K)
 Metaspace       used 52297K, committed 52544K, reserved 1114112K
  class space    used 6283K, committed 6400K, reserved 1048576K
}
Event: 4.708 GC heap after
{Heap after GC invocations=18 (full 0):
 garbage-first heap   total 69632K, used 32280K [0x00000000a1e00000, 0x0000000100000000)
  region size 1024K, 1 young (1024K), 1 survivors (1024K)
 Metaspace       used 52297K, committed 52544K, reserved 1114112K
  class space    used 6283K, committed 6400K, reserved 1048576K
}
Event: 4.716 GC heap before
{Heap before GC invocations=18 (full 0):
 garbage-first heap   total 69632K, used 32280K [0x00000000a1e00000, 0x0000000100000000)
  region size 1024K, 2 young (2048K), 1 survivors (1024K)
 Metaspace       used 52310K, committed 52544K, reserved 1114112K
  class space    used 6283K, committed 6400K, reserved 1048576K
}
Event: 4.718 GC heap after
{Heap after GC invocations=19 (full 0):
 garbage-first heap   total 69632K, used 32417K [0x00000000a1e00000, 0x0000000100000000)
  region size 1024K, 1 young (1024K), 1 survivors (1024K)
 Metaspace       used 52310K, committed 52544K, reserved 1114112K
  class space    used 6283K, committed 6400K, reserved 1048576K
}
Event: 4.830 GC heap before
{Heap before GC invocations=20 (full 0):
 garbage-first heap   total 80896K, used 50849K [0x00000000a1e00000, 0x0000000100000000)
  region size 1024K, 19 young (19456K), 1 survivors (1024K)
 Metaspace       used 52394K, committed 52608K, reserved 1114112K
  class space    used 6283K, committed 6400K, reserved 1048576K
}
Event: 4.833 GC heap after
{Heap after GC invocations=21 (full 0):
 garbage-first heap   total 80896K, used 33042K [0x00000000a1e00000, 0x0000000100000000)
  region size 1024K, 2 young (2048K), 2 survivors (2048K)
 Metaspace       used 52394K, committed 52608K, reserved 1114112K
  class space    used 6283K, committed 6400K, reserved 1048576K
}
Event: 5.386 GC heap before
{Heap before GC invocations=21 (full 0):
 garbage-first heap   total 80896K, used 58642K [0x00000000a1e00000, 0x0000000100000000)
  region size 1024K, 27 young (27648K), 2 survivors (2048K)
 Metaspace       used 53163K, committed 53376K, reserved 1114112K
  class space    used 6328K, committed 6400K, reserved 1048576K
}
Event: 5.401 GC heap after
{Heap after GC invocations=22 (full 0):
 garbage-first heap   total 80896K, used 37044K [0x00000000a1e00000, 0x0000000100000000)
  region size 1024K, 4 young (4096K), 4 survivors (4096K)
 Metaspace       used 53163K, committed 53376K, reserved 1114112K
  class space    used 6328K, committed 6400K, reserved 1048576K
}
Event: 5.832 GC heap before
{Heap before GC invocations=22 (full 0):
 garbage-first heap   total 80896K, used 59572K [0x00000000a1e00000, 0x0000000100000000)
  region size 1024K, 27 young (27648K), 4 survivors (4096K)
 Metaspace       used 54496K, committed 54784K, reserved 1114112K
  class space    used 6465K, committed 6592K, reserved 1048576K
}
Event: 5.849 GC heap after
{Heap after GC invocations=23 (full 0):
 garbage-first heap   total 80896K, used 40155K [0x00000000a1e00000, 0x0000000100000000)
  region size 1024K, 3 young (3072K), 3 survivors (3072K)
 Metaspace       used 54496K, committed 54784K, reserved 1114112K
  class space    used 6465K, committed 6592K, reserved 1048576K
}
Event: 6.268 GC heap before
{Heap before GC invocations=23 (full 0):
 garbage-first heap   total 80896K, used 61659K [0x00000000a1e00000, 0x0000000100000000)
  region size 1024K, 24 young (24576K), 3 survivors (3072K)
 Metaspace       used 55403K, committed 55616K, reserved 1114112K
  class space    used 6557K, committed 6656K, reserved 1048576K
}

Dll operation events (2 events):
Event: 0.012 Loaded shared library C:\Program Files\Android\Android Studio\jbr\bin\java.dll
Event: 1.656 Loaded shared library C:\Program Files\Android\Android Studio\jbr\bin\verify.dll

Deoptimization events (20 events):
Event: 5.804 Thread 0x0000021bf31a5da0 DEOPT PACKING pc=0x0000021b87bf72cc sp=0x000000752a8fb190
Event: 5.804 Thread 0x0000021bf31a5da0 DEOPT UNPACKING pc=0x0000021b875869a3 sp=0x000000752a8fb128 mode 2
Event: 5.829 Thread 0x0000021bf31a5da0 DEOPT PACKING pc=0x0000021b806556e4 sp=0x000000752a8fb550
Event: 5.829 Thread 0x0000021bf31a5da0 DEOPT UNPACKING pc=0x0000021b87587143 sp=0x000000752a8faa70 mode 0
Event: 5.980 Thread 0x0000021bf31a5da0 Uncommon trap: trap_request=0xffffffde fr.pc=0x0000021b87b91664 relative=0x0000000000000064
Event: 5.980 Thread 0x0000021bf31a5da0 Uncommon trap: reason=class_check action=maybe_recompile pc=0x0000021b87b91664 method=java.util.Collections$UnmodifiableCollection.size()I @ 4 c2
Event: 5.980 Thread 0x0000021bf31a5da0 DEOPT PACKING pc=0x0000021b87b91664 sp=0x000000752a8f8cb0
Event: 5.980 Thread 0x0000021bf31a5da0 DEOPT UNPACKING pc=0x0000021b875869a3 sp=0x000000752a8f8c38 mode 2
Event: 6.023 Thread 0x0000021bf31a5da0 Uncommon trap: trap_request=0xffffffde fr.pc=0x0000021b87b91664 relative=0x0000000000000064
Event: 6.023 Thread 0x0000021bf31a5da0 Uncommon trap: reason=class_check action=maybe_recompile pc=0x0000021b87b91664 method=java.util.Collections$UnmodifiableCollection.size()I @ 4 c2
Event: 6.023 Thread 0x0000021bf31a5da0 DEOPT PACKING pc=0x0000021b87b91664 sp=0x000000752a8f8cb0
Event: 6.024 Thread 0x0000021bf31a5da0 DEOPT UNPACKING pc=0x0000021b875869a3 sp=0x000000752a8f8c38 mode 2
Event: 6.080 Thread 0x0000021bf31a5da0 Uncommon trap: trap_request=0xffffff76 fr.pc=0x0000021b87cc3480 relative=0x0000000000009040
Event: 6.080 Thread 0x0000021bf31a5da0 Uncommon trap: reason=predicate action=maybe_recompile pc=0x0000021b87cc3480 method=org.jetbrains.org.objectweb.asm.ClassReader.readMethod(Lorg/jetbrains/org/objectweb/asm/ClassVisitor;Lorg/jetbrains/org/objectweb/asm/Context;I)I @ 714 c2
Event: 6.080 Thread 0x0000021bf31a5da0 DEOPT PACKING pc=0x0000021b87cc3480 sp=0x000000752a8fa590
Event: 6.080 Thread 0x0000021bf31a5da0 DEOPT UNPACKING pc=0x0000021b875869a3 sp=0x000000752a8fa578 mode 2
Event: 6.254 Thread 0x0000021bf31a5da0 Uncommon trap: trap_request=0xffffff45 fr.pc=0x0000021b87b796a0 relative=0x0000000000000180
Event: 6.254 Thread 0x0000021bf31a5da0 Uncommon trap: reason=unstable_if action=reinterpret pc=0x0000021b87b796a0 method=java.util.HashMap.getNode(Ljava/lang/Object;)Ljava/util/HashMap$Node; @ 66 c2
Event: 6.254 Thread 0x0000021bf31a5da0 DEOPT PACKING pc=0x0000021b87b796a0 sp=0x000000752a8fadc0
Event: 6.254 Thread 0x0000021bf31a5da0 DEOPT UNPACKING pc=0x0000021b875869a3 sp=0x000000752a8facd0 mode 2

Classes unloaded (0 events):
No events

Classes redefined (0 events):
No events

Internal exceptions (20 events):
Event: 1.613 Thread 0x0000021bf31a5da0 Exception <a 'java/lang/NoSuchMethodError'{0x00000000a33a1380}: 'void java.lang.invoke.DirectMethodHandle$Holder.invokeStaticInit(java.lang.Object, java.lang.Object)'> (0x00000000a33a1380) 
thrown [s\src\hotspot\share\interpreter\linkResolver.cpp, line 771]
Event: 1.747 Thread 0x0000021bf31a5da0 Exception <a 'java/lang/NoSuchMethodError'{0x00000000a2d2d518}: 'void java.lang.invoke.DirectMethodHandle$Holder.invokeVirtual(java.lang.Object, java.lang.Object)'> (0x00000000a2d2d518) 
thrown [s\src\hotspot\share\interpreter\linkResolver.cpp, line 771]
Event: 1.756 Thread 0x0000021bf31a5da0 Exception <a 'java/lang/NoSuchMethodError'{0x00000000a2d78468}: 'int java.lang.invoke.DirectMethodHandle$Holder.invokeVirtual(java.lang.Object, java.lang.Object)'> (0x00000000a2d78468) 
thrown [s\src\hotspot\share\interpreter\linkResolver.cpp, line 771]
Event: 1.774 Thread 0x0000021bf31a5da0 Exception <a 'java/lang/NoSuchMethodError'{0x00000000a2c10bd8}: 'java.lang.Object java.lang.invoke.Invokers$Holder.invokeExact_MT(java.lang.Object, java.lang.Object, java.lang.Object, java.lang.Object, java.lang.Object, java.lang.Object)'> (0x00000000a2c10bd8) 
thrown [s\src\hotspot\share\interpreter\linkResolver.cpp, line 771]
Event: 2.219 Thread 0x0000021bf31a5da0 Implicit null exception at 0x0000021b87ae8a72 to 0x0000021b87ae903c
Event: 2.334 Thread 0x0000021bf31a5da0 Implicit null exception at 0x0000021b87ae9ff2 to 0x0000021b87aea5cc
Event: 2.383 Thread 0x0000021bf31a5da0 Exception <a 'java/lang/NoSuchMethodError'{0x00000000a3ae8a60}: 'java.lang.Object java.lang.invoke.DirectMethodHandle$Holder.invokeVirtual(java.lang.Object, java.lang.Object, java.lang.Object)'> (0x00000000a3ae8a60) 
thrown [s\src\hotspot\share\interpreter\linkResolver.cpp, line 771]
Event: 3.167 Thread 0x0000021bf31a5da0 Exception <a 'java/lang/NoSuchMethodError'{0x00000000a48e05f0}: 'java.lang.Object java.lang.invoke.DirectMethodHandle$Holder.newInvokeSpecial(java.lang.Object, java.lang.Object, int)'> (0x00000000a48e05f0) 
thrown [s\src\hotspot\share\interpreter\linkResolver.cpp, line 771]
Event: 3.238 Thread 0x0000021bf31a5da0 Exception <a 'java/lang/NoSuchMethodError'{0x00000000a46a80c0}: 'java.lang.Object java.lang.invoke.DirectMethodHandle$Holder.newInvokeSpecial(java.lang.Object, java.lang.Object, java.lang.Object, int)'> (0x00000000a46a80c0) 
thrown [s\src\hotspot\share\interpreter\linkResolver.cpp, line 771]
Event: 3.239 Thread 0x0000021bf31a5da0 Exception <a 'java/lang/NoSuchMethodError'{0x00000000a46ac748}: 'java.lang.Object java.lang.invoke.DirectMethodHandle$Holder.invokeSpecial(java.lang.Object, java.lang.Object, java.lang.Object, java.lang.Object, int)'> (0x00000000a46ac748) 
thrown [s\src\hotspot\share\interpreter\linkResolver.cpp, line 771]
Event: 3.239 Thread 0x0000021bf31a5da0 Exception <a 'java/lang/NoSuchMethodError'{0x00000000a46b05b8}: 'java.lang.Object java.lang.invoke.Invokers$Holder.linkToTargetMethod(java.lang.Object, java.lang.Object, int, java.lang.Object)'> (0x00000000a46b05b8) 
thrown [s\src\hotspot\share\interpreter\linkResolver.cpp, line 771]
Event: 4.123 Thread 0x0000021bf31a5da0 Exception <a 'java/lang/NoSuchMethodError'{0x00000000a471d8b8}: 'java.lang.Object java.lang.invoke.DirectMethodHandle$Holder.newInvokeSpecial(java.lang.Object, java.lang.Object, java.lang.Object, java.lang.Object, java.lang.Object, java.lang.Object)'> (0x00000000a471d8b8) 
thrown [s\src\hotspot\share\interpreter\linkResolver.cpp, line 771]
Event: 4.240 Thread 0x0000021bf31a5da0 Exception <a 'java/lang/NoSuchMethodError'{0x00000000a62fac18}: 'java.lang.Object java.lang.invoke.DirectMethodHandle$Holder.invokeStaticInit(java.lang.Object, java.lang.Object, java.lang.Object)'> (0x00000000a62fac18) 
thrown [s\src\hotspot\share\interpreter\linkResolver.cpp, line 771]
Event: 5.220 Thread 0x0000021bf31a5da0 Exception <a 'java/lang/NoSuchMethodError'{0x00000000a57e5b58}: 'java.lang.Object java.lang.invoke.DirectMethodHandle$Holder.newInvokeSpecial(java.lang.Object, int, java.lang.Object)'> (0x00000000a57e5b58) 
thrown [s\src\hotspot\share\interpreter\linkResolver.cpp, line 771]
Event: 5.222 Thread 0x0000021bf31a5da0 Exception <a 'java/lang/NoSuchMethodError'{0x00000000a57ebf00}: 'int java.lang.invoke.DirectMethodHandle$Holder.invokeInterface(java.lang.Object, java.lang.Object)'> (0x00000000a57ebf00) 
thrown [s\src\hotspot\share\interpreter\linkResolver.cpp, line 771]
Event: 5.241 Thread 0x0000021bf31a5da0 Implicit null exception at 0x0000021b87b2b2ec to 0x0000021b87b2b4d0
Event: 5.241 Thread 0x0000021bf31a5da0 Implicit null exception at 0x0000021b87b2bd0f to 0x0000021b87b2bd85
Event: 5.451 Thread 0x0000021bf31a5da0 Exception <a 'java/lang/NoSuchMethodError'{0x00000000a68620d0}: 'int java.lang.invoke.DirectMethodHandle$Holder.invokeStaticInit(java.lang.Object, int)'> (0x00000000a68620d0) 
thrown [s\src\hotspot\share\interpreter\linkResolver.cpp, line 771]
Event: 5.661 Thread 0x0000021bf31a5da0 Implicit null exception at 0x0000021b87c87002 to 0x0000021b87c87268
Event: 6.250 Thread 0x0000021bf31a5da0 Exception <a 'java/lang/NoSuchMethodError'{0x00000000a578d500}: 'java.lang.Object java.lang.invoke.DirectMethodHandle$Holder.newInvokeSpecial(java.lang.Object, int, java.lang.Object, java.lang.Object)'> (0x00000000a578d500) 
thrown [s\src\hotspot\share\interpreter\linkResolver.cpp, line 771]

VM Operations (20 events):
Event: 5.304 Executing VM operation: ICBufferFull done
Event: 5.379 Executing VM operation: HandshakeAllThreads
Event: 5.379 Executing VM operation: HandshakeAllThreads done
Event: 5.386 Executing VM operation: G1CollectForAllocation
Event: 5.401 Executing VM operation: G1CollectForAllocation done
Event: 5.440 Executing VM operation: HandshakeAllThreads
Event: 5.440 Executing VM operation: HandshakeAllThreads done
Event: 5.454 Executing VM operation: HandshakeAllThreads
Event: 5.454 Executing VM operation: HandshakeAllThreads done
Event: 5.462 Executing VM operation: HandshakeAllThreads
Event: 5.462 Executing VM operation: HandshakeAllThreads done
Event: 5.516 Executing VM operation: HandshakeAllThreads
Event: 5.516 Executing VM operation: HandshakeAllThreads done
Event: 5.829 Executing VM operation: HandshakeAllThreads
Event: 5.829 Executing VM operation: HandshakeAllThreads done
Event: 5.832 Executing VM operation: G1CollectForAllocation
Event: 5.849 Executing VM operation: G1CollectForAllocation done
Event: 6.000 Executing VM operation: HandshakeAllThreads
Event: 6.000 Executing VM operation: HandshakeAllThreads done
Event: 6.267 Executing VM operation: G1CollectForAllocation

Events (20 events):
Event: 6.018 loading class jdk/internal/math/FloatingDecimal$ExceptionalBinaryToASCIIBuffer
Event: 6.018 loading class jdk/internal/math/FloatingDecimal$BinaryToASCIIConverter
Event: 6.019 loading class jdk/internal/math/FloatingDecimal$BinaryToASCIIConverter done
Event: 6.019 loading class jdk/internal/math/FloatingDecimal$ExceptionalBinaryToASCIIBuffer done
Event: 6.019 loading class jdk/internal/math/FloatingDecimal$BinaryToASCIIBuffer
Event: 6.019 loading class jdk/internal/math/FloatingDecimal$BinaryToASCIIBuffer done
Event: 6.019 loading class jdk/internal/math/FloatingDecimal$1
Event: 6.019 loading class jdk/internal/math/FloatingDecimal$1 done
Event: 6.019 loading class jdk/internal/math/FloatingDecimal$PreparedASCIIToBinaryBuffer
Event: 6.019 loading class jdk/internal/math/FloatingDecimal$ASCIIToBinaryConverter
Event: 6.019 loading class jdk/internal/math/FloatingDecimal$ASCIIToBinaryConverter done
Event: 6.019 loading class jdk/internal/math/FloatingDecimal$PreparedASCIIToBinaryBuffer done
Event: 6.020 loading class jdk/internal/math/FloatingDecimal$ASCIIToBinaryBuffer
Event: 6.020 loading class jdk/internal/math/FloatingDecimal$ASCIIToBinaryBuffer done
Event: 6.090 loading class java/util/regex/Pattern$Bound
Event: 6.090 loading class java/util/regex/Pattern$Bound done
Event: 6.090 loading class java/util/regex/Pattern$LookBehindEndNode
Event: 6.091 loading class java/util/regex/Pattern$LookBehindEndNode done
Event: 6.091 loading class java/util/regex/Pattern$NotBehind
Event: 6.091 loading class java/util/regex/Pattern$NotBehind done


Dynamic libraries:
0x00007ff694ca0000 - 0x00007ff694caa000 	C:\Program Files\Android\Android Studio\jbr\bin\java.exe
0x00007ffa22590000 - 0x00007ffa22785000 	C:\Windows\SYSTEM32\ntdll.dll
0x00007ffa20780000 - 0x00007ffa2083d000 	C:\Windows\System32\KERNEL32.DLL
0x00007ffa1fe70000 - 0x00007ffa20138000 	C:\Windows\System32\KERNELBASE.dll
0x00007ffa20380000 - 0x00007ffa20480000 	C:\Windows\System32\ucrtbase.dll
0x00007ffa16f10000 - 0x00007ffa16f27000 	C:\Program Files\Android\Android Studio\jbr\bin\jli.dll
0x00007ffa16950000 - 0x00007ffa1696b000 	C:\Program Files\Android\Android Studio\jbr\bin\VCRUNTIME140.dll
0x00007ffa21330000 - 0x00007ffa214d0000 	C:\Windows\System32\USER32.dll
0x00007ffa201c0000 - 0x00007ffa201e2000 	C:\Windows\System32\win32u.dll
0x00007ffa10de0000 - 0x00007ffa1107a000 	C:\Windows\WinSxS\amd64_microsoft.windows.common-controls_6595b64144ccf1df_6.0.19041.844_none_ca00b6081b84eb1d\COMCTL32.dll
0x00007ffa20910000 - 0x00007ffa2093a000 	C:\Windows\System32\GDI32.dll
0x00007ffa201f0000 - 0x00007ffa202fb000 	C:\Windows\System32\gdi32full.dll
0x00007ffa20590000 - 0x00007ffa2062d000 	C:\Windows\System32\msvcp_win.dll
0x00007ffa20940000 - 0x00007ffa209de000 	C:\Windows\System32\msvcrt.dll
0x00007ffa21300000 - 0x00007ffa21330000 	C:\Windows\System32\IMM32.DLL
0x00007ffa17c50000 - 0x00007ffa17c5c000 	C:\Program Files\Android\Android Studio\jbr\bin\vcruntime140_1.dll
0x00007ffa10960000 - 0x00007ffa109ed000 	C:\Program Files\Android\Android Studio\jbr\bin\msvcp140.dll
0x00007ff9e8c90000 - 0x00007ff9e9913000 	C:\Program Files\Android\Android Studio\jbr\bin\server\jvm.dll
0x00007ffa222b0000 - 0x00007ffa2235c000 	C:\Windows\System32\ADVAPI32.dll
0x00007ffa22360000 - 0x00007ffa223fb000 	C:\Windows\System32\sechost.dll
0x00007ffa220c0000 - 0x00007ffa221eb000 	C:\Windows\System32\RPCRT4.dll
0x00007ffa1fb80000 - 0x00007ffa1fbcb000 	C:\Windows\SYSTEM32\POWRPROF.dll
0x00007ffa18070000 - 0x00007ffa18079000 	C:\Windows\SYSTEM32\WSOCK32.dll
0x00007ffa14310000 - 0x00007ffa14337000 	C:\Windows\SYSTEM32\WINMM.dll
0x00007ffa14340000 - 0x00007ffa1434a000 	C:\Windows\SYSTEM32\VERSION.dll
0x00007ffa21280000 - 0x00007ffa212eb000 	C:\Windows\System32\WS2_32.dll
0x00007ffa1fb60000 - 0x00007ffa1fb72000 	C:\Windows\SYSTEM32\UMPDC.dll
0x00007ffa1dc50000 - 0x00007ffa1dc62000 	C:\Windows\SYSTEM32\kernel.appcore.dll
0x00007ffa17c40000 - 0x00007ffa17c4a000 	C:\Program Files\Android\Android Studio\jbr\bin\jimage.dll
0x00007ffa0c7d0000 - 0x00007ffa0c9b4000 	C:\Windows\SYSTEM32\DBGHELP.DLL
0x00007ffa0c640000 - 0x00007ffa0c66c000 	C:\Windows\SYSTEM32\dbgcore.DLL
0x00007ffa20140000 - 0x00007ffa201c0000 	C:\Windows\System32\bcryptPrimitives.dll
0x00007ffa17b40000 - 0x00007ffa17b65000 	C:\Program Files\Android\Android Studio\jbr\bin\java.dll
0x00007ffa175a0000 - 0x00007ffa175b8000 	C:\Program Files\Android\Android Studio\jbr\bin\zip.dll
0x00007ffa21970000 - 0x00007ffa220b2000 	C:\Windows\System32\SHELL32.dll
0x00007ffa1de50000 - 0x00007ffa1e5e1000 	C:\Windows\SYSTEM32\windows.storage.dll
0x00007ffa21590000 - 0x00007ffa218e5000 	C:\Windows\System32\combase.dll
0x00007ffa1f6b0000 - 0x00007ffa1f6dc000 	C:\Windows\SYSTEM32\Wldp.dll
0x00007ffa214e0000 - 0x00007ffa2158e000 	C:\Windows\System32\SHCORE.dll
0x00007ffa22400000 - 0x00007ffa22455000 	C:\Windows\System32\shlwapi.dll
0x00007ffa1fc50000 - 0x00007ffa1fc6f000 	C:\Windows\SYSTEM32\profapi.dll
0x00007ffa171f0000 - 0x00007ffa17209000 	C:\Program Files\Android\Android Studio\jbr\bin\net.dll
0x00007ffa119d0000 - 0x00007ffa11adb000 	C:\Windows\SYSTEM32\WINHTTP.dll
0x00007ffa1f420000 - 0x00007ffa1f48a000 	C:\Windows\system32\mswsock.dll
0x00007ffa17160000 - 0x00007ffa17176000 	C:\Program Files\Android\Android Studio\jbr\bin\nio.dll
0x00007ffa17230000 - 0x00007ffa17240000 	C:\Program Files\Android\Android Studio\jbr\bin\verify.dll

dbghelp: loaded successfully - version: 4.0.5 - missing functions: none
symbol engine: initialized successfully - sym options: 0x614 - pdb path: .;C:\Program Files\Android\Android Studio\jbr\bin;C:\Windows\SYSTEM32;C:\Windows\WinSxS\amd64_microsoft.windows.common-controls_6595b64144ccf1df_6.0.19041.844_none_ca00b6081b84eb1d;C:\Program Files\Android\Android Studio\jbr\bin\server

VM Arguments:
java_command: org.jetbrains.kotlin.cli.jvm.K2JVMCompiler @C:\Users\yahaira\AndroidStudioProjects\Prueba1\app\build\20240910_2757341664672853005.compiler.options
java_class_path (initial): C:\Users\yahaira\.gradle\caches\modules-2\files-2.1\org.jetbrains.kotlin\kotlin-compiler-embeddable\1.9.0\2c8c3a7402becca891f12739b3e9fd2dc2adbd7a\kotlin-compiler-embeddable-1.9.0.jar;C:\Users\yahaira\.gradle\caches\modules-2\files-2.1\org.jetbrains.kotlin\kotlin-stdlib\1.9.0\8ee15ef0c67dc83d874f412d84378d7f0eb50b63\kotlin-stdlib-1.9.0.jar;C:\Users\yahaira\.gradle\caches\modules-2\files-2.1\org.jetbrains.kotlin\kotlin-script-runtime\1.9.0\4b3102cbbb7e1b58d9d1adf89563f00069ffa7d1\kotlin-script-runtime-1.9.0.jar;C:\Users\yahaira\.gradle\caches\modules-2\files-2.1\org.jetbrains.kotlin\kotlin-reflect\1.6.10\1cbe9c92c12a94eea200d23c2bbaedaf3daf5132\kotlin-reflect-1.6.10.jar;C:\Users\yahaira\.gradle\caches\modules-2\files-2.1\org.jetbrains.kotlin\kotlin-daemon-embeddable\1.9.0\186543f5e28cf8d9a0290fecc2cf34301c40a65c\kotlin-daemon-embeddable-1.9.0.jar;C:\Users\yahaira\.gradle\caches\modules-2\files-2.1\org.jetbrains.intellij.deps\trove4j\1.0.20200330\3afb14d5f9ceb459d724e907a21145e8ff394f02\trove4j-1.0.20200330.jar;C:\Users\yahaira\.gradle\caches\modules-2\files-2.1\org.jetbrains.kotlin\kotlin-stdlib-common\1.9.0\cd65c21cfd1eec4d44ef09f9f52b6d9f8a720636\kotlin-stdlib-common-1.9.0.jar;C:\Users\yahaira\.gradle\caches\modules-2\files-2.1\org.jetbrains\annotations\13.0\919f0dfe192fb4e063e7dacadee7f8bb9a2672a9\annotations-13.0.jar
Launcher Type: SUN_STANDARD

[Global flags]
     intx CICompilerCount                          = 3                                         {product} {ergonomic}
     uint ConcGCThreads                            = 1                                         {product} {ergonomic}
     uint G1ConcRefinementThreads                  = 4                                         {product} {ergonomic}
   size_t G1HeapRegionSize                         = 1048576                                   {product} {ergonomic}
    uintx GCDrainStackTargetSize                   = 64                                        {product} {ergonomic}
   size_t InitialHeapSize                          = 100663296                                 {product} {ergonomic}
   size_t MarkStackSize                            = 4194304                                   {product} {ergonomic}
   size_t MaxHeapSize                              = 1579155456                                {product} {ergonomic}
   size_t MaxNewSize                               = 946864128                                 {product} {ergonomic}
   size_t MinHeapDeltaBytes                        = 1048576                                   {product} {ergonomic}
   size_t MinHeapSize                              = 8388608                                   {product} {ergonomic}
    uintx NonNMethodCodeHeapSize                   = 5832780                                {pd product} {ergonomic}
    uintx NonProfiledCodeHeapSize                  = 122912730                              {pd product} {ergonomic}
    uintx ProfiledCodeHeapSize                     = 122912730                              {pd product} {ergonomic}
    uintx ReservedCodeCacheSize                    = 251658240                              {pd product} {ergonomic}
     bool SegmentedCodeCache                       = true                                      {product} {ergonomic}
   size_t SoftMaxHeapSize                          = 1579155456                             {manageable} {ergonomic}
     bool UseCompressedClassPointers               = true                           {product lp64_product} {ergonomic}
     bool UseCompressedOops                        = true                           {product lp64_product} {ergonomic}
     bool UseG1GC                                  = true                                      {product} {ergonomic}
     bool UseLargePagesIndividualAllocation        = false                                  {pd product} {ergonomic}

Logging:
Log output configuration:
 #0: stdout all=warning uptime,level,tags
 #1: stderr all=off uptime,level,tags

Environment Variables:
PATH=C:\Windows\system32;C:\Windows;C:\Windows\System32\Wbem;C:\Windows\System32\WindowsPowerShell\v1.0\;C:\Windows\System32\OpenSSH\;C:\Program Files\Microsoft SQL Server\130\Tools\Binn\;C:\Program Files\Microsoft SQL Server\Client SDK\ODBC\170\Tools\Binn\;C:\Program Files (x86)\Microsoft SQL Server\160\Tools\Binn\;C:\Program Files\Microsoft SQL Server\160\Tools\Binn\;C:\Program Files\Microsoft SQL Server\160\DTS\Binn\;C:\Program Files (x86)\Microsoft SQL Server\160\DTS\Binn\;C:\Program Files\Azure Data Studio\bin;C:\Program Files\Git\cmd;C:\Program Files\MySQL\MySQL Shell 8.0\bin\;C:\Program Files\Azure Data Studio\bin;C:\Users\yahaira\AppData\Local\Programs\Microsoft VS Code\bin
USERNAME=yahaira
OS=Windows_NT
PROCESSOR_IDENTIFIER=AMD64 Family 23 Model 24 Stepping 1, AuthenticAMD
TMP=C:\Users\yahaira\AppData\Local\Temp
TEMP=C:\Users\yahaira\AppData\Local\Temp



Periodic native trim disabled

JNI global refs:
JNI global refs: 9, weak refs: 15

JNI global refs memory usage: 843, weak refs: 841

Process memory usage:
Resident Set Size: 229744K (3% of 6164744K total physical memory with 143692K free physical memory)

OOME stack traces (most recent first):
Classloader memory used:
Loader jdk.internal.loader.ClassLoaders$AppClassLoader                                 : 5572K
Loader bootstrap                                                                       : 1313K
Loader java.net.URLClassLoader                                                         : 27541B
Loader jdk.internal.reflect.DelegatingClassLoader                                      : 12832B


---------------  S Y S T E M  ---------------

OS:
 Windows 10 , 64 bit Build 19041 (10.0.19041.928)
OS uptime: 0 days 3:13 hours

CPU: total 4 (initial active 4) (4 cores per cpu, 2 threads per core) family 23 model 24 stepping 1 microcode 0x0, cx8, cmov, fxsr, ht, mmx, 3dnowpref, sse, sse2, sse3, ssse3, sse4a, sse4.1, sse4.2, popcnt, lzcnt, tsc, tscinvbit, avx, avx2, aes, clmul, bmi1, bmi2, adx, sha, fma, vzeroupper, clflush, clflushopt
Processor Information for all 4 processors :
  Max Mhz: 2600, Current Mhz: 2600, Mhz Limit: 2600

Memory: 4k page, system-wide physical 6020M (140M free)
TotalPageFile size 6020M (AvailPageFile size 38M)
current process WorkingSet (physical memory assigned to process): 223M, peak: 226M
current process commit charge ("private bytes"): 270M, peak: 407M

vm_info: OpenJDK 64-Bit Server VM (17.0.11+0--11852314) for windows-amd64 JRE (17.0.11+0--11852314), built on May 16 2024 21:29:20 by "androidbuild" with MS VC++ 16.10 / 16.11 (VS2019)

END.
