#
# There is insufficient memory for the Java Runtime Environment to continue.
# Native memory allocation (mmap) failed to map 100663296 bytes. Error detail: G1 virtual space
# Possible reasons:
#   The system is out of physical RAM or swap space
#   This process is running with CompressedOops enabled, and the Java Heap may be blocking the growth of the native heap
# Possible solutions:
#   Reduce memory load on the system
#   Increase physical memory or swap space
#   Check if swap backing store is full
#   Decrease Java heap size (-Xmx/-Xms)
#   Decrease number of Java threads
#   Decrease Java thread stack sizes (-Xss)
#   Set larger code cache with -XX:ReservedCodeCacheSize=
#   JVM is running with Unscaled Compressed Oops mode in which the Java heap is
#     placed in the first 4GB address space. The Java Heap base address is the
#     maximum limit for the native heap growth. Please use -XX:HeapBaseMinAddress
#     to set the Java Heap base and to place the Java Heap above 4GB virtual address.
# This output file may be truncated or incomplete.
#
#  Out of Memory Error (os_windows.cpp:3825), pid=6456, tid=5356
#
# JRE version:  (17.0.11) (build )
# Java VM: OpenJDK 64-Bit Server VM (17.0.11+0--11852314, mixed mode, sharing, tiered, compressed oops, compressed class ptrs, g1 gc, windows-amd64)
# No core dump will be written. Minidumps are not enabled by default on client versions of Windows
#

---------------  S U M M A R Y ------------

Command Line: -javaagent:C:\Program Files\Android\Android Studio\lib\idea_rt.jar=50245:C:\Program Files\Android\Android Studio\bin -Dfile.encoding=UTF-8 classes.VariablesKt

Host: AMD Ryzen 3 3200U with Radeon Vega Mobile Gfx  , 4 cores, 5G,  Windows 10 , 64 bit Build 19041 (10.0.19041.928)
Time: Fri Aug 30 07:41:35 2024 Hora de verano central (México) elapsed time: 0.214075 seconds (0d 0h 0m 0s)

---------------  T H R E A D  ---------------

Current thread (0x000002414b53ceb0):  JavaThread "Unknown thread" [_thread_in_vm, id=5356, stack(0x00000076a9700000,0x00000076a9800000)]

Stack: [0x00000076a9700000,0x00000076a9800000]
Native frames: (J=compiled Java code, j=interpreted, Vv=VM code, C=native code)
V  [jvm.dll+0x687bb9]
V  [jvm.dll+0x84142a]
V  [jvm.dll+0x8430ae]
V  [jvm.dll+0x843713]
V  [jvm.dll+0x24a35f]
V  [jvm.dll+0x684989]
V  [jvm.dll+0x67923a]
V  [jvm.dll+0x30af0b]
V  [jvm.dll+0x3123b6]
V  [jvm.dll+0x361dfe]
V  [jvm.dll+0x36202f]
V  [jvm.dll+0x2e0d38]
V  [jvm.dll+0x2e1ca4]
V  [jvm.dll+0x811f21]
V  [jvm.dll+0x36fb68]
V  [jvm.dll+0x7f0896]
V  [jvm.dll+0x3f3d2f]
V  [jvm.dll+0x3f58e1]
C  [jli.dll+0x528f]
C  [ucrtbase.dll+0x21bb2]
C  [KERNEL32.DLL+0x17034]
C  [ntdll.dll+0x52651]


---------------  P R O C E S S  ---------------

Threads class SMR info:
_java_thread_list=0x00007ffc7fdeefd8, length=0, elements={
}

Java Threads: ( => current thread )

Other Threads:
  0x000002414b5877e0 GCTaskThread "GC Thread#0" [stack: 0x00000076a9800000,0x00000076a9900000] [id=8888]
  0x000002414b594b10 ConcurrentGCThread "G1 Main Marker" [stack: 0x00000076a9900000,0x00000076a9a00000] [id=7740]
  0x000002414b595530 ConcurrentGCThread "G1 Conc#0" [stack: 0x00000076a9a00000,0x00000076a9b00000] [id=4920]

[error occurred during error reporting (printing all threads), id 0xc0000005, EXCEPTION_ACCESS_VIOLATION (0xc0000005) at pc=0x00007ffc7f5a1907]

VM state: not at safepoint (not fully initialized)

VM Mutex/Monitor currently owned by a thread:  ([mutex/lock_event])
[0x000002414b538020] Heap_lock - owner thread: 0x000002414b53ceb0

Heap address: 0x00000000a1e00000, size: 1506 MB, Compressed Oops mode: 32-bit

CDS archive(s) mapped at: [0x0000000000000000-0x0000000000000000-0x0000000000000000), size 0, SharedBaseAddress: 0x0000000800000000, ArchiveRelocationMode: 1.
Narrow klass base: 0x0000000000000000, Narrow klass shift: 0, Narrow klass range: 0x0

GC Precious Log:
<Empty>

Heap:
 garbage-first heap   total 0K, used 0K [0x00000000a1e00000, 0x0000000100000000)
  region size 1024K, 0 young (0K), 0 survivors (0K)
 Metaspace       used 0K, committed 0K, reserved 0K
  class space    used 0K, committed 0K, reserved 0K

Heap Regions: E=young(eden), S=young(survivor), O=old, HS=humongous(starts), HC=humongous(continues), CS=collection set, F=free, OA=open archive, CA=closed archive, TAMS=top-at-mark-start (previous, next)

Card table byte_map: [0x000002415dd10000,0x000002415e010000] _byte_map_base: 0x000002415d801000

Marking Bits (Prev, Next): (CMBitMap*) 0x000002414b587e00, (CMBitMap*) 0x000002414b587e40
 Prev Bits: [0x000002415e310000, 0x000002415fa98000)
 Next Bits: [0x000002415faa0000, 0x0000024161228000)

GC Heap History (0 events):
No events

Dll operation events (1 events):
Event: 0.182 Loaded shared library C:\Program Files\Android\Android Studio\jbr\bin\java.dll

Deoptimization events (0 events):
No events

Classes unloaded (0 events):
No events

Classes redefined (0 events):
No events

Internal exceptions (0 events):
No events

VM Operations (0 events):
No events

Events (0 events):
No events


Dynamic libraries:
0x00007ff6ac2e0000 - 0x00007ff6ac2ea000 	C:\Program Files\Android\Android Studio\jbr\bin\java.exe
0x00007ffca76b0000 - 0x00007ffca78a5000 	C:\Windows\SYSTEM32\ntdll.dll
0x00007ffca5e50000 - 0x00007ffca5f0d000 	C:\Windows\System32\KERNEL32.DLL
0x00007ffca50a0000 - 0x00007ffca5368000 	C:\Windows\System32\KERNELBASE.dll
0x00007ffca4fa0000 - 0x00007ffca50a0000 	C:\Windows\System32\ucrtbase.dll
0x00007ffc9a030000 - 0x00007ffc9a047000 	C:\Program Files\Android\Android Studio\jbr\bin\jli.dll
0x00007ffc9ee70000 - 0x00007ffc9ee8b000 	C:\Program Files\Android\Android Studio\jbr\bin\VCRUNTIME140.dll
0x00007ffca6e10000 - 0x00007ffca6fb0000 	C:\Windows\System32\USER32.dll
0x00007ffca5420000 - 0x00007ffca5442000 	C:\Windows\System32\win32u.dll
0x00007ffca5900000 - 0x00007ffca592a000 	C:\Windows\System32\GDI32.dll
0x00007ffca5450000 - 0x00007ffca555b000 	C:\Windows\System32\gdi32full.dll
0x00007ffca4eb0000 - 0x00007ffca4f4d000 	C:\Windows\System32\msvcp_win.dll
0x00007ffc954d0000 - 0x00007ffc9576a000 	C:\Windows\WinSxS\amd64_microsoft.windows.common-controls_6595b64144ccf1df_6.0.19041.844_none_ca00b6081b84eb1d\COMCTL32.dll
0x00007ffca5930000 - 0x00007ffca59ce000 	C:\Windows\System32\msvcrt.dll
0x00007ffca5bc0000 - 0x00007ffca5bf0000 	C:\Windows\System32\IMM32.DLL
0x00007ffc9e920000 - 0x00007ffc9e92c000 	C:\Program Files\Android\Android Studio\jbr\bin\vcruntime140_1.dll
0x00007ffc7ef00000 - 0x00007ffc7ef8d000 	C:\Program Files\Android\Android Studio\jbr\bin\msvcp140.dll
0x00007ffc7f2b0000 - 0x00007ffc7ff33000 	C:\Program Files\Android\Android Studio\jbr\bin\server\jvm.dll
0x00007ffca59f0000 - 0x00007ffca5a9c000 	C:\Windows\System32\ADVAPI32.dll
0x00007ffca6b60000 - 0x00007ffca6bfb000 	C:\Windows\System32\sechost.dll
0x00007ffca5d20000 - 0x00007ffca5e4b000 	C:\Windows\System32\RPCRT4.dll
0x00007ffca4ca0000 - 0x00007ffca4ceb000 	C:\Windows\SYSTEM32\POWRPROF.dll
0x00007ffc9e3d0000 - 0x00007ffc9e3d9000 	C:\Windows\SYSTEM32\WSOCK32.dll
0x00007ffc99bf0000 - 0x00007ffc99c17000 	C:\Windows\SYSTEM32\WINMM.dll
0x00007ffca7090000 - 0x00007ffca70fb000 	C:\Windows\System32\WS2_32.dll
0x00007ffc9af20000 - 0x00007ffc9af2a000 	C:\Windows\SYSTEM32\VERSION.dll
0x00007ffca4c80000 - 0x00007ffca4c92000 	C:\Windows\SYSTEM32\UMPDC.dll
0x00007ffca2d70000 - 0x00007ffca2d82000 	C:\Windows\SYSTEM32\kernel.appcore.dll
0x00007ffc9e3c0000 - 0x00007ffc9e3ca000 	C:\Program Files\Android\Android Studio\jbr\bin\jimage.dll
0x00007ffc92a70000 - 0x00007ffc92c54000 	C:\Windows\SYSTEM32\DBGHELP.DLL
0x00007ffc92610000 - 0x00007ffc9263c000 	C:\Windows\SYSTEM32\dbgcore.DLL
0x00007ffca4e30000 - 0x00007ffca4eb0000 	C:\Windows\System32\bcryptPrimitives.dll
0x00007ffc9a050000 - 0x00007ffc9a05e000 	C:\Program Files\Android\Android Studio\jbr\bin\instrument.dll
0x00007ffc9e390000 - 0x00007ffc9e3b5000 	C:\Program Files\Android\Android Studio\jbr\bin\java.dll

dbghelp: loaded successfully - version: 4.0.5 - missing functions: none
symbol engine: initialized successfully - sym options: 0x614 - pdb path: .;C:\Program Files\Android\Android Studio\jbr\bin;C:\Windows\SYSTEM32;C:\Windows\WinSxS\amd64_microsoft.windows.common-controls_6595b64144ccf1df_6.0.19041.844_none_ca00b6081b84eb1d;C:\Program Files\Android\Android Studio\jbr\bin\server

VM Arguments:
jvm_args: -javaagent:C:\Program Files\Android\Android Studio\lib\idea_rt.jar=50245:C:\Program Files\Android\Android Studio\bin -Dfile.encoding=UTF-8 
java_command: classes.VariablesKt
java_class_path (initial): C:\Users\yahaira\AppData\Local\Android\Sdk\platforms\android-34\android.jar;C:\Users\yahaira\AppData\Local\Android\Sdk\platforms\android-34\data\res;C:\Users\yahaira\AndroidStudioProjects\Prueba1\app\build\tmp\kotlin-classes\debug;C:\Users\yahaira\AndroidStudioProjects\Prueba1\app\build\intermediates\compile_and_runtime_not_namespaced_r_class_jar\debug\processDebugResources\R.jar;C:\Users\yahaira\AndroidStudioProjects\Prueba1\app\build\generated\res\resValues\debug;C:\Users\yahaira\.gradle\caches\transforms-4\6699b2bab2edc3c9f0baf844f832f85c\transformed\ui-tooling-release\jars\classes.jar;C:\Users\yahaira\.gradle\caches\transforms-4\6699b2bab2edc3c9f0baf844f832f85c\transformed\ui-tooling-release\res;C:\Users\yahaira\.gradle\caches\transforms-4\6699b2bab2edc3c9f0baf844f832f85c\transformed\ui-tooling-release\AndroidManifest.xml;C:\Users\yahaira\.gradle\caches\transforms-4\306b358acae06f84cfd7606263c035b6\transformed\runtime-release\jars\classes.jar;C:\Users\yahaira\.gradle\caches\transforms-4\306b358acae06f84cfd7606263c035b6\transformed\runtime-release\res;C:\Users\yahaira\.gradle\caches\transforms-4\306b358acae06f84cfd7606263c035b6\transformed\runtime-release\AndroidManifest.xml;C:\Users\yahaira\.gradle\caches\transforms-4\55585af19a68081051446d97889a8c5f\transformed\ui-release\jars\classes.jar;C:\Users\yahaira\.gradle\caches\transforms-4\55585af19a68081051446d97889a8c5f\transformed\ui-release\res;C:\Users\yahaira\.gradle\caches\transforms-4\55585af19a68081051446d97889a8c5f\transformed\ui-release\AndroidManifest.xml;C:\Users\yahaira\.gradle\caches\transforms-4\0fac1e76274be426f5935ad5fae715cb\transformed\runtime-saveable-release\jars\classes.jar;C:\Users\yahaira\.gradle\caches\transforms-4\0fac1e76274be426f5935ad5fae715cb\transformed\runtime-saveable-release\res;C:\Users\yahaira\.gradle\caches\transforms-4\0fac1e76274be426f5935ad5fae715cb\transformed\runtime-saveable-release\AndroidManifest.xml;C:\Users\yahaira\.gradle\caches\transforms-4
Launcher Type: SUN_STANDARD

[Global flags]
     intx CICompilerCount                          = 3                                         {product} {ergonomic}
     uint ConcGCThreads                            = 1                                         {product} {ergonomic}
     uint G1ConcRefinementThreads                  = 4                                         {product} {ergonomic}
   size_t G1HeapRegionSize                         = 1048576                                   {product} {ergonomic}
    uintx GCDrainStackTargetSize                   = 64                                        {product} {ergonomic}
   size_t InitialHeapSize                          = 100663296                                 {product} {ergonomic}
   size_t MarkStackSize                            = 4194304                                   {product} {ergonomic}
   size_t MaxHeapSize                              = 1579155456                                {product} {ergonomic}
   size_t MinHeapDeltaBytes                        = 1048576                                   {product} {ergonomic}
   size_t MinHeapSize                              = 8388608                                   {product} {ergonomic}
    uintx NonNMethodCodeHeapSize                   = 5832780                                {pd product} {ergonomic}
    uintx NonProfiledCodeHeapSize                  = 122912730                              {pd product} {ergonomic}
    uintx ProfiledCodeHeapSize                     = 122912730                              {pd product} {ergonomic}
    uintx ReservedCodeCacheSize                    = 251658240                              {pd product} {ergonomic}
     bool SegmentedCodeCache                       = true                                      {product} {ergonomic}
   size_t SoftMaxHeapSize                          = 1579155456                             {manageable} {ergonomic}
     bool UseCompressedClassPointers               = true                           {product lp64_product} {ergonomic}
     bool UseCompressedOops                        = true                           {product lp64_product} {ergonomic}
     bool UseG1GC                                  = true                                      {product} {ergonomic}
     bool UseLargePagesIndividualAllocation        = false                                  {pd product} {ergonomic}

Logging:
Log output configuration:
 #0: stdout all=warning uptime,level,tags
 #1: stderr all=off uptime,level,tags

Environment Variables:
PATH=C:\Windows\system32;C:\Windows;C:\Windows\System32\Wbem;C:\Windows\System32\WindowsPowerShell\v1.0\;C:\Windows\System32\OpenSSH\;C:\Program Files\Microsoft SQL Server\130\Tools\Binn\;C:\Program Files\Microsoft SQL Server\Client SDK\ODBC\170\Tools\Binn\;C:\Program Files (x86)\Microsoft SQL Server\160\Tools\Binn\;C:\Program Files\Microsoft SQL Server\160\Tools\Binn\;C:\Program Files\Microsoft SQL Server\160\DTS\Binn\;C:\Program Files (x86)\Microsoft SQL Server\160\DTS\Binn\;C:\Program Files\Azure Data Studio\bin;C:\Program Files\Git\cmd;C:\Program Files\MySQL\MySQL Shell 8.0\bin\;C:\Program Files\Azure Data Studio\bin;C:\Users\yahaira\AppData\Local\Programs\Microsoft VS Code\bin
USERNAME=yahaira
OS=Windows_NT
PROCESSOR_IDENTIFIER=AMD64 Family 23 Model 24 Stepping 1, AuthenticAMD
TMP=C:\Users\yahaira\AppData\Local\Temp
TEMP=C:\Users\yahaira\AppData\Local\Temp



Periodic native trim disabled

JNI global refs:
JNI global refs: 0, weak refs: 0

JNI global refs memory usage: 0, weak refs: 0

Process memory usage:
Resident Set Size: 10656K (0% of 6164744K total physical memory with 79456K free physical memory)

OOME stack traces (most recent first):
Classloader memory used:


---------------  S Y S T E M  ---------------

OS:
 Windows 10 , 64 bit Build 19041 (10.0.19041.928)
OS uptime: 0 days 0:27 hours

CPU: total 4 (initial active 4) (4 cores per cpu, 2 threads per core) family 23 model 24 stepping 1 microcode 0x0, cx8, cmov, fxsr, ht, mmx, 3dnowpref, sse, sse2, sse3, ssse3, sse4a, sse4.1, sse4.2, popcnt, lzcnt, tsc, tscinvbit, avx, avx2, aes, clmul, bmi1, bmi2, adx, sha, fma, vzeroupper, clflush, clflushopt
Processor Information for all 4 processors :
  Max Mhz: 2600, Current Mhz: 2600, Mhz Limit: 2600

Memory: 4k page, system-wide physical 6020M (77M free)
TotalPageFile size 6020M (AvailPageFile size 98M)
current process WorkingSet (physical memory assigned to process): 10M, peak: 10M
current process commit charge ("private bytes"): 51M, peak: 147M

vm_info: OpenJDK 64-Bit Server VM (17.0.11+0--11852314) for windows-amd64 JRE (17.0.11+0--11852314), built on May 16 2024 21:29:20 by "androidbuild" with MS VC++ 16.10 / 16.11 (VS2019)

END.
